<?xml version="1.0" encoding="UTF-8"?>
<coverage generated="1704437184829" clover="3.2.0">
  <project timestamp="1704437184830" name="All files">
    <metrics statements="834" coveredstatements="663" conditionals="202" coveredconditionals="131" methods="61" coveredmethods="50" elements="1097" coveredelements="844" complexity="0" loc="834" ncloc="834" packages="1" files="5" classes="5"/>
    <file name="board.ts" path="C:\Users\santi\OneDrive\Documents\repos\Chess-Library\src\board.ts">
      <metrics statements="114" coveredstatements="87" conditionals="16" coveredconditionals="9" methods="9" coveredmethods="6"/>
      <line num="1" count="1" type="stmt"/>
      <line num="2" count="1" type="stmt"/>
      <line num="3" count="1" type="stmt"/>
      <line num="4" count="1" type="stmt"/>
      <line num="5" count="1" type="stmt"/>
      <line num="6" count="1" type="stmt"/>
      <line num="7" count="1" type="stmt"/>
      <line num="8" count="1" type="stmt"/>
      <line num="9" count="1" type="cond" truecount="1" falsecount="0"/>
      <line num="10" count="1" type="stmt"/>
      <line num="11" count="1" type="stmt"/>
      <line num="12" count="1" type="stmt"/>
      <line num="13" count="1" type="stmt"/>
      <line num="14" count="1" type="cond" truecount="1" falsecount="0"/>
      <line num="15" count="1" type="stmt"/>
      <line num="16" count="1" type="stmt"/>
      <line num="17" count="1" type="cond" truecount="1" falsecount="0"/>
      <line num="18" count="8" type="stmt"/>
      <line num="19" count="8" type="stmt"/>
      <line num="20" count="8" type="stmt"/>
      <line num="21" count="8" type="stmt"/>
      <line num="22" count="8" type="stmt"/>
      <line num="23" count="1" type="stmt"/>
      <line num="24" count="1" type="stmt"/>
      <line num="25" count="1" type="stmt"/>
      <line num="26" count="1" type="stmt"/>
      <line num="27" count="1" type="stmt"/>
      <line num="28" count="1" type="stmt"/>
      <line num="29" count="1" type="stmt"/>
      <line num="30" count="1" type="stmt"/>
      <line num="31" count="1" type="stmt"/>
      <line num="32" count="1" type="stmt"/>
      <line num="33" count="1" type="stmt"/>
      <line num="34" count="1" type="stmt"/>
      <line num="35" count="1" type="stmt"/>
      <line num="36" count="1" type="stmt"/>
      <line num="37" count="1" type="stmt"/>
      <line num="38" count="1" type="stmt"/>
      <line num="39" count="1" type="stmt"/>
      <line num="40" count="1" type="stmt"/>
      <line num="41" count="1" type="cond" truecount="0" falsecount="1"/>
      <line num="42" count="0" type="stmt"/>
      <line num="43" count="0" type="stmt"/>
      <line num="44" count="1" type="stmt"/>
      <line num="45" count="1" type="stmt"/>
      <line num="46" count="1" type="stmt"/>
      <line num="47" count="1" type="stmt"/>
      <line num="48" count="0" type="stmt"/>
      <line num="49" count="0" type="stmt"/>
      <line num="50" count="1" type="stmt"/>
      <line num="51" count="1" type="stmt"/>
      <line num="52" count="0" type="stmt"/>
      <line num="53" count="0" type="stmt"/>
      <line num="54" count="0" type="stmt"/>
      <line num="55" count="0" type="stmt"/>
      <line num="56" count="0" type="stmt"/>
      <line num="57" count="0" type="stmt"/>
      <line num="58" count="0" type="stmt"/>
      <line num="59" count="0" type="stmt"/>
      <line num="60" count="0" type="stmt"/>
      <line num="61" count="0" type="stmt"/>
      <line num="62" count="0" type="stmt"/>
      <line num="63" count="0" type="stmt"/>
      <line num="64" count="0" type="stmt"/>
      <line num="65" count="1" type="stmt"/>
      <line num="66" count="1" type="stmt"/>
      <line num="67" count="1" type="stmt"/>
      <line num="68" count="1" type="stmt"/>
      <line num="69" count="1" type="cond" truecount="1" falsecount="0"/>
      <line num="70" count="5" type="stmt"/>
      <line num="71" count="5" type="stmt"/>
      <line num="72" count="1" type="stmt"/>
      <line num="73" count="1" type="stmt"/>
      <line num="74" count="1" type="cond" truecount="1" falsecount="0"/>
      <line num="75" count="32" type="stmt"/>
      <line num="76" count="32" type="stmt"/>
      <line num="77" count="32" type="stmt"/>
      <line num="78" count="32" type="cond" truecount="0" falsecount="1"/>
      <line num="79" count="0" type="stmt"/>
      <line num="80" count="0" type="stmt"/>
      <line num="81" count="32" type="stmt"/>
      <line num="82" count="1" type="stmt"/>
      <line num="83" count="1" type="stmt"/>
      <line num="84" count="0" type="stmt"/>
      <line num="85" count="0" type="stmt"/>
      <line num="86" count="1" type="stmt"/>
      <line num="87" count="1" type="cond" truecount="1" falsecount="0"/>
      <line num="88" count="4" type="stmt"/>
      <line num="89" count="4" type="stmt"/>
      <line num="90" count="4" type="cond" truecount="0" falsecount="1"/>
      <line num="91" count="4" type="stmt"/>
      <line num="92" count="4" type="cond" truecount="1" falsecount="1"/>
      <line num="93" count="0" type="stmt"/>
      <line num="94" count="4" type="cond" truecount="1" falsecount="1"/>
      <line num="95" count="0" type="stmt"/>
      <line num="96" count="0" type="stmt"/>
      <line num="97" count="4" type="stmt"/>
      <line num="98" count="4" type="stmt"/>
      <line num="99" count="4" type="stmt"/>
      <line num="100" count="4" type="cond" truecount="0" falsecount="1"/>
      <line num="101" count="0" type="stmt"/>
      <line num="102" count="0" type="stmt"/>
      <line num="103" count="4" type="stmt"/>
      <line num="104" count="1" type="stmt"/>
      <line num="105" count="1" type="cond" truecount="1" falsecount="0"/>
      <line num="106" count="1" type="stmt"/>
      <line num="107" count="0" type="cond" truecount="0" falsecount="1"/>
      <line num="108" count="1" type="stmt"/>
      <line num="109" count="1" type="stmt"/>
      <line num="110" count="1" type="stmt"/>
      <line num="111" count="1" type="stmt"/>
      <line num="112" count="1" type="stmt"/>
      <line num="113" count="1" type="stmt"/>
      <line num="114" count="1" type="stmt"/>
    </file>
    <file name="logger.ts" path="C:\Users\santi\OneDrive\Documents\repos\Chess-Library\src\logger.ts">
      <metrics statements="23" coveredstatements="23" conditionals="0" coveredconditionals="0" methods="0" coveredmethods="0"/>
      <line num="1" count="1" type="stmt"/>
      <line num="2" count="1" type="stmt"/>
      <line num="3" count="1" type="stmt"/>
      <line num="4" count="1" type="stmt"/>
      <line num="5" count="1" type="stmt"/>
      <line num="6" count="1" type="stmt"/>
      <line num="7" count="1" type="stmt"/>
      <line num="8" count="1" type="stmt"/>
      <line num="9" count="1" type="stmt"/>
      <line num="10" count="1" type="stmt"/>
      <line num="11" count="1" type="stmt"/>
      <line num="12" count="1" type="stmt"/>
      <line num="13" count="1" type="stmt"/>
      <line num="14" count="1" type="stmt"/>
      <line num="15" count="1" type="stmt"/>
      <line num="16" count="1" type="stmt"/>
      <line num="17" count="1" type="stmt"/>
      <line num="18" count="1" type="stmt"/>
      <line num="19" count="1" type="stmt"/>
      <line num="20" count="1" type="stmt"/>
      <line num="21" count="1" type="stmt"/>
      <line num="22" count="1" type="stmt"/>
      <line num="23" count="1" type="stmt"/>
    </file>
    <file name="pieceState.ts" path="C:\Users\santi\OneDrive\Documents\repos\Chess-Library\src\pieceState.ts">
      <metrics statements="545" coveredstatements="418" conditionals="156" coveredconditionals="99" methods="26" coveredmethods="21"/>
      <line num="1" count="1" type="stmt"/>
      <line num="2" count="1" type="stmt"/>
      <line num="3" count="1" type="stmt"/>
      <line num="4" count="1" type="stmt"/>
      <line num="5" count="1" type="stmt"/>
      <line num="6" count="1" type="stmt"/>
      <line num="7" count="1" type="stmt"/>
      <line num="8" count="1" type="stmt"/>
      <line num="9" count="1" type="stmt"/>
      <line num="10" count="1" type="stmt"/>
      <line num="11" count="1" type="cond" truecount="1" falsecount="0"/>
      <line num="12" count="1" type="stmt"/>
      <line num="13" count="1" type="stmt"/>
      <line num="14" count="1" type="stmt"/>
      <line num="15" count="1" type="stmt"/>
      <line num="16" count="1" type="cond" truecount="1" falsecount="0"/>
      <line num="17" count="4173" type="stmt"/>
      <line num="18" count="4173" type="cond" truecount="1" falsecount="0"/>
      <line num="19" count="4083" type="cond" truecount="1" falsecount="0"/>
      <line num="20" count="4173" type="cond" truecount="1" falsecount="0"/>
      <line num="21" count="90" type="stmt"/>
      <line num="22" count="90" type="stmt"/>
      <line num="23" count="4173" type="stmt"/>
      <line num="24" count="1" type="stmt"/>
      <line num="25" count="1" type="cond" truecount="1" falsecount="0"/>
      <line num="26" count="36" type="stmt"/>
      <line num="27" count="36" type="cond" truecount="0" falsecount="2"/>
      <line num="28" count="36" type="stmt"/>
      <line num="29" count="36" type="cond" truecount="0" falsecount="1"/>
      <line num="30" count="36" type="stmt"/>
      <line num="31" count="36" type="cond" truecount="0" falsecount="1"/>
      <line num="32" count="0" type="stmt"/>
      <line num="33" count="0" type="stmt"/>
      <line num="34" count="36" type="stmt"/>
      <line num="35" count="1" type="stmt"/>
      <line num="36" count="1" type="cond" truecount="1" falsecount="0"/>
      <line num="37" count="4" type="stmt"/>
      <line num="38" count="4" type="cond" truecount="0" falsecount="1"/>
      <line num="39" count="4" type="stmt"/>
      <line num="40" count="4" type="cond" truecount="0" falsecount="1"/>
      <line num="41" count="0" type="stmt"/>
      <line num="42" count="0" type="stmt"/>
      <line num="43" count="4" type="stmt"/>
      <line num="44" count="1" type="stmt"/>
      <line num="45" count="1" type="cond" truecount="1" falsecount="0"/>
      <line num="46" count="4" type="stmt"/>
      <line num="47" count="4" type="cond" truecount="0" falsecount="1"/>
      <line num="48" count="4" type="cond" truecount="0" falsecount="1"/>
      <line num="49" count="4" type="stmt"/>
      <line num="50" count="4" type="stmt"/>
      <line num="51" count="4" type="cond" truecount="0" falsecount="1"/>
      <line num="52" count="4" type="cond" truecount="0" falsecount="2"/>
      <line num="53" count="4" type="cond" truecount="0" falsecount="1"/>
      <line num="54" count="4" type="cond" truecount="0" falsecount="1"/>
      <line num="55" count="4" type="stmt"/>
      <line num="56" count="4" type="stmt"/>
      <line num="57" count="4" type="stmt"/>
      <line num="58" count="4" type="stmt"/>
      <line num="59" count="4" type="cond" truecount="0" falsecount="1"/>
      <line num="60" count="4" type="cond" truecount="1" falsecount="0"/>
      <line num="61" count="10" type="cond" truecount="1" falsecount="0"/>
      <line num="62" count="4" type="stmt"/>
      <line num="63" count="4" type="stmt"/>
      <line num="64" count="4" type="stmt"/>
      <line num="65" count="4" type="stmt"/>
      <line num="66" count="4" type="stmt"/>
      <line num="67" count="4" type="cond" truecount="0" falsecount="1"/>
      <line num="68" count="4" type="stmt"/>
      <line num="69" count="4" type="cond" truecount="0" falsecount="1"/>
      <line num="70" count="0" type="stmt"/>
      <line num="71" count="0" type="stmt"/>
      <line num="72" count="0" type="stmt"/>
      <line num="73" count="0" type="stmt"/>
      <line num="74" count="0" type="stmt"/>
      <line num="75" count="0" type="stmt"/>
      <line num="76" count="0" type="stmt"/>
      <line num="77" count="0" type="stmt"/>
      <line num="78" count="0" type="stmt"/>
      <line num="79" count="0" type="stmt"/>
      <line num="80" count="0" type="stmt"/>
      <line num="81" count="0" type="stmt"/>
      <line num="82" count="0" type="stmt"/>
      <line num="83" count="0" type="stmt"/>
      <line num="84" count="0" type="stmt"/>
      <line num="85" count="0" type="stmt"/>
      <line num="86" count="0" type="stmt"/>
      <line num="87" count="0" type="stmt"/>
      <line num="88" count="4" type="stmt"/>
      <line num="89" count="4" type="cond" truecount="0" falsecount="1"/>
      <line num="90" count="0" type="stmt"/>
      <line num="91" count="0" type="stmt"/>
      <line num="92" count="4" type="stmt"/>
      <line num="93" count="4" type="stmt"/>
      <line num="94" count="4" type="stmt"/>
      <line num="95" count="4" type="stmt"/>
      <line num="96" count="4" type="cond" truecount="0" falsecount="1"/>
      <line num="97" count="0" type="stmt"/>
      <line num="98" count="0" type="stmt"/>
      <line num="99" count="4" type="stmt"/>
      <line num="100" count="1" type="stmt"/>
      <line num="101" count="1" type="stmt"/>
      <line num="102" count="0" type="stmt"/>
      <line num="103" count="0" type="stmt"/>
      <line num="104" count="0" type="stmt"/>
      <line num="105" count="0" type="stmt"/>
      <line num="106" count="0" type="stmt"/>
      <line num="107" count="0" type="stmt"/>
      <line num="108" count="0" type="stmt"/>
      <line num="109" count="0" type="stmt"/>
      <line num="110" count="0" type="stmt"/>
      <line num="111" count="0" type="stmt"/>
      <line num="112" count="0" type="stmt"/>
      <line num="113" count="0" type="stmt"/>
      <line num="114" count="0" type="stmt"/>
      <line num="115" count="0" type="stmt"/>
      <line num="116" count="0" type="stmt"/>
      <line num="117" count="0" type="stmt"/>
      <line num="118" count="0" type="stmt"/>
      <line num="119" count="0" type="stmt"/>
      <line num="120" count="0" type="stmt"/>
      <line num="121" count="0" type="stmt"/>
      <line num="122" count="0" type="stmt"/>
      <line num="123" count="0" type="stmt"/>
      <line num="124" count="0" type="stmt"/>
      <line num="125" count="0" type="stmt"/>
      <line num="126" count="1" type="stmt"/>
      <line num="127" count="1" type="stmt"/>
      <line num="128" count="0" type="stmt"/>
      <line num="129" count="0" type="stmt"/>
      <line num="130" count="0" type="stmt"/>
      <line num="131" count="0" type="stmt"/>
      <line num="132" count="0" type="stmt"/>
      <line num="133" count="0" type="stmt"/>
      <line num="134" count="0" type="stmt"/>
      <line num="135" count="0" type="stmt"/>
      <line num="136" count="1" type="stmt"/>
      <line num="137" count="1" type="cond" truecount="1" falsecount="0"/>
      <line num="138" count="540" type="stmt"/>
      <line num="139" count="540" type="stmt"/>
      <line num="140" count="540" type="stmt"/>
      <line num="141" count="540" type="cond" truecount="0" falsecount="1"/>
      <line num="142" count="540" type="stmt"/>
      <line num="143" count="540" type="cond" truecount="1" falsecount="0"/>
      <line num="144" count="288" type="stmt"/>
      <line num="145" count="288" type="stmt"/>
      <line num="146" count="540" type="cond" truecount="1" falsecount="0"/>
      <line num="147" count="72" type="stmt"/>
      <line num="148" count="72" type="stmt"/>
      <line num="149" count="540" type="cond" truecount="1" falsecount="0"/>
      <line num="150" count="72" type="stmt"/>
      <line num="151" count="72" type="stmt"/>
      <line num="152" count="540" type="cond" truecount="1" falsecount="0"/>
      <line num="153" count="72" type="stmt"/>
      <line num="154" count="72" type="stmt"/>
      <line num="155" count="540" type="cond" truecount="1" falsecount="0"/>
      <line num="156" count="36" type="stmt"/>
      <line num="157" count="36" type="stmt"/>
      <line num="158" count="540" type="cond" truecount="0" falsecount="1"/>
      <line num="159" count="0" type="stmt"/>
      <line num="160" count="0" type="stmt"/>
      <line num="161" count="540" type="cond" truecount="0" falsecount="1"/>
      <line num="162" count="0" type="stmt"/>
      <line num="163" count="540" type="stmt"/>
      <line num="164" count="540" type="stmt"/>
      <line num="165" count="540" type="cond" truecount="0" falsecount="1"/>
      <line num="166" count="0" type="stmt"/>
      <line num="167" count="0" type="stmt"/>
      <line num="168" count="540" type="stmt"/>
      <line num="169" count="1" type="stmt"/>
      <line num="170" count="1" type="cond" truecount="1" falsecount="0"/>
      <line num="171" count="288" type="stmt"/>
      <line num="172" count="288" type="stmt"/>
      <line num="173" count="288" type="stmt"/>
      <line num="174" count="288" type="cond" truecount="2" falsecount="0"/>
      <line num="175" count="288" type="stmt"/>
      <line num="176" count="288" type="stmt"/>
      <line num="177" count="288" type="stmt"/>
      <line num="178" count="288" type="stmt"/>
      <line num="179" count="288" type="stmt"/>
      <line num="180" count="288" type="stmt"/>
      <line num="181" count="288" type="cond" truecount="1" falsecount="1"/>
      <line num="182" count="288" type="stmt"/>
      <line num="183" count="288" type="cond" truecount="1" falsecount="1"/>
      <line num="184" count="288" type="stmt"/>
      <line num="185" count="288" type="cond" truecount="1" falsecount="0"/>
      <line num="186" count="144" type="cond" truecount="2" falsecount="0"/>
      <line num="187" count="120" type="stmt"/>
      <line num="188" count="120" type="cond" truecount="1" falsecount="0"/>
      <line num="189" count="120" type="stmt"/>
      <line num="190" count="144" type="stmt"/>
      <line num="191" count="144" type="cond" truecount="2" falsecount="0"/>
      <line num="192" count="132" type="stmt"/>
      <line num="193" count="132" type="stmt"/>
      <line num="194" count="132" type="stmt"/>
      <line num="195" count="144" type="stmt"/>
      <line num="196" count="288" type="stmt"/>
      <line num="197" count="288" type="stmt"/>
      <line num="198" count="288" type="cond" truecount="0" falsecount="1"/>
      <line num="199" count="0" type="stmt"/>
      <line num="200" count="0" type="stmt"/>
      <line num="201" count="288" type="stmt"/>
      <line num="202" count="288" type="stmt"/>
      <line num="203" count="1" type="stmt"/>
      <line num="204" count="1" type="cond" truecount="1" falsecount="0"/>
      <line num="205" count="18" type="stmt"/>
      <line num="206" count="18" type="stmt"/>
      <line num="207" count="18" type="stmt"/>
      <line num="208" count="18" type="stmt"/>
      <line num="209" count="18" type="stmt"/>
      <line num="210" count="18" type="stmt"/>
      <line num="211" count="18" type="stmt"/>
      <line num="212" count="18" type="stmt"/>
      <line num="213" count="18" type="cond" truecount="0" falsecount="2"/>
      <line num="214" count="0" type="stmt"/>
      <line num="215" count="0" type="stmt"/>
      <line num="216" count="18" type="cond" truecount="0" falsecount="1"/>
      <line num="217" count="0" type="stmt"/>
      <line num="218" count="0" type="stmt"/>
      <line num="219" count="18" type="stmt"/>
      <line num="220" count="0" type="cond" truecount="0" falsecount="1"/>
      <line num="221" count="0" type="stmt"/>
      <line num="222" count="0" type="stmt"/>
      <line num="223" count="0" type="stmt"/>
      <line num="224" count="0" type="stmt"/>
      <line num="225" count="0" type="stmt"/>
      <line num="226" count="0" type="stmt"/>
      <line num="227" count="0" type="stmt"/>
      <line num="228" count="0" type="stmt"/>
      <line num="229" count="0" type="stmt"/>
      <line num="230" count="18" type="stmt"/>
      <line num="231" count="18" type="stmt"/>
      <line num="232" count="18" type="stmt"/>
      <line num="233" count="18" type="stmt"/>
      <line num="234" count="18" type="stmt"/>
      <line num="235" count="1" type="stmt"/>
      <line num="236" count="1" type="cond" truecount="1" falsecount="0"/>
      <line num="237" count="74" type="stmt"/>
      <line num="238" count="74" type="stmt"/>
      <line num="239" count="74" type="cond" truecount="1" falsecount="0"/>
      <line num="240" count="148" type="cond" truecount="1" falsecount="0"/>
      <line num="241" count="296" type="stmt"/>
      <line num="242" count="296" type="stmt"/>
      <line num="243" count="296" type="cond" truecount="5" falsecount="0"/>
      <line num="244" count="44" type="stmt"/>
      <line num="245" count="44" type="stmt"/>
      <line num="246" count="296" type="cond" truecount="5" falsecount="0"/>
      <line num="247" count="138" type="stmt"/>
      <line num="248" count="138" type="stmt"/>
      <line num="249" count="296" type="stmt"/>
      <line num="250" count="148" type="stmt"/>
      <line num="251" count="74" type="stmt"/>
      <line num="252" count="74" type="cond" truecount="0" falsecount="1"/>
      <line num="253" count="0" type="stmt"/>
      <line num="254" count="0" type="stmt"/>
      <line num="255" count="74" type="stmt"/>
      <line num="256" count="74" type="stmt"/>
      <line num="257" count="1" type="stmt"/>
      <line num="258" count="1" type="cond" truecount="1" falsecount="0"/>
      <line num="259" count="74" type="stmt"/>
      <line num="260" count="74" type="stmt"/>
      <line num="261" count="74" type="stmt"/>
      <line num="262" count="1" type="stmt"/>
      <line num="263" count="1" type="cond" truecount="1" falsecount="0"/>
      <line num="264" count="74" type="stmt"/>
      <line num="265" count="74" type="stmt"/>
      <line num="266" count="74" type="stmt"/>
      <line num="267" count="1" type="stmt"/>
      <line num="268" count="1" type="cond" truecount="1" falsecount="0"/>
      <line num="269" count="36" type="stmt"/>
      <line num="270" count="36" type="stmt"/>
      <line num="271" count="36" type="stmt"/>
      <line num="272" count="1" type="stmt"/>
      <line num="273" count="1" type="cond" truecount="1" falsecount="0"/>
      <line num="274" count="202" type="stmt"/>
      <line num="275" count="202" type="stmt"/>
      <line num="276" count="202" type="stmt"/>
      <line num="277" count="202" type="cond" truecount="1" falsecount="0"/>
      <line num="278" count="1024" type="cond" truecount="1" falsecount="0"/>
      <line num="279" count="1172" type="stmt"/>
      <line num="280" count="1172" type="cond" truecount="1" falsecount="0"/>
      <line num="281" count="1172" type="cond" truecount="2" falsecount="0"/>
      <line num="282" count="164" type="stmt"/>
      <line num="283" count="164" type="stmt"/>
      <line num="284" count="164" type="stmt"/>
      <line num="285" count="1172" type="cond" truecount="4" falsecount="0"/>
      <line num="286" count="226" type="stmt"/>
      <line num="287" count="226" type="stmt"/>
      <line num="288" count="1172" type="cond" truecount="1" falsecount="0"/>
      <line num="289" count="294" type="stmt"/>
      <line num="290" count="294" type="stmt"/>
      <line num="291" count="1024" type="stmt"/>
      <line num="292" count="202" type="stmt"/>
      <line num="293" count="202" type="cond" truecount="0" falsecount="1"/>
      <line num="294" count="0" type="stmt"/>
      <line num="295" count="0" type="stmt"/>
      <line num="296" count="202" type="stmt"/>
      <line num="297" count="202" type="stmt"/>
      <line num="298" count="1" type="stmt"/>
      <line num="299" count="1" type="cond" truecount="1" falsecount="0"/>
      <line num="300" count="9" type="stmt"/>
      <line num="301" count="9" type="stmt"/>
      <line num="302" count="9" type="stmt"/>
      <line num="303" count="9" type="stmt"/>
      <line num="304" count="9" type="stmt"/>
      <line num="305" count="9" type="stmt"/>
      <line num="306" count="9" type="stmt"/>
      <line num="307" count="9" type="stmt"/>
      <line num="308" count="9" type="cond" truecount="1" falsecount="0"/>
      <line num="309" count="288" type="stmt"/>
      <line num="310" count="288" type="stmt"/>
      <line num="311" count="288" type="stmt"/>
      <line num="312" count="288" type="cond" truecount="0" falsecount="1"/>
      <line num="313" count="288" type="cond" truecount="0" falsecount="1"/>
      <line num="314" count="0" type="stmt"/>
      <line num="315" count="0" type="stmt"/>
      <line num="316" count="288" type="cond" truecount="1" falsecount="0"/>
      <line num="317" count="18" type="cond" truecount="1" falsecount="0"/>
      <line num="318" count="9" type="stmt"/>
      <line num="319" count="9" type="stmt"/>
      <line num="320" count="18" type="cond" truecount="1" falsecount="0"/>
      <line num="321" count="288" type="cond" truecount="1" falsecount="0"/>
      <line num="322" count="270" type="stmt"/>
      <line num="323" count="270" type="stmt"/>
      <line num="324" count="270" type="cond" truecount="1" falsecount="0"/>
      <line num="325" count="270" type="cond" truecount="1" falsecount="0"/>
      <line num="326" count="270" type="stmt"/>
      <line num="327" count="288" type="stmt"/>
      <line num="328" count="9" type="stmt"/>
      <line num="329" count="9" type="cond" truecount="0" falsecount="1"/>
      <line num="330" count="9" type="cond" truecount="0" falsecount="1"/>
      <line num="331" count="9" type="stmt"/>
      <line num="332" count="9" type="stmt"/>
      <line num="333" count="9" type="stmt"/>
      <line num="334" count="9" type="stmt"/>
      <line num="335" count="9" type="cond" truecount="1" falsecount="0"/>
      <line num="336" count="2" type="stmt"/>
      <line num="337" count="2" type="cond" truecount="0" falsecount="1"/>
      <line num="338" count="2" type="cond" truecount="0" falsecount="1"/>
      <line num="339" count="2" type="cond" truecount="0" falsecount="1"/>
      <line num="340" count="2" type="stmt"/>
      <line num="341" count="2" type="stmt"/>
      <line num="342" count="2" type="stmt"/>
      <line num="343" count="2" type="stmt"/>
      <line num="344" count="2" type="cond" truecount="0" falsecount="1"/>
      <line num="345" count="0" type="stmt"/>
      <line num="346" count="2" type="stmt"/>
      <line num="347" count="2" type="cond" truecount="1" falsecount="0"/>
      <line num="348" count="4" type="stmt"/>
      <line num="349" count="4" type="cond" truecount="0" falsecount="1"/>
      <line num="350" count="0" type="stmt"/>
      <line num="351" count="0" type="stmt"/>
      <line num="352" count="4" type="stmt"/>
      <line num="353" count="4" type="stmt"/>
      <line num="354" count="4" type="stmt"/>
      <line num="355" count="4" type="stmt"/>
      <line num="356" count="4" type="stmt"/>
      <line num="357" count="4" type="cond" truecount="1" falsecount="0"/>
      <line num="358" count="2" type="stmt"/>
      <line num="359" count="2" type="cond" truecount="0" falsecount="1"/>
      <line num="360" count="0" type="stmt"/>
      <line num="361" count="0" type="stmt"/>
      <line num="362" count="4" type="stmt"/>
      <line num="363" count="4" type="cond" truecount="0" falsecount="1"/>
      <line num="364" count="2" type="cond" truecount="1" falsecount="0"/>
      <line num="365" count="4" type="cond" truecount="0" falsecount="1"/>
      <line num="366" count="4" type="cond" truecount="0" falsecount="1"/>
      <line num="367" count="0" type="stmt"/>
      <line num="368" count="0" type="stmt"/>
      <line num="369" count="4" type="stmt"/>
      <line num="370" count="4" type="stmt"/>
      <line num="371" count="0" type="cond" truecount="0" falsecount="1"/>
      <line num="372" count="0" type="stmt"/>
      <line num="373" count="2" type="cond" truecount="0" falsecount="1"/>
      <line num="374" count="0" type="stmt"/>
      <line num="375" count="0" type="stmt"/>
      <line num="376" count="9" type="stmt"/>
      <line num="377" count="9" type="stmt"/>
      <line num="378" count="9" type="cond" truecount="1" falsecount="0"/>
      <line num="379" count="2" type="stmt"/>
      <line num="380" count="2" type="stmt"/>
      <line num="381" count="9" type="stmt"/>
      <line num="382" count="1" type="stmt"/>
      <line num="383" count="1" type="cond" truecount="1" falsecount="0"/>
      <line num="384" count="2" type="stmt"/>
      <line num="385" count="2" type="stmt"/>
      <line num="386" count="2" type="stmt"/>
      <line num="387" count="2" type="stmt"/>
      <line num="388" count="2" type="stmt"/>
      <line num="389" count="2" type="stmt"/>
      <line num="390" count="2" type="stmt"/>
      <line num="391" count="2" type="stmt"/>
      <line num="392" count="2" type="stmt"/>
      <line num="393" count="2" type="stmt"/>
      <line num="394" count="2" type="stmt"/>
      <line num="395" count="2" type="stmt"/>
      <line num="396" count="2" type="stmt"/>
      <line num="397" count="2" type="stmt"/>
      <line num="398" count="2" type="stmt"/>
      <line num="399" count="2" type="stmt"/>
      <line num="400" count="2" type="stmt"/>
      <line num="401" count="2" type="cond" truecount="1" falsecount="0"/>
      <line num="402" count="6" type="cond" truecount="1" falsecount="0"/>
      <line num="403" count="10" type="stmt"/>
      <line num="404" count="10" type="cond" truecount="1" falsecount="0"/>
      <line num="405" count="2" type="cond" truecount="1" falsecount="0"/>
      <line num="406" count="2" type="stmt"/>
      <line num="407" count="10" type="cond" truecount="0" falsecount="1"/>
      <line num="408" count="2" type="cond" truecount="1" falsecount="0"/>
      <line num="409" count="10" type="cond" truecount="0" falsecount="1"/>
      <line num="410" count="10" type="cond" truecount="3" falsecount="0"/>
      <line num="411" count="2" type="cond" truecount="0" falsecount="1"/>
      <line num="412" count="0" type="stmt"/>
      <line num="413" count="2" type="stmt"/>
      <line num="414" count="2" type="stmt"/>
      <line num="415" count="2" type="stmt"/>
      <line num="416" count="2" type="stmt"/>
      <line num="417" count="2" type="stmt"/>
      <line num="418" count="6" type="stmt"/>
      <line num="419" count="6" type="stmt"/>
      <line num="420" count="2" type="stmt"/>
      <line num="421" count="2" type="stmt"/>
      <line num="422" count="2" type="stmt"/>
      <line num="423" count="2" type="stmt"/>
      <line num="424" count="2" type="stmt"/>
      <line num="425" count="2" type="stmt"/>
      <line num="426" count="2" type="stmt"/>
      <line num="427" count="2" type="cond" truecount="0" falsecount="1"/>
      <line num="428" count="0" type="stmt"/>
      <line num="429" count="0" type="stmt"/>
      <line num="430" count="2" type="stmt"/>
      <line num="431" count="1" type="stmt"/>
      <line num="432" count="1" type="cond" truecount="1" falsecount="0"/>
      <line num="433" count="2" type="stmt"/>
      <line num="434" count="2" type="stmt"/>
      <line num="435" count="2" type="cond" truecount="0" falsecount="1"/>
      <line num="436" count="0" type="stmt"/>
      <line num="437" count="0" type="stmt"/>
      <line num="438" count="2" type="cond" truecount="0" falsecount="1"/>
      <line num="439" count="0" type="stmt"/>
      <line num="440" count="2" type="stmt"/>
      <line num="441" count="2" type="cond" truecount="0" falsecount="1"/>
      <line num="442" count="0" type="stmt"/>
      <line num="443" count="0" type="stmt"/>
      <line num="444" count="2" type="stmt"/>
      <line num="445" count="2" type="stmt"/>
      <line num="446" count="2" type="stmt"/>
      <line num="447" count="2" type="stmt"/>
      <line num="448" count="2" type="cond" truecount="0" falsecount="1"/>
      <line num="449" count="0" type="stmt"/>
      <line num="450" count="2" type="stmt"/>
      <line num="451" count="2" type="cond" truecount="1" falsecount="0"/>
      <line num="452" count="16" type="stmt"/>
      <line num="453" count="16" type="cond" truecount="1" falsecount="0"/>
      <line num="454" count="128" type="stmt"/>
      <line num="455" count="128" type="cond" truecount="1" falsecount="0"/>
      <line num="456" count="32" type="cond" truecount="1" falsecount="0"/>
      <line num="457" count="32" type="stmt"/>
      <line num="458" count="128" type="cond" truecount="1" falsecount="0"/>
      <line num="459" count="16" type="stmt"/>
      <line num="460" count="16" type="stmt"/>
      <line num="461" count="16" type="stmt"/>
      <line num="462" count="16" type="stmt"/>
      <line num="463" count="128" type="cond" truecount="1" falsecount="1"/>
      <line num="464" count="16" type="cond" truecount="1" falsecount="0"/>
      <line num="465" count="128" type="cond" truecount="3" falsecount="0"/>
      <line num="466" count="16" type="cond" truecount="1" falsecount="0"/>
      <line num="467" count="16" type="stmt"/>
      <line num="468" count="16" type="stmt"/>
      <line num="469" count="128" type="cond" truecount="0" falsecount="1"/>
      <line num="470" count="0" type="stmt"/>
      <line num="471" count="0" type="stmt"/>
      <line num="472" count="0" type="stmt"/>
      <line num="473" count="0" type="stmt"/>
      <line num="474" count="128" type="stmt"/>
      <line num="475" count="128" type="stmt"/>
      <line num="476" count="16" type="stmt"/>
      <line num="477" count="2" type="stmt"/>
      <line num="478" count="2" type="stmt"/>
      <line num="479" count="2" type="stmt"/>
      <line num="480" count="2" type="stmt"/>
      <line num="481" count="2" type="stmt"/>
      <line num="482" count="2" type="stmt"/>
      <line num="483" count="2" type="stmt"/>
      <line num="484" count="2" type="stmt"/>
      <line num="485" count="1" type="stmt"/>
      <line num="486" count="1" type="stmt"/>
      <line num="487" count="0" type="stmt"/>
      <line num="488" count="0" type="stmt"/>
      <line num="489" count="0" type="stmt"/>
      <line num="490" count="0" type="stmt"/>
      <line num="491" count="0" type="stmt"/>
      <line num="492" count="0" type="stmt"/>
      <line num="493" count="0" type="stmt"/>
      <line num="494" count="0" type="stmt"/>
      <line num="495" count="0" type="stmt"/>
      <line num="496" count="0" type="stmt"/>
      <line num="497" count="0" type="stmt"/>
      <line num="498" count="0" type="stmt"/>
      <line num="499" count="1" type="stmt"/>
      <line num="500" count="1" type="stmt"/>
      <line num="501" count="1" type="stmt"/>
      <line num="502" count="1" type="stmt"/>
      <line num="503" count="1" type="stmt"/>
      <line num="504" count="1" type="stmt"/>
      <line num="505" count="1" type="stmt"/>
      <line num="506" count="1" type="cond" truecount="1" falsecount="0"/>
      <line num="507" count="20" type="stmt"/>
      <line num="508" count="20" type="stmt"/>
      <line num="509" count="1" type="stmt"/>
      <line num="510" count="1" type="stmt"/>
      <line num="511" count="0" type="stmt"/>
      <line num="512" count="0" type="stmt"/>
      <line num="513" count="1" type="stmt"/>
      <line num="514" count="1" type="cond" truecount="1" falsecount="0"/>
      <line num="515" count="270" type="stmt"/>
      <line num="516" count="270" type="cond" truecount="1" falsecount="0"/>
      <line num="517" count="666" type="stmt"/>
      <line num="518" count="666" type="stmt"/>
      <line num="519" count="270" type="cond" truecount="0" falsecount="1"/>
      <line num="520" count="0" type="stmt"/>
      <line num="521" count="0" type="stmt"/>
      <line num="522" count="270" type="stmt"/>
      <line num="523" count="270" type="stmt"/>
      <line num="524" count="1" type="stmt"/>
      <line num="525" count="1" type="stmt"/>
      <line num="526" count="0" type="stmt"/>
      <line num="527" count="0" type="stmt"/>
      <line num="528" count="1" type="stmt"/>
      <line num="529" count="1" type="cond" truecount="1" falsecount="0"/>
      <line num="530" count="24" type="stmt"/>
      <line num="531" count="24" type="stmt"/>
      <line num="532" count="1" type="stmt"/>
      <line num="533" count="1" type="stmt"/>
      <line num="534" count="1" type="stmt"/>
      <line num="535" count="2948" type="cond" truecount="1" falsecount="0"/>
      <line num="536" count="2948" type="stmt"/>
      <line num="537" count="2948" type="stmt"/>
      <line num="538" count="2948" type="stmt"/>
      <line num="539" count="2948" type="stmt"/>
      <line num="540" count="2948" type="cond" truecount="4" falsecount="0"/>
      <line num="541" count="1986" type="stmt"/>
      <line num="542" count="1986" type="stmt"/>
      <line num="543" count="2948" type="cond" truecount="1" falsecount="0"/>
      <line num="544" count="962" type="stmt"/>
      <line num="545" count="962" type="stmt"/>
    </file>
    <file name="pieces.ts" path="C:\Users\santi\OneDrive\Documents\repos\Chess-Library\src\pieces.ts">
      <metrics statements="89" coveredstatements="81" conditionals="19" coveredconditionals="18" methods="21" coveredmethods="18"/>
      <line num="1" count="1" type="stmt"/>
      <line num="2" count="1" type="stmt"/>
      <line num="3" count="1" type="stmt"/>
      <line num="4" count="1" type="stmt"/>
      <line num="5" count="1" type="stmt"/>
      <line num="6" count="1" type="stmt"/>
      <line num="7" count="1" type="cond" truecount="1" falsecount="0"/>
      <line num="8" count="32" type="stmt"/>
      <line num="9" count="32" type="stmt"/>
      <line num="10" count="32" type="cond" truecount="0" falsecount="1"/>
      <line num="11" count="0" type="stmt"/>
      <line num="12" count="0" type="stmt"/>
      <line num="13" count="32" type="stmt"/>
      <line num="14" count="1" type="stmt"/>
      <line num="15" count="1" type="stmt"/>
      <line num="16" count="1" type="stmt"/>
      <line num="17" count="1" type="cond" truecount="1" falsecount="0"/>
      <line num="18" count="2446" type="stmt"/>
      <line num="19" count="2446" type="stmt"/>
      <line num="20" count="1" type="stmt"/>
      <line num="21" count="1" type="stmt"/>
      <line num="22" count="1" type="stmt"/>
      <line num="23" count="16" type="cond" truecount="1" falsecount="0"/>
      <line num="24" count="16" type="stmt"/>
      <line num="25" count="16" type="cond" truecount="1" falsecount="0"/>
      <line num="26" count="440" type="stmt"/>
      <line num="27" count="440" type="stmt"/>
      <line num="28" count="16" type="stmt"/>
      <line num="29" count="16" type="stmt"/>
      <line num="30" count="1" type="stmt"/>
      <line num="31" count="1" type="stmt"/>
      <line num="32" count="1" type="cond" truecount="1" falsecount="0"/>
      <line num="33" count="108" type="stmt"/>
      <line num="34" count="108" type="stmt"/>
      <line num="35" count="1" type="stmt"/>
      <line num="36" count="1" type="stmt"/>
      <line num="37" count="1" type="stmt"/>
      <line num="38" count="1" type="cond" truecount="1" falsecount="0"/>
      <line num="39" count="65" type="stmt"/>
      <line num="40" count="65" type="stmt"/>
      <line num="41" count="1" type="stmt"/>
      <line num="42" count="1" type="stmt"/>
      <line num="43" count="4" type="cond" truecount="1" falsecount="0"/>
      <line num="44" count="4" type="stmt"/>
      <line num="45" count="4" type="cond" truecount="1" falsecount="0"/>
      <line num="46" count="110" type="stmt"/>
      <line num="47" count="110" type="stmt"/>
      <line num="48" count="4" type="stmt"/>
      <line num="49" count="4" type="stmt"/>
      <line num="50" count="0" type="stmt"/>
      <line num="51" count="0" type="stmt"/>
      <line num="52" count="4" type="stmt"/>
      <line num="53" count="4" type="stmt"/>
      <line num="54" count="0" type="stmt"/>
      <line num="55" count="0" type="stmt"/>
      <line num="56" count="4" type="stmt"/>
      <line num="57" count="1" type="stmt"/>
      <line num="58" count="1" type="stmt"/>
      <line num="59" count="1" type="cond" truecount="1" falsecount="0"/>
      <line num="60" count="108" type="stmt"/>
      <line num="61" count="108" type="stmt"/>
      <line num="62" count="1" type="stmt"/>
      <line num="63" count="1" type="stmt"/>
      <line num="64" count="2" type="cond" truecount="1" falsecount="0"/>
      <line num="65" count="2" type="stmt"/>
      <line num="66" count="2" type="cond" truecount="1" falsecount="0"/>
      <line num="67" count="18" type="stmt"/>
      <line num="68" count="18" type="stmt"/>
      <line num="69" count="2" type="stmt"/>
      <line num="70" count="2" type="stmt"/>
      <line num="71" count="0" type="stmt"/>
      <line num="72" count="0" type="stmt"/>
      <line num="73" count="2" type="stmt"/>
      <line num="74" count="2" type="cond" truecount="1" falsecount="0"/>
      <line num="75" count="18" type="stmt"/>
      <line num="76" count="18" type="stmt"/>
      <line num="77" count="2" type="stmt"/>
      <line num="78" count="1" type="stmt"/>
      <line num="79" count="1" type="stmt"/>
      <line num="80" count="1" type="stmt"/>
      <line num="81" count="1" type="cond" truecount="1" falsecount="0"/>
      <line num="82" count="1" type="cond" truecount="1" falsecount="0"/>
      <line num="83" count="1" type="cond" truecount="1" falsecount="0"/>
      <line num="84" count="1" type="cond" truecount="1" falsecount="0"/>
      <line num="85" count="1" type="cond" truecount="1" falsecount="0"/>
      <line num="86" count="1" type="cond" truecount="1" falsecount="0"/>
      <line num="87" count="1" type="stmt"/>
      <line num="88" count="1" type="stmt"/>
      <line num="89" count="1" type="stmt"/>
    </file>
    <file name="position.ts" path="C:\Users\santi\OneDrive\Documents\repos\Chess-Library\src\position.ts">
      <metrics statements="63" coveredstatements="54" conditionals="11" coveredconditionals="5" methods="5" coveredmethods="5"/>
      <line num="1" count="1" type="stmt"/>
      <line num="2" count="1" type="stmt"/>
      <line num="3" count="1" type="stmt"/>
      <line num="4" count="1" type="stmt"/>
      <line num="5" count="1" type="stmt"/>
      <line num="6" count="1" type="stmt"/>
      <line num="7" count="1" type="stmt"/>
      <line num="8" count="1" type="stmt"/>
      <line num="9" count="1" type="stmt"/>
      <line num="10" count="1" type="stmt"/>
      <line num="11" count="1" type="cond" truecount="1" falsecount="0"/>
      <line num="12" count="2319" type="stmt"/>
      <line num="13" count="2319" type="cond" truecount="0" falsecount="1"/>
      <line num="14" count="0" type="stmt"/>
      <line num="15" count="2319" type="cond" truecount="0" falsecount="1"/>
      <line num="16" count="0" type="stmt"/>
      <line num="17" count="0" type="stmt"/>
      <line num="18" count="2319" type="stmt"/>
      <line num="19" count="2319" type="stmt"/>
      <line num="20" count="2319" type="cond" truecount="0" falsecount="1"/>
      <line num="21" count="0" type="stmt"/>
      <line num="22" count="0" type="stmt"/>
      <line num="23" count="2319" type="stmt"/>
      <line num="24" count="1" type="stmt"/>
      <line num="25" count="1" type="cond" truecount="1" falsecount="0"/>
      <line num="26" count="3236" type="stmt"/>
      <line num="27" count="3236" type="stmt"/>
      <line num="28" count="1" type="stmt"/>
      <line num="29" count="1" type="cond" truecount="1" falsecount="0"/>
      <line num="30" count="2948" type="stmt"/>
      <line num="31" count="2948" type="stmt"/>
      <line num="32" count="1" type="stmt"/>
      <line num="33" count="1" type="cond" truecount="1" falsecount="0"/>
      <line num="34" count="5281" type="stmt"/>
      <line num="35" count="5281" type="stmt"/>
      <line num="36" count="5281" type="stmt"/>
      <line num="37" count="5281" type="cond" truecount="0" falsecount="1"/>
      <line num="38" count="0" type="stmt"/>
      <line num="39" count="0" type="stmt"/>
      <line num="40" count="5281" type="stmt"/>
      <line num="41" count="1" type="stmt"/>
      <line num="42" count="1" type="cond" truecount="1" falsecount="0"/>
      <line num="43" count="288" type="stmt"/>
      <line num="44" count="288" type="cond" truecount="0" falsecount="1"/>
      <line num="45" count="288" type="stmt"/>
      <line num="46" count="288" type="stmt"/>
      <line num="47" count="288" type="stmt"/>
      <line num="48" count="288" type="stmt"/>
      <line num="49" count="288" type="stmt"/>
      <line num="50" count="288" type="cond" truecount="0" falsecount="1"/>
      <line num="51" count="0" type="stmt"/>
      <line num="52" count="0" type="stmt"/>
      <line num="53" count="288" type="stmt"/>
      <line num="54" count="1" type="stmt"/>
      <line num="55" count="1" type="stmt"/>
      <line num="56" count="1" type="stmt"/>
      <line num="57" count="1" type="stmt"/>
      <line num="58" count="1" type="stmt"/>
      <line num="59" count="1" type="stmt"/>
      <line num="60" count="1" type="stmt"/>
      <line num="61" count="1" type="stmt"/>
      <line num="62" count="1" type="stmt"/>
      <line num="63" count="1" type="stmt"/>
    </file>
  </project>
</coverage>
