{"C:\\Users\\santi\\OneDrive\\Documents\\repos\\Chess-Library\\src\\board.ts": {"path":"C:\\Users\\santi\\OneDrive\\Documents\\repos\\Chess-Library\\src\\board.ts","all":false,"statementMap":{"0":{"start":{"line":1,"column":0},"end":{"line":1,"column":42}},"1":{"start":{"line":2,"column":0},"end":{"line":2,"column":47}},"2":{"start":{"line":3,"column":0},"end":{"line":3,"column":38}},"3":{"start":{"line":4,"column":0},"end":{"line":4,"column":0}},"4":{"start":{"line":5,"column":0},"end":{"line":5,"column":13}},"5":{"start":{"line":6,"column":0},"end":{"line":6,"column":28}},"6":{"start":{"line":7,"column":0},"end":{"line":7,"column":18}},"7":{"start":{"line":8,"column":0},"end":{"line":8,"column":0}},"8":{"start":{"line":9,"column":0},"end":{"line":9,"column":19}},"9":{"start":{"line":10,"column":0},"end":{"line":10,"column":22}},"10":{"start":{"line":11,"column":0},"end":{"line":11,"column":30}},"11":{"start":{"line":12,"column":0},"end":{"line":12,"column":5}},"12":{"start":{"line":13,"column":0},"end":{"line":13,"column":4}},"13":{"start":{"line":14,"column":0},"end":{"line":14,"column":21}},"14":{"start":{"line":15,"column":0},"end":{"line":15,"column":12}},"15":{"start":{"line":16,"column":0},"end":{"line":16,"column":47}},"16":{"start":{"line":17,"column":0},"end":{"line":17,"column":71}},"17":{"start":{"line":18,"column":0},"end":{"line":18,"column":52}},"18":{"start":{"line":19,"column":0},"end":{"line":19,"column":52}},"19":{"start":{"line":20,"column":0},"end":{"line":20,"column":47}},"20":{"start":{"line":21,"column":0},"end":{"line":21,"column":47}},"21":{"start":{"line":22,"column":0},"end":{"line":22,"column":13}},"22":{"start":{"line":23,"column":0},"end":{"line":23,"column":70}},"23":{"start":{"line":24,"column":0},"end":{"line":24,"column":72}},"24":{"start":{"line":25,"column":0},"end":{"line":25,"column":72}},"25":{"start":{"line":26,"column":0},"end":{"line":26,"column":71}},"26":{"start":{"line":27,"column":0},"end":{"line":27,"column":72}},"27":{"start":{"line":28,"column":0},"end":{"line":28,"column":72}},"28":{"start":{"line":29,"column":0},"end":{"line":29,"column":73}},"29":{"start":{"line":30,"column":0},"end":{"line":30,"column":70}},"30":{"start":{"line":31,"column":0},"end":{"line":31,"column":0}},"31":{"start":{"line":32,"column":0},"end":{"line":32,"column":70}},"32":{"start":{"line":33,"column":0},"end":{"line":33,"column":72}},"33":{"start":{"line":34,"column":0},"end":{"line":34,"column":72}},"34":{"start":{"line":35,"column":0},"end":{"line":35,"column":71}},"35":{"start":{"line":36,"column":0},"end":{"line":36,"column":72}},"36":{"start":{"line":37,"column":0},"end":{"line":37,"column":72}},"37":{"start":{"line":38,"column":0},"end":{"line":38,"column":73}},"38":{"start":{"line":39,"column":0},"end":{"line":39,"column":70}},"39":{"start":{"line":40,"column":0},"end":{"line":40,"column":42}},"40":{"start":{"line":41,"column":0},"end":{"line":41,"column":21}},"41":{"start":{"line":42,"column":0},"end":{"line":42,"column":62}},"42":{"start":{"line":43,"column":0},"end":{"line":43,"column":9}},"43":{"start":{"line":44,"column":0},"end":{"line":44,"column":8}},"44":{"start":{"line":45,"column":0},"end":{"line":45,"column":5}},"45":{"start":{"line":46,"column":0},"end":{"line":46,"column":0}},"46":{"start":{"line":47,"column":0},"end":{"line":47,"column":15}},"47":{"start":{"line":48,"column":0},"end":{"line":48,"column":30}},"48":{"start":{"line":49,"column":0},"end":{"line":49,"column":5}},"49":{"start":{"line":50,"column":0},"end":{"line":50,"column":0}},"50":{"start":{"line":51,"column":0},"end":{"line":51,"column":17}},"51":{"start":{"line":52,"column":0},"end":{"line":52,"column":52}},"52":{"start":{"line":53,"column":0},"end":{"line":53,"column":40}},"53":{"start":{"line":54,"column":0},"end":{"line":54,"column":53}},"54":{"start":{"line":55,"column":0},"end":{"line":55,"column":39}},"55":{"start":{"line":56,"column":0},"end":{"line":56,"column":59}},"56":{"start":{"line":57,"column":0},"end":{"line":57,"column":27}},"57":{"start":{"line":58,"column":0},"end":{"line":58,"column":76}},"58":{"start":{"line":59,"column":0},"end":{"line":59,"column":13}},"59":{"start":{"line":60,"column":0},"end":{"line":60,"column":30}},"60":{"start":{"line":61,"column":0},"end":{"line":61,"column":12}},"61":{"start":{"line":62,"column":0},"end":{"line":62,"column":9}},"62":{"start":{"line":63,"column":0},"end":{"line":63,"column":24}},"63":{"start":{"line":64,"column":0},"end":{"line":64,"column":5}},"64":{"start":{"line":65,"column":0},"end":{"line":65,"column":0}},"65":{"start":{"line":66,"column":0},"end":{"line":66,"column":4}},"66":{"start":{"line":67,"column":0},"end":{"line":67,"column":0}},"67":{"start":{"line":68,"column":0},"end":{"line":68,"column":0}},"68":{"start":{"line":69,"column":0},"end":{"line":69,"column":37}},"69":{"start":{"line":70,"column":0},"end":{"line":70,"column":40}},"70":{"start":{"line":71,"column":0},"end":{"line":71,"column":5}},"71":{"start":{"line":72,"column":0},"end":{"line":72,"column":0}},"72":{"start":{"line":73,"column":0},"end":{"line":73,"column":0}},"73":{"start":{"line":74,"column":0},"end":{"line":74,"column":74}},"74":{"start":{"line":75,"column":0},"end":{"line":75,"column":13}},"75":{"start":{"line":76,"column":0},"end":{"line":76,"column":62}},"76":{"start":{"line":77,"column":0},"end":{"line":77,"column":44}},"77":{"start":{"line":78,"column":0},"end":{"line":78,"column":21}},"78":{"start":{"line":79,"column":0},"end":{"line":79,"column":55}},"79":{"start":{"line":80,"column":0},"end":{"line":80,"column":9}},"80":{"start":{"line":81,"column":0},"end":{"line":81,"column":5}},"81":{"start":{"line":82,"column":0},"end":{"line":82,"column":0}},"82":{"start":{"line":83,"column":0},"end":{"line":83,"column":42}},"83":{"start":{"line":84,"column":0},"end":{"line":84,"column":45}},"84":{"start":{"line":85,"column":0},"end":{"line":85,"column":5}},"85":{"start":{"line":86,"column":0},"end":{"line":86,"column":0}},"86":{"start":{"line":87,"column":0},"end":{"line":87,"column":40}},"87":{"start":{"line":88,"column":0},"end":{"line":88,"column":13}},"88":{"start":{"line":89,"column":0},"end":{"line":89,"column":53}},"89":{"start":{"line":90,"column":0},"end":{"line":90,"column":85}},"90":{"start":{"line":91,"column":0},"end":{"line":91,"column":55}},"91":{"start":{"line":92,"column":0},"end":{"line":92,"column":61}},"92":{"start":{"line":93,"column":0},"end":{"line":93,"column":52}},"93":{"start":{"line":94,"column":0},"end":{"line":94,"column":68}},"94":{"start":{"line":95,"column":0},"end":{"line":95,"column":52}},"95":{"start":{"line":96,"column":0},"end":{"line":96,"column":13}},"96":{"start":{"line":97,"column":0},"end":{"line":97,"column":43}},"97":{"start":{"line":98,"column":0},"end":{"line":98,"column":27}},"98":{"start":{"line":99,"column":0},"end":{"line":99,"column":42}},"99":{"start":{"line":100,"column":0},"end":{"line":100,"column":19}},"100":{"start":{"line":101,"column":0},"end":{"line":101,"column":51}},"101":{"start":{"line":102,"column":0},"end":{"line":102,"column":9}},"102":{"start":{"line":103,"column":0},"end":{"line":103,"column":5}},"103":{"start":{"line":104,"column":0},"end":{"line":104,"column":0}},"104":{"start":{"line":105,"column":0},"end":{"line":105,"column":26}},"105":{"start":{"line":106,"column":0},"end":{"line":106,"column":58}},"106":{"start":{"line":107,"column":0},"end":{"line":107,"column":43}},"107":{"start":{"line":108,"column":0},"end":{"line":108,"column":5}},"108":{"start":{"line":109,"column":0},"end":{"line":109,"column":0}},"109":{"start":{"line":110,"column":0},"end":{"line":110,"column":1}},"110":{"start":{"line":111,"column":0},"end":{"line":111,"column":0}},"111":{"start":{"line":112,"column":0},"end":{"line":112,"column":0}},"112":{"start":{"line":113,"column":0},"end":{"line":113,"column":0}},"113":{"start":{"line":114,"column":0},"end":{"line":114,"column":17}}},"s":{"0":1,"1":1,"2":1,"3":1,"4":1,"5":1,"6":1,"7":1,"8":1,"9":1,"10":1,"11":1,"12":1,"13":1,"14":1,"15":1,"16":1,"17":8,"18":8,"19":8,"20":8,"21":8,"22":1,"23":1,"24":1,"25":1,"26":1,"27":1,"28":1,"29":1,"30":1,"31":1,"32":1,"33":1,"34":1,"35":1,"36":1,"37":1,"38":1,"39":1,"40":1,"41":0,"42":0,"43":1,"44":1,"45":1,"46":1,"47":0,"48":0,"49":1,"50":1,"51":0,"52":0,"53":0,"54":0,"55":0,"56":0,"57":0,"58":0,"59":0,"60":0,"61":0,"62":0,"63":0,"64":1,"65":1,"66":1,"67":1,"68":1,"69":5,"70":5,"71":1,"72":1,"73":1,"74":32,"75":32,"76":32,"77":32,"78":0,"79":0,"80":32,"81":1,"82":1,"83":0,"84":0,"85":1,"86":1,"87":4,"88":4,"89":4,"90":4,"91":4,"92":0,"93":4,"94":0,"95":0,"96":4,"97":4,"98":4,"99":4,"100":0,"101":0,"102":4,"103":1,"104":1,"105":1,"106":0,"107":1,"108":1,"109":1,"110":1,"111":1,"112":1,"113":1},"branchMap":{"0":{"type":"branch","line":9,"loc":{"start":{"line":9,"column":4},"end":{"line":12,"column":5}},"locations":[{"start":{"line":9,"column":4},"end":{"line":12,"column":5}}]},"1":{"type":"branch","line":14,"loc":{"start":{"line":14,"column":4},"end":{"line":45,"column":5}},"locations":[{"start":{"line":14,"column":4},"end":{"line":45,"column":5}}]},"2":{"type":"branch","line":17,"loc":{"start":{"line":17,"column":70},"end":{"line":22,"column":13}},"locations":[{"start":{"line":17,"column":70},"end":{"line":22,"column":13}}]},"3":{"type":"branch","line":41,"loc":{"start":{"line":41,"column":10},"end":{"line":43,"column":9}},"locations":[{"start":{"line":41,"column":10},"end":{"line":43,"column":9}}]},"4":{"type":"branch","line":69,"loc":{"start":{"line":69,"column":4},"end":{"line":71,"column":5}},"locations":[{"start":{"line":69,"column":4},"end":{"line":71,"column":5}}]},"5":{"type":"branch","line":74,"loc":{"start":{"line":74,"column":4},"end":{"line":81,"column":5}},"locations":[{"start":{"line":74,"column":4},"end":{"line":81,"column":5}}]},"6":{"type":"branch","line":78,"loc":{"start":{"line":78,"column":10},"end":{"line":80,"column":9}},"locations":[{"start":{"line":78,"column":10},"end":{"line":80,"column":9}}]},"7":{"type":"branch","line":87,"loc":{"start":{"line":87,"column":4},"end":{"line":103,"column":5}},"locations":[{"start":{"line":87,"column":4},"end":{"line":103,"column":5}}]},"8":{"type":"branch","line":90,"loc":{"start":{"line":90,"column":27},"end":{"line":90,"column":85}},"locations":[{"start":{"line":90,"column":27},"end":{"line":90,"column":85}}]},"9":{"type":"branch","line":92,"loc":{"start":{"line":92,"column":36},"end":{"line":92,"column":58}},"locations":[{"start":{"line":92,"column":36},"end":{"line":92,"column":58}}]},"10":{"type":"branch","line":92,"loc":{"start":{"line":92,"column":60},"end":{"line":94,"column":13}},"locations":[{"start":{"line":92,"column":60},"end":{"line":94,"column":13}}]},"11":{"type":"branch","line":94,"loc":{"start":{"line":94,"column":43},"end":{"line":94,"column":65}},"locations":[{"start":{"line":94,"column":43},"end":{"line":94,"column":65}}]},"12":{"type":"branch","line":94,"loc":{"start":{"line":94,"column":67},"end":{"line":96,"column":13}},"locations":[{"start":{"line":94,"column":67},"end":{"line":96,"column":13}}]},"13":{"type":"branch","line":100,"loc":{"start":{"line":100,"column":10},"end":{"line":102,"column":9}},"locations":[{"start":{"line":100,"column":10},"end":{"line":102,"column":9}}]},"14":{"type":"branch","line":105,"loc":{"start":{"line":105,"column":4},"end":{"line":108,"column":5}},"locations":[{"start":{"line":105,"column":4},"end":{"line":108,"column":5}}]},"15":{"type":"branch","line":107,"loc":{"start":{"line":107,"column":-2},"end":{"line":107,"column":43}},"locations":[{"start":{"line":107,"column":-2},"end":{"line":107,"column":43}}]}},"b":{"0":[1],"1":[1],"2":[8],"3":[0],"4":[5],"5":[32],"6":[0],"7":[4],"8":[0],"9":[2],"10":[0],"11":[2],"12":[0],"13":[0],"14":[1],"15":[0]},"fnMap":{"0":{"name":"Board","decl":{"start":{"line":9,"column":4},"end":{"line":12,"column":5}},"loc":{"start":{"line":9,"column":4},"end":{"line":12,"column":5}},"line":9},"1":{"name":"createNewBoard","decl":{"start":{"line":14,"column":4},"end":{"line":45,"column":5}},"loc":{"start":{"line":14,"column":4},"end":{"line":45,"column":5}},"line":14},"2":{"name":"getState","decl":{"start":{"line":47,"column":4},"end":{"line":49,"column":5}},"loc":{"start":{"line":47,"column":4},"end":{"line":49,"column":5}},"line":47},"3":{"name":"printState","decl":{"start":{"line":51,"column":4},"end":{"line":64,"column":5}},"loc":{"start":{"line":51,"column":4},"end":{"line":64,"column":5}},"line":51},"4":{"name":"getPiece","decl":{"start":{"line":69,"column":4},"end":{"line":71,"column":5}},"loc":{"start":{"line":69,"column":4},"end":{"line":71,"column":5}},"line":69},"5":{"name":"setPiece","decl":{"start":{"line":74,"column":4},"end":{"line":81,"column":5}},"loc":{"start":{"line":74,"column":4},"end":{"line":81,"column":5}},"line":74},"6":{"name":"getMoves","decl":{"start":{"line":83,"column":4},"end":{"line":85,"column":5}},"loc":{"start":{"line":83,"column":4},"end":{"line":85,"column":5}},"line":83},"7":{"name":"move","decl":{"start":{"line":87,"column":4},"end":{"line":103,"column":5}},"loc":{"start":{"line":87,"column":4},"end":{"line":103,"column":5}},"line":87},"8":{"name":"getResult","decl":{"start":{"line":105,"column":4},"end":{"line":108,"column":5}},"loc":{"start":{"line":105,"column":4},"end":{"line":108,"column":5}},"line":105}},"f":{"0":1,"1":1,"2":0,"3":0,"4":5,"5":32,"6":0,"7":4,"8":1}}
,"C:\\Users\\santi\\OneDrive\\Documents\\repos\\Chess-Library\\src\\logger.ts": {"path":"C:\\Users\\santi\\OneDrive\\Documents\\repos\\Chess-Library\\src\\logger.ts","all":false,"statementMap":{"0":{"start":{"line":1,"column":0},"end":{"line":1,"column":0}},"1":{"start":{"line":2,"column":0},"end":{"line":2,"column":24}},"2":{"start":{"line":3,"column":0},"end":{"line":3,"column":0}},"3":{"start":{"line":4,"column":0},"end":{"line":4,"column":14}},"4":{"start":{"line":5,"column":0},"end":{"line":5,"column":13}},"5":{"start":{"line":6,"column":0},"end":{"line":6,"column":14}},"6":{"start":{"line":7,"column":0},"end":{"line":7,"column":13}},"7":{"start":{"line":8,"column":0},"end":{"line":8,"column":15}},"8":{"start":{"line":9,"column":0},"end":{"line":9,"column":13}},"9":{"start":{"line":10,"column":0},"end":{"line":10,"column":14}},"10":{"start":{"line":11,"column":0},"end":{"line":11,"column":2}},"11":{"start":{"line":12,"column":0},"end":{"line":12,"column":0}},"12":{"start":{"line":13,"column":0},"end":{"line":13,"column":0}},"13":{"start":{"line":14,"column":0},"end":{"line":14,"column":0}},"14":{"start":{"line":15,"column":0},"end":{"line":15,"column":21}},"15":{"start":{"line":16,"column":0},"end":{"line":16,"column":25}},"16":{"start":{"line":17,"column":0},"end":{"line":17,"column":65}},"17":{"start":{"line":18,"column":0},"end":{"line":18,"column":16}},"18":{"start":{"line":19,"column":0},"end":{"line":19,"column":29}},"19":{"start":{"line":20,"column":0},"end":{"line":20,"column":5}},"20":{"start":{"line":21,"column":0},"end":{"line":21,"column":2}},"21":{"start":{"line":22,"column":0},"end":{"line":22,"column":0}},"22":{"start":{"line":23,"column":0},"end":{"line":23,"column":18}}},"s":{"0":1,"1":1,"2":1,"3":1,"4":1,"5":1,"6":1,"7":1,"8":1,"9":1,"10":1,"11":1,"12":1,"13":1,"14":1,"15":1,"16":1,"17":1,"18":1,"19":1,"20":1,"21":1,"22":1},"branchMap":{},"b":{},"fnMap":{},"f":{}}
,"C:\\Users\\santi\\OneDrive\\Documents\\repos\\Chess-Library\\src\\pieceState.ts": {"path":"C:\\Users\\santi\\OneDrive\\Documents\\repos\\Chess-Library\\src\\pieceState.ts","all":false,"statementMap":{"0":{"start":{"line":1,"column":0},"end":{"line":1,"column":71}},"1":{"start":{"line":2,"column":0},"end":{"line":2,"column":84}},"2":{"start":{"line":3,"column":0},"end":{"line":3,"column":45}},"3":{"start":{"line":4,"column":0},"end":{"line":4,"column":38}},"4":{"start":{"line":5,"column":0},"end":{"line":5,"column":0}},"5":{"start":{"line":6,"column":0},"end":{"line":6,"column":25}},"6":{"start":{"line":7,"column":0},"end":{"line":7,"column":38}},"7":{"start":{"line":8,"column":0},"end":{"line":8,"column":36}},"8":{"start":{"line":9,"column":0},"end":{"line":9,"column":25}},"9":{"start":{"line":10,"column":0},"end":{"line":10,"column":0}},"10":{"start":{"line":11,"column":0},"end":{"line":11,"column":19}},"11":{"start":{"line":12,"column":0},"end":{"line":12,"column":46}},"12":{"start":{"line":13,"column":0},"end":{"line":13,"column":51}},"13":{"start":{"line":14,"column":0},"end":{"line":14,"column":5}},"14":{"start":{"line":15,"column":0},"end":{"line":15,"column":0}},"15":{"start":{"line":16,"column":0},"end":{"line":16,"column":40}},"16":{"start":{"line":17,"column":0},"end":{"line":17,"column":13}},"17":{"start":{"line":18,"column":0},"end":{"line":18,"column":60}},"18":{"start":{"line":19,"column":0},"end":{"line":19,"column":50}},"19":{"start":{"line":20,"column":0},"end":{"line":20,"column":21}},"20":{"start":{"line":21,"column":0},"end":{"line":21,"column":57}},"21":{"start":{"line":22,"column":0},"end":{"line":22,"column":9}},"22":{"start":{"line":23,"column":0},"end":{"line":23,"column":5}},"23":{"start":{"line":24,"column":0},"end":{"line":24,"column":0}},"24":{"start":{"line":25,"column":0},"end":{"line":25,"column":43}},"25":{"start":{"line":26,"column":0},"end":{"line":26,"column":12}},"26":{"start":{"line":27,"column":0},"end":{"line":27,"column":166}},"27":{"start":{"line":28,"column":0},"end":{"line":28,"column":47}},"28":{"start":{"line":29,"column":0},"end":{"line":29,"column":98}},"29":{"start":{"line":30,"column":0},"end":{"line":30,"column":75}},"30":{"start":{"line":31,"column":0},"end":{"line":31,"column":19}},"31":{"start":{"line":32,"column":0},"end":{"line":32,"column":56}},"32":{"start":{"line":33,"column":0},"end":{"line":33,"column":9}},"33":{"start":{"line":34,"column":0},"end":{"line":34,"column":5}},"34":{"start":{"line":35,"column":0},"end":{"line":35,"column":0}},"35":{"start":{"line":36,"column":0},"end":{"line":36,"column":32}},"36":{"start":{"line":37,"column":0},"end":{"line":37,"column":12}},"37":{"start":{"line":38,"column":0},"end":{"line":38,"column":95}},"38":{"start":{"line":39,"column":0},"end":{"line":39,"column":50}},"39":{"start":{"line":40,"column":0},"end":{"line":40,"column":19}},"40":{"start":{"line":41,"column":0},"end":{"line":41,"column":52}},"41":{"start":{"line":42,"column":0},"end":{"line":42,"column":9}},"42":{"start":{"line":43,"column":0},"end":{"line":43,"column":5}},"43":{"start":{"line":44,"column":0},"end":{"line":44,"column":0}},"44":{"start":{"line":45,"column":0},"end":{"line":45,"column":49}},"45":{"start":{"line":46,"column":0},"end":{"line":46,"column":13}},"46":{"start":{"line":47,"column":0},"end":{"line":47,"column":68}},"47":{"start":{"line":48,"column":0},"end":{"line":48,"column":64}},"48":{"start":{"line":49,"column":0},"end":{"line":49,"column":0}},"49":{"start":{"line":50,"column":0},"end":{"line":50,"column":40}},"50":{"start":{"line":51,"column":0},"end":{"line":51,"column":76}},"51":{"start":{"line":52,"column":0},"end":{"line":52,"column":143}},"52":{"start":{"line":53,"column":0},"end":{"line":53,"column":90}},"53":{"start":{"line":54,"column":0},"end":{"line":54,"column":84}},"54":{"start":{"line":55,"column":0},"end":{"line":55,"column":0}},"55":{"start":{"line":56,"column":0},"end":{"line":56,"column":0}},"56":{"start":{"line":57,"column":0},"end":{"line":57,"column":36}},"57":{"start":{"line":58,"column":0},"end":{"line":58,"column":12}},"58":{"start":{"line":59,"column":0},"end":{"line":59,"column":124}},"59":{"start":{"line":60,"column":0},"end":{"line":60,"column":73}},"60":{"start":{"line":61,"column":0},"end":{"line":61,"column":61}},"61":{"start":{"line":62,"column":0},"end":{"line":62,"column":39}},"62":{"start":{"line":63,"column":0},"end":{"line":63,"column":17}},"63":{"start":{"line":64,"column":0},"end":{"line":64,"column":15}},"64":{"start":{"line":65,"column":0},"end":{"line":65,"column":0}},"65":{"start":{"line":66,"column":0},"end":{"line":66,"column":0}},"66":{"start":{"line":67,"column":0},"end":{"line":67,"column":82}},"67":{"start":{"line":68,"column":0},"end":{"line":68,"column":12}},"68":{"start":{"line":69,"column":0},"end":{"line":69,"column":143}},"69":{"start":{"line":70,"column":0},"end":{"line":70,"column":129}},"70":{"start":{"line":71,"column":0},"end":{"line":71,"column":79}},"71":{"start":{"line":72,"column":0},"end":{"line":72,"column":0}},"72":{"start":{"line":73,"column":0},"end":{"line":73,"column":55}},"73":{"start":{"line":74,"column":0},"end":{"line":74,"column":35}},"74":{"start":{"line":75,"column":0},"end":{"line":75,"column":87}},"75":{"start":{"line":76,"column":0},"end":{"line":76,"column":62}},"76":{"start":{"line":77,"column":0},"end":{"line":77,"column":27}},"77":{"start":{"line":78,"column":0},"end":{"line":78,"column":135}},"78":{"start":{"line":79,"column":0},"end":{"line":79,"column":79}},"79":{"start":{"line":80,"column":0},"end":{"line":80,"column":0}},"80":{"start":{"line":81,"column":0},"end":{"line":81,"column":55}},"81":{"start":{"line":82,"column":0},"end":{"line":82,"column":35}},"82":{"start":{"line":83,"column":0},"end":{"line":83,"column":87}},"83":{"start":{"line":84,"column":0},"end":{"line":84,"column":62}},"84":{"start":{"line":85,"column":0},"end":{"line":85,"column":27}},"85":{"start":{"line":86,"column":0},"end":{"line":86,"column":17}},"86":{"start":{"line":87,"column":0},"end":{"line":87,"column":43}},"87":{"start":{"line":88,"column":0},"end":{"line":88,"column":15}},"88":{"start":{"line":89,"column":0},"end":{"line":89,"column":42}},"89":{"start":{"line":90,"column":0},"end":{"line":90,"column":43}},"90":{"start":{"line":91,"column":0},"end":{"line":91,"column":13}},"91":{"start":{"line":92,"column":0},"end":{"line":92,"column":0}},"92":{"start":{"line":93,"column":0},"end":{"line":93,"column":42}},"93":{"start":{"line":94,"column":0},"end":{"line":94,"column":27}},"94":{"start":{"line":95,"column":0},"end":{"line":95,"column":31}},"95":{"start":{"line":96,"column":0},"end":{"line":96,"column":19}},"96":{"start":{"line":97,"column":0},"end":{"line":97,"column":56}},"97":{"start":{"line":98,"column":0},"end":{"line":98,"column":9}},"98":{"start":{"line":99,"column":0},"end":{"line":99,"column":5}},"99":{"start":{"line":100,"column":0},"end":{"line":100,"column":0}},"100":{"start":{"line":101,"column":0},"end":{"line":101,"column":16}},"101":{"start":{"line":102,"column":0},"end":{"line":102,"column":13}},"102":{"start":{"line":103,"column":0},"end":{"line":103,"column":30}},"103":{"start":{"line":104,"column":0},"end":{"line":104,"column":46}},"104":{"start":{"line":105,"column":0},"end":{"line":105,"column":32}},"105":{"start":{"line":106,"column":0},"end":{"line":106,"column":75}},"106":{"start":{"line":107,"column":0},"end":{"line":107,"column":76}},"107":{"start":{"line":108,"column":0},"end":{"line":108,"column":34}},"108":{"start":{"line":109,"column":0},"end":{"line":109,"column":55}},"109":{"start":{"line":110,"column":0},"end":{"line":110,"column":75}},"110":{"start":{"line":111,"column":0},"end":{"line":111,"column":32}},"111":{"start":{"line":112,"column":0},"end":{"line":112,"column":61}},"112":{"start":{"line":113,"column":0},"end":{"line":113,"column":25}},"113":{"start":{"line":114,"column":0},"end":{"line":114,"column":28}},"114":{"start":{"line":115,"column":0},"end":{"line":115,"column":42}},"115":{"start":{"line":116,"column":0},"end":{"line":116,"column":21}},"116":{"start":{"line":117,"column":0},"end":{"line":117,"column":17}},"117":{"start":{"line":118,"column":0},"end":{"line":118,"column":36}},"118":{"start":{"line":119,"column":0},"end":{"line":119,"column":13}},"119":{"start":{"line":120,"column":0},"end":{"line":120,"column":26}},"120":{"start":{"line":121,"column":0},"end":{"line":121,"column":12}},"121":{"start":{"line":122,"column":0},"end":{"line":122,"column":21}},"122":{"start":{"line":123,"column":0},"end":{"line":123,"column":60}},"123":{"start":{"line":124,"column":0},"end":{"line":124,"column":9}},"124":{"start":{"line":125,"column":0},"end":{"line":125,"column":5}},"125":{"start":{"line":126,"column":0},"end":{"line":126,"column":0}},"126":{"start":{"line":127,"column":0},"end":{"line":127,"column":42}},"127":{"start":{"line":128,"column":0},"end":{"line":128,"column":13}},"128":{"start":{"line":129,"column":0},"end":{"line":129,"column":55}},"129":{"start":{"line":130,"column":0},"end":{"line":130,"column":66}},"130":{"start":{"line":131,"column":0},"end":{"line":131,"column":24}},"131":{"start":{"line":132,"column":0},"end":{"line":132,"column":19}},"132":{"start":{"line":133,"column":0},"end":{"line":133,"column":61}},"133":{"start":{"line":134,"column":0},"end":{"line":134,"column":9}},"134":{"start":{"line":135,"column":0},"end":{"line":135,"column":5}},"135":{"start":{"line":136,"column":0},"end":{"line":136,"column":0}},"136":{"start":{"line":137,"column":0},"end":{"line":137,"column":80}},"137":{"start":{"line":138,"column":0},"end":{"line":138,"column":12}},"138":{"start":{"line":139,"column":0},"end":{"line":139,"column":40}},"139":{"start":{"line":140,"column":0},"end":{"line":140,"column":38}},"140":{"start":{"line":141,"column":0},"end":{"line":141,"column":75}},"141":{"start":{"line":142,"column":0},"end":{"line":142,"column":37}},"142":{"start":{"line":143,"column":0},"end":{"line":143,"column":25}},"143":{"start":{"line":144,"column":0},"end":{"line":144,"column":82}},"144":{"start":{"line":145,"column":0},"end":{"line":145,"column":26}},"145":{"start":{"line":146,"column":0},"end":{"line":146,"column":25}},"146":{"start":{"line":147,"column":0},"end":{"line":147,"column":75}},"147":{"start":{"line":148,"column":0},"end":{"line":148,"column":26}},"148":{"start":{"line":149,"column":0},"end":{"line":149,"column":25}},"149":{"start":{"line":150,"column":0},"end":{"line":150,"column":75}},"150":{"start":{"line":151,"column":0},"end":{"line":151,"column":26}},"151":{"start":{"line":152,"column":0},"end":{"line":152,"column":25}},"152":{"start":{"line":153,"column":0},"end":{"line":153,"column":73}},"153":{"start":{"line":154,"column":0},"end":{"line":154,"column":26}},"154":{"start":{"line":155,"column":0},"end":{"line":155,"column":25}},"155":{"start":{"line":156,"column":0},"end":{"line":156,"column":74}},"156":{"start":{"line":157,"column":0},"end":{"line":157,"column":26}},"157":{"start":{"line":158,"column":0},"end":{"line":158,"column":25}},"158":{"start":{"line":159,"column":0},"end":{"line":159,"column":82}},"159":{"start":{"line":160,"column":0},"end":{"line":160,"column":26}},"160":{"start":{"line":161,"column":0},"end":{"line":161,"column":24}},"161":{"start":{"line":162,"column":0},"end":{"line":162,"column":58}},"162":{"start":{"line":163,"column":0},"end":{"line":163,"column":13}},"163":{"start":{"line":164,"column":0},"end":{"line":164,"column":25}},"164":{"start":{"line":165,"column":0},"end":{"line":165,"column":21}},"165":{"start":{"line":166,"column":0},"end":{"line":166,"column":58}},"166":{"start":{"line":167,"column":0},"end":{"line":167,"column":9}},"167":{"start":{"line":168,"column":0},"end":{"line":168,"column":5}},"168":{"start":{"line":169,"column":0},"end":{"line":169,"column":0}},"169":{"start":{"line":170,"column":0},"end":{"line":170,"column":55}},"170":{"start":{"line":171,"column":0},"end":{"line":171,"column":12}},"171":{"start":{"line":172,"column":0},"end":{"line":172,"column":45}},"172":{"start":{"line":173,"column":0},"end":{"line":173,"column":46}},"173":{"start":{"line":174,"column":0},"end":{"line":174,"column":62}},"174":{"start":{"line":175,"column":0},"end":{"line":175,"column":0}},"175":{"start":{"line":176,"column":0},"end":{"line":176,"column":71}},"176":{"start":{"line":177,"column":0},"end":{"line":177,"column":87}},"177":{"start":{"line":178,"column":0},"end":{"line":178,"column":67}},"178":{"start":{"line":179,"column":0},"end":{"line":179,"column":0}},"179":{"start":{"line":180,"column":0},"end":{"line":180,"column":68}},"180":{"start":{"line":181,"column":0},"end":{"line":181,"column":115}},"181":{"start":{"line":182,"column":0},"end":{"line":182,"column":68}},"182":{"start":{"line":183,"column":0},"end":{"line":183,"column":115}},"183":{"start":{"line":184,"column":0},"end":{"line":184,"column":12}},"184":{"start":{"line":185,"column":0},"end":{"line":185,"column":40}},"185":{"start":{"line":186,"column":0},"end":{"line":186,"column":71}},"186":{"start":{"line":187,"column":0},"end":{"line":187,"column":80}},"187":{"start":{"line":188,"column":0},"end":{"line":188,"column":83}},"188":{"start":{"line":189,"column":0},"end":{"line":189,"column":17}},"189":{"start":{"line":190,"column":0},"end":{"line":190,"column":20}},"190":{"start":{"line":191,"column":0},"end":{"line":191,"column":71}},"191":{"start":{"line":192,"column":0},"end":{"line":192,"column":80}},"192":{"start":{"line":193,"column":0},"end":{"line":193,"column":83}},"193":{"start":{"line":194,"column":0},"end":{"line":194,"column":17}},"194":{"start":{"line":195,"column":0},"end":{"line":195,"column":13}},"195":{"start":{"line":196,"column":0},"end":{"line":196,"column":0}},"196":{"start":{"line":197,"column":0},"end":{"line":197,"column":30}},"197":{"start":{"line":198,"column":0},"end":{"line":198,"column":20}},"198":{"start":{"line":199,"column":0},"end":{"line":199,"column":69}},"199":{"start":{"line":200,"column":0},"end":{"line":200,"column":9}},"200":{"start":{"line":201,"column":0},"end":{"line":201,"column":8}},"201":{"start":{"line":202,"column":0},"end":{"line":202,"column":5}},"202":{"start":{"line":203,"column":0},"end":{"line":203,"column":5}},"203":{"start":{"line":204,"column":0},"end":{"line":204,"column":141}},"204":{"start":{"line":205,"column":0},"end":{"line":205,"column":13}},"205":{"start":{"line":206,"column":0},"end":{"line":206,"column":46}},"206":{"start":{"line":207,"column":0},"end":{"line":207,"column":0}},"207":{"start":{"line":208,"column":0},"end":{"line":208,"column":139}},"208":{"start":{"line":209,"column":0},"end":{"line":209,"column":0}},"209":{"start":{"line":210,"column":0},"end":{"line":210,"column":44}},"210":{"start":{"line":211,"column":0},"end":{"line":211,"column":71}},"211":{"start":{"line":212,"column":0},"end":{"line":212,"column":71}},"212":{"start":{"line":213,"column":0},"end":{"line":213,"column":92}},"213":{"start":{"line":214,"column":0},"end":{"line":214,"column":173}},"214":{"start":{"line":215,"column":0},"end":{"line":215,"column":17}},"215":{"start":{"line":216,"column":0},"end":{"line":216,"column":95}},"216":{"start":{"line":217,"column":0},"end":{"line":217,"column":222}},"217":{"start":{"line":218,"column":0},"end":{"line":218,"column":17}},"218":{"start":{"line":219,"column":0},"end":{"line":219,"column":13}},"219":{"start":{"line":220,"column":0},"end":{"line":220,"column":0}},"220":{"start":{"line":221,"column":0},"end":{"line":221,"column":63}},"221":{"start":{"line":222,"column":0},"end":{"line":222,"column":39}},"222":{"start":{"line":223,"column":0},"end":{"line":223,"column":46}},"223":{"start":{"line":224,"column":0},"end":{"line":224,"column":73}},"224":{"start":{"line":225,"column":0},"end":{"line":225,"column":17}},"225":{"start":{"line":226,"column":0},"end":{"line":226,"column":37}},"226":{"start":{"line":227,"column":0},"end":{"line":227,"column":16}},"227":{"start":{"line":228,"column":0},"end":{"line":228,"column":13}},"228":{"start":{"line":229,"column":0},"end":{"line":229,"column":30}},"229":{"start":{"line":230,"column":0},"end":{"line":230,"column":19}},"230":{"start":{"line":231,"column":0},"end":{"line":231,"column":68}},"231":{"start":{"line":232,"column":0},"end":{"line":232,"column":9}},"232":{"start":{"line":233,"column":0},"end":{"line":233,"column":8}},"233":{"start":{"line":234,"column":0},"end":{"line":234,"column":5}},"234":{"start":{"line":235,"column":0},"end":{"line":235,"column":4}},"235":{"start":{"line":236,"column":0},"end":{"line":236,"column":83}},"236":{"start":{"line":237,"column":0},"end":{"line":237,"column":13}},"237":{"start":{"line":238,"column":0},"end":{"line":238,"column":45}},"238":{"start":{"line":239,"column":0},"end":{"line":239,"column":36}},"239":{"start":{"line":240,"column":0},"end":{"line":240,"column":40}},"240":{"start":{"line":241,"column":0},"end":{"line":241,"column":66}},"241":{"start":{"line":242,"column":0},"end":{"line":242,"column":66}},"242":{"start":{"line":243,"column":0},"end":{"line":243,"column":212}},"243":{"start":{"line":244,"column":0},"end":{"line":244,"column":49}},"244":{"start":{"line":245,"column":0},"end":{"line":245,"column":21}},"245":{"start":{"line":246,"column":0},"end":{"line":246,"column":212}},"246":{"start":{"line":247,"column":0},"end":{"line":247,"column":49}},"247":{"start":{"line":248,"column":0},"end":{"line":248,"column":21}},"248":{"start":{"line":249,"column":0},"end":{"line":249,"column":17}},"249":{"start":{"line":250,"column":0},"end":{"line":250,"column":13}},"250":{"start":{"line":251,"column":0},"end":{"line":251,"column":30}},"251":{"start":{"line":252,"column":0},"end":{"line":252,"column":21}},"252":{"start":{"line":253,"column":0},"end":{"line":253,"column":69}},"253":{"start":{"line":254,"column":0},"end":{"line":254,"column":9}},"254":{"start":{"line":255,"column":0},"end":{"line":255,"column":0}},"255":{"start":{"line":256,"column":0},"end":{"line":256,"column":5}},"256":{"start":{"line":257,"column":0},"end":{"line":257,"column":4}},"257":{"start":{"line":258,"column":0},"end":{"line":258,"column":83}},"258":{"start":{"line":259,"column":0},"end":{"line":259,"column":130}},"259":{"start":{"line":260,"column":0},"end":{"line":260,"column":26}},"260":{"start":{"line":261,"column":0},"end":{"line":261,"column":5}},"261":{"start":{"line":262,"column":0},"end":{"line":262,"column":0}},"262":{"start":{"line":263,"column":0},"end":{"line":263,"column":82}},"263":{"start":{"line":264,"column":0},"end":{"line":264,"column":128}},"264":{"start":{"line":265,"column":0},"end":{"line":265,"column":25}},"265":{"start":{"line":266,"column":0},"end":{"line":266,"column":5}},"266":{"start":{"line":267,"column":0},"end":{"line":267,"column":0}},"267":{"start":{"line":268,"column":0},"end":{"line":268,"column":85}},"268":{"start":{"line":269,"column":0},"end":{"line":269,"column":156}},"269":{"start":{"line":270,"column":0},"end":{"line":270,"column":29}},"270":{"start":{"line":271,"column":0},"end":{"line":271,"column":5}},"271":{"start":{"line":272,"column":0},"end":{"line":272,"column":0}},"272":{"start":{"line":273,"column":0},"end":{"line":273,"column":133}},"273":{"start":{"line":274,"column":0},"end":{"line":274,"column":12}},"274":{"start":{"line":275,"column":0},"end":{"line":275,"column":51}},"275":{"start":{"line":276,"column":0},"end":{"line":276,"column":45}},"276":{"start":{"line":277,"column":0},"end":{"line":277,"column":51}},"277":{"start":{"line":278,"column":0},"end":{"line":278,"column":47}},"278":{"start":{"line":279,"column":0},"end":{"line":279,"column":98}},"279":{"start":{"line":280,"column":0},"end":{"line":280,"column":38}},"280":{"start":{"line":281,"column":0},"end":{"line":281,"column":50}},"281":{"start":{"line":282,"column":0},"end":{"line":282,"column":49}},"282":{"start":{"line":283,"column":0},"end":{"line":283,"column":33}},"283":{"start":{"line":284,"column":0},"end":{"line":284,"column":21}},"284":{"start":{"line":285,"column":0},"end":{"line":285,"column":130}},"285":{"start":{"line":286,"column":0},"end":{"line":286,"column":47}},"286":{"start":{"line":287,"column":0},"end":{"line":287,"column":30}},"287":{"start":{"line":288,"column":0},"end":{"line":288,"column":22}},"288":{"start":{"line":289,"column":0},"end":{"line":289,"column":26}},"289":{"start":{"line":290,"column":0},"end":{"line":290,"column":17}},"290":{"start":{"line":291,"column":0},"end":{"line":291,"column":13}},"291":{"start":{"line":292,"column":0},"end":{"line":292,"column":30}},"292":{"start":{"line":293,"column":0},"end":{"line":293,"column":21}},"293":{"start":{"line":294,"column":0},"end":{"line":294,"column":78}},"294":{"start":{"line":295,"column":0},"end":{"line":295,"column":9}},"295":{"start":{"line":296,"column":0},"end":{"line":296,"column":0}},"296":{"start":{"line":297,"column":0},"end":{"line":297,"column":5}},"297":{"start":{"line":298,"column":0},"end":{"line":298,"column":0}},"298":{"start":{"line":299,"column":0},"end":{"line":299,"column":26}},"299":{"start":{"line":300,"column":0},"end":{"line":300,"column":12}},"300":{"start":{"line":301,"column":0},"end":{"line":301,"column":55}},"301":{"start":{"line":302,"column":0},"end":{"line":302,"column":45}},"302":{"start":{"line":303,"column":0},"end":{"line":303,"column":45}},"303":{"start":{"line":304,"column":0},"end":{"line":304,"column":4}},"304":{"start":{"line":305,"column":0},"end":{"line":305,"column":64}},"305":{"start":{"line":306,"column":0},"end":{"line":306,"column":64}},"306":{"start":{"line":307,"column":0},"end":{"line":307,"column":12}},"307":{"start":{"line":308,"column":0},"end":{"line":308,"column":75}},"308":{"start":{"line":309,"column":0},"end":{"line":309,"column":16}},"309":{"start":{"line":310,"column":0},"end":{"line":310,"column":56}},"310":{"start":{"line":311,"column":0},"end":{"line":311,"column":71}},"311":{"start":{"line":312,"column":0},"end":{"line":312,"column":99}},"312":{"start":{"line":313,"column":0},"end":{"line":313,"column":58}},"313":{"start":{"line":314,"column":0},"end":{"line":314,"column":82}},"314":{"start":{"line":315,"column":0},"end":{"line":315,"column":17}},"315":{"start":{"line":316,"column":0},"end":{"line":316,"column":43}},"316":{"start":{"line":317,"column":0},"end":{"line":317,"column":49}},"317":{"start":{"line":318,"column":0},"end":{"line":318,"column":56}},"318":{"start":{"line":319,"column":0},"end":{"line":319,"column":21}},"319":{"start":{"line":320,"column":0},"end":{"line":320,"column":80}},"320":{"start":{"line":321,"column":0},"end":{"line":321,"column":24}},"321":{"start":{"line":322,"column":0},"end":{"line":322,"column":77}},"322":{"start":{"line":323,"column":0},"end":{"line":323,"column":84}},"323":{"start":{"line":324,"column":0},"end":{"line":324,"column":106}},"324":{"start":{"line":325,"column":0},"end":{"line":325,"column":106}},"325":{"start":{"line":326,"column":0},"end":{"line":326,"column":17}},"326":{"start":{"line":327,"column":0},"end":{"line":327,"column":13}},"327":{"start":{"line":328,"column":0},"end":{"line":328,"column":105}},"328":{"start":{"line":329,"column":0},"end":{"line":329,"column":74}},"329":{"start":{"line":330,"column":0},"end":{"line":330,"column":74}},"330":{"start":{"line":331,"column":0},"end":{"line":331,"column":4}},"331":{"start":{"line":332,"column":0},"end":{"line":332,"column":113}},"332":{"start":{"line":333,"column":0},"end":{"line":333,"column":113}},"333":{"start":{"line":334,"column":0},"end":{"line":334,"column":4}},"334":{"start":{"line":335,"column":0},"end":{"line":335,"column":117}},"335":{"start":{"line":336,"column":0},"end":{"line":336,"column":16}},"336":{"start":{"line":337,"column":0},"end":{"line":337,"column":83}},"337":{"start":{"line":338,"column":0},"end":{"line":338,"column":169}},"338":{"start":{"line":339,"column":0},"end":{"line":339,"column":200}},"339":{"start":{"line":340,"column":0},"end":{"line":340,"column":16}},"340":{"start":{"line":341,"column":0},"end":{"line":341,"column":62}},"341":{"start":{"line":342,"column":0},"end":{"line":342,"column":0}},"342":{"start":{"line":343,"column":0},"end":{"line":343,"column":61}},"343":{"start":{"line":344,"column":0},"end":{"line":344,"column":42}},"344":{"start":{"line":345,"column":0},"end":{"line":345,"column":95}},"345":{"start":{"line":346,"column":0},"end":{"line":346,"column":59}},"346":{"start":{"line":347,"column":0},"end":{"line":347,"column":85}},"347":{"start":{"line":348,"column":0},"end":{"line":348,"column":64}},"348":{"start":{"line":349,"column":0},"end":{"line":349,"column":66}},"349":{"start":{"line":350,"column":0},"end":{"line":350,"column":90}},"350":{"start":{"line":351,"column":0},"end":{"line":351,"column":25}},"351":{"start":{"line":352,"column":0},"end":{"line":352,"column":90}},"352":{"start":{"line":353,"column":0},"end":{"line":353,"column":28}},"353":{"start":{"line":354,"column":0},"end":{"line":354,"column":52}},"354":{"start":{"line":355,"column":0},"end":{"line":355,"column":32}},"355":{"start":{"line":356,"column":0},"end":{"line":356,"column":50}},"356":{"start":{"line":357,"column":0},"end":{"line":357,"column":75}},"357":{"start":{"line":358,"column":0},"end":{"line":358,"column":36}},"358":{"start":{"line":359,"column":0},"end":{"line":359,"column":60}},"359":{"start":{"line":360,"column":0},"end":{"line":360,"column":57}},"360":{"start":{"line":361,"column":0},"end":{"line":361,"column":37}},"361":{"start":{"line":362,"column":0},"end":{"line":362,"column":34}},"362":{"start":{"line":363,"column":0},"end":{"line":363,"column":105}},"363":{"start":{"line":364,"column":0},"end":{"line":364,"column":32}},"364":{"start":{"line":365,"column":0},"end":{"line":365,"column":93}},"365":{"start":{"line":366,"column":0},"end":{"line":366,"column":36}},"366":{"start":{"line":367,"column":0},"end":{"line":367,"column":53}},"367":{"start":{"line":368,"column":0},"end":{"line":368,"column":29}},"368":{"start":{"line":369,"column":0},"end":{"line":369,"column":25}},"369":{"start":{"line":370,"column":0},"end":{"line":370,"column":21}},"370":{"start":{"line":371,"column":0},"end":{"line":371,"column":17}},"371":{"start":{"line":372,"column":0},"end":{"line":372,"column":0}},"372":{"start":{"line":373,"column":0},"end":{"line":373,"column":148}},"373":{"start":{"line":374,"column":0},"end":{"line":374,"column":57}},"374":{"start":{"line":375,"column":0},"end":{"line":375,"column":17}},"375":{"start":{"line":376,"column":0},"end":{"line":376,"column":14}},"376":{"start":{"line":377,"column":0},"end":{"line":377,"column":0}},"377":{"start":{"line":378,"column":0},"end":{"line":378,"column":21}},"378":{"start":{"line":379,"column":0},"end":{"line":379,"column":64}},"379":{"start":{"line":380,"column":0},"end":{"line":380,"column":9}},"380":{"start":{"line":381,"column":0},"end":{"line":381,"column":5}},"381":{"start":{"line":382,"column":0},"end":{"line":382,"column":0}},"382":{"start":{"line":383,"column":0},"end":{"line":383,"column":139}},"383":{"start":{"line":384,"column":0},"end":{"line":384,"column":109}},"384":{"start":{"line":385,"column":0},"end":{"line":385,"column":132}},"385":{"start":{"line":386,"column":0},"end":{"line":386,"column":84}},"386":{"start":{"line":387,"column":0},"end":{"line":387,"column":13}},"387":{"start":{"line":388,"column":0},"end":{"line":388,"column":0}},"388":{"start":{"line":389,"column":0},"end":{"line":389,"column":38}},"389":{"start":{"line":390,"column":0},"end":{"line":390,"column":48}},"390":{"start":{"line":391,"column":0},"end":{"line":391,"column":31}},"391":{"start":{"line":392,"column":0},"end":{"line":392,"column":31}},"392":{"start":{"line":393,"column":0},"end":{"line":393,"column":32}},"393":{"start":{"line":394,"column":0},"end":{"line":394,"column":24}},"394":{"start":{"line":395,"column":0},"end":{"line":395,"column":4}},"395":{"start":{"line":396,"column":0},"end":{"line":396,"column":60}},"396":{"start":{"line":397,"column":0},"end":{"line":397,"column":60}},"397":{"start":{"line":398,"column":0},"end":{"line":398,"column":56}},"398":{"start":{"line":399,"column":0},"end":{"line":399,"column":0}},"399":{"start":{"line":400,"column":0},"end":{"line":400,"column":0}},"400":{"start":{"line":401,"column":0},"end":{"line":401,"column":79}},"401":{"start":{"line":402,"column":0},"end":{"line":402,"column":38}},"402":{"start":{"line":403,"column":0},"end":{"line":403,"column":52}},"403":{"start":{"line":404,"column":0},"end":{"line":404,"column":38}},"404":{"start":{"line":405,"column":0},"end":{"line":405,"column":54}},"405":{"start":{"line":406,"column":0},"end":{"line":406,"column":37}},"406":{"start":{"line":407,"column":0},"end":{"line":407,"column":74}},"407":{"start":{"line":408,"column":0},"end":{"line":408,"column":101}},"408":{"start":{"line":409,"column":0},"end":{"line":409,"column":101}},"409":{"start":{"line":410,"column":0},"end":{"line":410,"column":105}},"410":{"start":{"line":411,"column":0},"end":{"line":411,"column":42}},"411":{"start":{"line":412,"column":0},"end":{"line":412,"column":121}},"412":{"start":{"line":413,"column":0},"end":{"line":413,"column":32}},"413":{"start":{"line":414,"column":0},"end":{"line":414,"column":47}},"414":{"start":{"line":415,"column":0},"end":{"line":415,"column":25}},"415":{"start":{"line":416,"column":0},"end":{"line":416,"column":35}},"416":{"start":{"line":417,"column":0},"end":{"line":417,"column":21}},"417":{"start":{"line":418,"column":0},"end":{"line":418,"column":18}},"418":{"start":{"line":419,"column":0},"end":{"line":419,"column":13}},"419":{"start":{"line":420,"column":0},"end":{"line":420,"column":0}},"420":{"start":{"line":421,"column":0},"end":{"line":421,"column":52}},"421":{"start":{"line":422,"column":0},"end":{"line":422,"column":52}},"422":{"start":{"line":423,"column":0},"end":{"line":423,"column":50}},"423":{"start":{"line":424,"column":0},"end":{"line":424,"column":12}},"424":{"start":{"line":425,"column":0},"end":{"line":425,"column":23}},"425":{"start":{"line":426,"column":0},"end":{"line":426,"column":0}},"426":{"start":{"line":427,"column":0},"end":{"line":427,"column":21}},"427":{"start":{"line":428,"column":0},"end":{"line":428,"column":70}},"428":{"start":{"line":429,"column":0},"end":{"line":429,"column":9}},"429":{"start":{"line":430,"column":0},"end":{"line":430,"column":5}},"430":{"start":{"line":431,"column":0},"end":{"line":431,"column":0}},"431":{"start":{"line":432,"column":0},"end":{"line":432,"column":83}},"432":{"start":{"line":433,"column":0},"end":{"line":433,"column":13}},"433":{"start":{"line":434,"column":0},"end":{"line":434,"column":40}},"434":{"start":{"line":435,"column":0},"end":{"line":435,"column":36}},"435":{"start":{"line":436,"column":0},"end":{"line":436,"column":91}},"436":{"start":{"line":437,"column":0},"end":{"line":437,"column":13}},"437":{"start":{"line":438,"column":0},"end":{"line":438,"column":35}},"438":{"start":{"line":439,"column":0},"end":{"line":439,"column":86}},"439":{"start":{"line":440,"column":0},"end":{"line":440,"column":20}},"440":{"start":{"line":441,"column":0},"end":{"line":441,"column":59}},"441":{"start":{"line":442,"column":0},"end":{"line":442,"column":39}},"442":{"start":{"line":443,"column":0},"end":{"line":443,"column":31}},"443":{"start":{"line":444,"column":0},"end":{"line":444,"column":24}},"444":{"start":{"line":445,"column":0},"end":{"line":445,"column":95}},"445":{"start":{"line":446,"column":0},"end":{"line":446,"column":83}},"446":{"start":{"line":447,"column":0},"end":{"line":447,"column":52}},"447":{"start":{"line":448,"column":0},"end":{"line":448,"column":123}},"448":{"start":{"line":449,"column":0},"end":{"line":449,"column":133}},"449":{"start":{"line":450,"column":0},"end":{"line":450,"column":139}},"450":{"start":{"line":451,"column":0},"end":{"line":451,"column":49}},"451":{"start":{"line":452,"column":0},"end":{"line":452,"column":0}},"452":{"start":{"line":453,"column":0},"end":{"line":453,"column":89}},"453":{"start":{"line":454,"column":0},"end":{"line":454,"column":28}},"454":{"start":{"line":455,"column":0},"end":{"line":455,"column":76}},"455":{"start":{"line":456,"column":0},"end":{"line":456,"column":28}},"456":{"start":{"line":457,"column":0},"end":{"line":457,"column":134}},"457":{"start":{"line":458,"column":0},"end":{"line":458,"column":47}},"458":{"start":{"line":459,"column":0},"end":{"line":459,"column":66}},"459":{"start":{"line":460,"column":0},"end":{"line":460,"column":41}},"460":{"start":{"line":461,"column":0},"end":{"line":461,"column":29}},"461":{"start":{"line":462,"column":0},"end":{"line":462,"column":0}},"462":{"start":{"line":463,"column":0},"end":{"line":463,"column":124}},"463":{"start":{"line":464,"column":0},"end":{"line":464,"column":28}},"464":{"start":{"line":465,"column":0},"end":{"line":465,"column":124}},"465":{"start":{"line":466,"column":0},"end":{"line":466,"column":28}},"466":{"start":{"line":467,"column":0},"end":{"line":467,"column":73}},"467":{"start":{"line":468,"column":0},"end":{"line":468,"column":28}},"468":{"start":{"line":469,"column":0},"end":{"line":469,"column":87}},"469":{"start":{"line":470,"column":0},"end":{"line":470,"column":72}},"470":{"start":{"line":471,"column":0},"end":{"line":471,"column":51}},"471":{"start":{"line":472,"column":0},"end":{"line":472,"column":42}},"472":{"start":{"line":473,"column":0},"end":{"line":473,"column":29}},"473":{"start":{"line":474,"column":0},"end":{"line":474,"column":0}},"474":{"start":{"line":475,"column":0},"end":{"line":475,"column":25}},"475":{"start":{"line":476,"column":0},"end":{"line":476,"column":21}},"476":{"start":{"line":477,"column":0},"end":{"line":477,"column":17}},"477":{"start":{"line":478,"column":0},"end":{"line":478,"column":60}},"478":{"start":{"line":479,"column":0},"end":{"line":479,"column":13}},"479":{"start":{"line":480,"column":0},"end":{"line":480,"column":0}},"480":{"start":{"line":481,"column":0},"end":{"line":481,"column":21}},"481":{"start":{"line":482,"column":0},"end":{"line":482,"column":75}},"482":{"start":{"line":483,"column":0},"end":{"line":483,"column":9}},"483":{"start":{"line":484,"column":0},"end":{"line":484,"column":5}},"484":{"start":{"line":485,"column":0},"end":{"line":485,"column":0}},"485":{"start":{"line":486,"column":0},"end":{"line":486,"column":33}},"486":{"start":{"line":487,"column":0},"end":{"line":487,"column":12}},"487":{"start":{"line":488,"column":0},"end":{"line":488,"column":96}},"488":{"start":{"line":489,"column":0},"end":{"line":489,"column":50}},"489":{"start":{"line":490,"column":0},"end":{"line":490,"column":50}},"490":{"start":{"line":491,"column":0},"end":{"line":491,"column":50}},"491":{"start":{"line":492,"column":0},"end":{"line":492,"column":30}},"492":{"start":{"line":493,"column":0},"end":{"line":493,"column":58}},"493":{"start":{"line":494,"column":0},"end":{"line":494,"column":19}},"494":{"start":{"line":495,"column":0},"end":{"line":495,"column":56}},"495":{"start":{"line":496,"column":0},"end":{"line":496,"column":9}},"496":{"start":{"line":497,"column":0},"end":{"line":497,"column":0}},"497":{"start":{"line":498,"column":0},"end":{"line":498,"column":5}},"498":{"start":{"line":499,"column":0},"end":{"line":499,"column":0}},"499":{"start":{"line":500,"column":0},"end":{"line":500,"column":0}},"500":{"start":{"line":501,"column":0},"end":{"line":501,"column":1}},"501":{"start":{"line":502,"column":0},"end":{"line":502,"column":0}},"502":{"start":{"line":503,"column":0},"end":{"line":503,"column":19}},"503":{"start":{"line":504,"column":0},"end":{"line":504,"column":29}},"504":{"start":{"line":505,"column":0},"end":{"line":505,"column":0}},"505":{"start":{"line":506,"column":0},"end":{"line":506,"column":18}},"506":{"start":{"line":507,"column":0},"end":{"line":507,"column":29}},"507":{"start":{"line":508,"column":0},"end":{"line":508,"column":5}},"508":{"start":{"line":509,"column":0},"end":{"line":509,"column":0}},"509":{"start":{"line":510,"column":0},"end":{"line":510,"column":32}},"510":{"start":{"line":511,"column":0},"end":{"line":511,"column":41}},"511":{"start":{"line":512,"column":0},"end":{"line":512,"column":5}},"512":{"start":{"line":513,"column":0},"end":{"line":513,"column":0}},"513":{"start":{"line":514,"column":0},"end":{"line":514,"column":45}},"514":{"start":{"line":515,"column":0},"end":{"line":515,"column":12}},"515":{"start":{"line":516,"column":0},"end":{"line":516,"column":38}},"516":{"start":{"line":517,"column":0},"end":{"line":517,"column":47}},"517":{"start":{"line":518,"column":0},"end":{"line":518,"column":13}},"518":{"start":{"line":519,"column":0},"end":{"line":519,"column":19}},"519":{"start":{"line":520,"column":0},"end":{"line":520,"column":50}},"520":{"start":{"line":521,"column":0},"end":{"line":521,"column":9}},"521":{"start":{"line":522,"column":0},"end":{"line":522,"column":8}},"522":{"start":{"line":523,"column":0},"end":{"line":523,"column":5}},"523":{"start":{"line":524,"column":0},"end":{"line":524,"column":0}},"524":{"start":{"line":525,"column":0},"end":{"line":525,"column":35}},"525":{"start":{"line":526,"column":0},"end":{"line":526,"column":44}},"526":{"start":{"line":527,"column":0},"end":{"line":527,"column":5}},"527":{"start":{"line":528,"column":0},"end":{"line":528,"column":0}},"528":{"start":{"line":529,"column":0},"end":{"line":529,"column":35}},"529":{"start":{"line":530,"column":0},"end":{"line":530,"column":48}},"530":{"start":{"line":531,"column":0},"end":{"line":531,"column":5}},"531":{"start":{"line":532,"column":0},"end":{"line":532,"column":1}},"532":{"start":{"line":533,"column":0},"end":{"line":533,"column":0}},"533":{"start":{"line":534,"column":0},"end":{"line":534,"column":0}},"534":{"start":{"line":535,"column":0},"end":{"line":535,"column":84}},"535":{"start":{"line":536,"column":0},"end":{"line":536,"column":4}},"536":{"start":{"line":537,"column":0},"end":{"line":537,"column":36}},"537":{"start":{"line":538,"column":0},"end":{"line":538,"column":79}},"538":{"start":{"line":539,"column":0},"end":{"line":539,"column":3}},"539":{"start":{"line":540,"column":0},"end":{"line":540,"column":79}},"540":{"start":{"line":541,"column":0},"end":{"line":541,"column":68}},"541":{"start":{"line":542,"column":0},"end":{"line":542,"column":26}},"542":{"start":{"line":543,"column":0},"end":{"line":543,"column":10}},"543":{"start":{"line":544,"column":0},"end":{"line":544,"column":21}},"544":{"start":{"line":545,"column":0},"end":{"line":545,"column":1}}},"s":{"0":1,"1":1,"2":1,"3":1,"4":1,"5":1,"6":1,"7":1,"8":1,"9":1,"10":1,"11":1,"12":1,"13":1,"14":1,"15":1,"16":4173,"17":4173,"18":4083,"19":4173,"20":90,"21":90,"22":4173,"23":1,"24":1,"25":36,"26":36,"27":36,"28":36,"29":36,"30":36,"31":0,"32":0,"33":36,"34":1,"35":1,"36":4,"37":4,"38":4,"39":4,"40":0,"41":0,"42":4,"43":1,"44":1,"45":4,"46":4,"47":4,"48":4,"49":4,"50":4,"51":4,"52":4,"53":4,"54":4,"55":4,"56":4,"57":4,"58":4,"59":4,"60":10,"61":4,"62":4,"63":4,"64":4,"65":4,"66":4,"67":4,"68":4,"69":0,"70":0,"71":0,"72":0,"73":0,"74":0,"75":0,"76":0,"77":0,"78":0,"79":0,"80":0,"81":0,"82":0,"83":0,"84":0,"85":0,"86":0,"87":4,"88":4,"89":0,"90":0,"91":4,"92":4,"93":4,"94":4,"95":4,"96":0,"97":0,"98":4,"99":1,"100":1,"101":0,"102":0,"103":0,"104":0,"105":0,"106":0,"107":0,"108":0,"109":0,"110":0,"111":0,"112":0,"113":0,"114":0,"115":0,"116":0,"117":0,"118":0,"119":0,"120":0,"121":0,"122":0,"123":0,"124":0,"125":1,"126":1,"127":0,"128":0,"129":0,"130":0,"131":0,"132":0,"133":0,"134":0,"135":1,"136":1,"137":540,"138":540,"139":540,"140":540,"141":540,"142":540,"143":288,"144":288,"145":540,"146":72,"147":72,"148":540,"149":72,"150":72,"151":540,"152":72,"153":72,"154":540,"155":36,"156":36,"157":540,"158":0,"159":0,"160":540,"161":0,"162":540,"163":540,"164":540,"165":0,"166":0,"167":540,"168":1,"169":1,"170":288,"171":288,"172":288,"173":288,"174":288,"175":288,"176":288,"177":288,"178":288,"179":288,"180":288,"181":288,"182":288,"183":288,"184":288,"185":144,"186":120,"187":120,"188":120,"189":144,"190":144,"191":132,"192":132,"193":132,"194":144,"195":288,"196":288,"197":288,"198":0,"199":0,"200":288,"201":288,"202":1,"203":1,"204":18,"205":18,"206":18,"207":18,"208":18,"209":18,"210":18,"211":18,"212":18,"213":0,"214":0,"215":18,"216":0,"217":0,"218":18,"219":0,"220":0,"221":0,"222":0,"223":0,"224":0,"225":0,"226":0,"227":0,"228":0,"229":18,"230":18,"231":18,"232":18,"233":18,"234":1,"235":1,"236":74,"237":74,"238":74,"239":148,"240":296,"241":296,"242":296,"243":44,"244":44,"245":296,"246":138,"247":138,"248":296,"249":148,"250":74,"251":74,"252":0,"253":0,"254":74,"255":74,"256":1,"257":1,"258":74,"259":74,"260":74,"261":1,"262":1,"263":74,"264":74,"265":74,"266":1,"267":1,"268":36,"269":36,"270":36,"271":1,"272":1,"273":202,"274":202,"275":202,"276":202,"277":1024,"278":1172,"279":1172,"280":1172,"281":164,"282":164,"283":164,"284":1172,"285":226,"286":226,"287":1172,"288":294,"289":294,"290":1024,"291":202,"292":202,"293":0,"294":0,"295":202,"296":202,"297":1,"298":1,"299":9,"300":9,"301":9,"302":9,"303":9,"304":9,"305":9,"306":9,"307":9,"308":288,"309":288,"310":288,"311":288,"312":288,"313":0,"314":0,"315":288,"316":18,"317":9,"318":9,"319":18,"320":288,"321":270,"322":270,"323":270,"324":270,"325":270,"326":288,"327":9,"328":9,"329":9,"330":9,"331":9,"332":9,"333":9,"334":9,"335":2,"336":2,"337":2,"338":2,"339":2,"340":2,"341":2,"342":2,"343":2,"344":0,"345":2,"346":2,"347":4,"348":4,"349":0,"350":0,"351":4,"352":4,"353":4,"354":4,"355":4,"356":4,"357":2,"358":2,"359":0,"360":0,"361":4,"362":4,"363":2,"364":4,"365":4,"366":0,"367":0,"368":4,"369":4,"370":0,"371":0,"372":2,"373":0,"374":0,"375":9,"376":9,"377":9,"378":2,"379":2,"380":9,"381":1,"382":1,"383":2,"384":2,"385":2,"386":2,"387":2,"388":2,"389":2,"390":2,"391":2,"392":2,"393":2,"394":2,"395":2,"396":2,"397":2,"398":2,"399":2,"400":2,"401":6,"402":10,"403":10,"404":2,"405":2,"406":10,"407":2,"408":10,"409":10,"410":2,"411":0,"412":2,"413":2,"414":2,"415":2,"416":2,"417":6,"418":6,"419":2,"420":2,"421":2,"422":2,"423":2,"424":2,"425":2,"426":2,"427":0,"428":0,"429":2,"430":1,"431":1,"432":2,"433":2,"434":2,"435":0,"436":0,"437":2,"438":0,"439":2,"440":2,"441":0,"442":0,"443":2,"444":2,"445":2,"446":2,"447":2,"448":0,"449":2,"450":2,"451":16,"452":16,"453":128,"454":128,"455":32,"456":32,"457":128,"458":16,"459":16,"460":16,"461":16,"462":128,"463":16,"464":128,"465":16,"466":16,"467":16,"468":128,"469":0,"470":0,"471":0,"472":0,"473":128,"474":128,"475":16,"476":2,"477":2,"478":2,"479":2,"480":2,"481":2,"482":2,"483":2,"484":1,"485":1,"486":0,"487":0,"488":0,"489":0,"490":0,"491":0,"492":0,"493":0,"494":0,"495":0,"496":0,"497":0,"498":1,"499":1,"500":1,"501":1,"502":1,"503":1,"504":1,"505":1,"506":20,"507":20,"508":1,"509":1,"510":0,"511":0,"512":1,"513":1,"514":270,"515":270,"516":666,"517":666,"518":270,"519":0,"520":0,"521":270,"522":270,"523":1,"524":1,"525":0,"526":0,"527":1,"528":1,"529":24,"530":24,"531":1,"532":1,"533":1,"534":2948,"535":2948,"536":2948,"537":2948,"538":2948,"539":2948,"540":1986,"541":1986,"542":2948,"543":962,"544":962},"branchMap":{"0":{"type":"branch","line":11,"loc":{"start":{"line":11,"column":4},"end":{"line":14,"column":5}},"locations":[{"start":{"line":11,"column":4},"end":{"line":14,"column":5}}]},"1":{"type":"branch","line":16,"loc":{"start":{"line":16,"column":4},"end":{"line":23,"column":5}},"locations":[{"start":{"line":16,"column":4},"end":{"line":23,"column":5}}]},"2":{"type":"branch","line":18,"loc":{"start":{"line":18,"column":24},"end":{"line":18,"column":60}},"locations":[{"start":{"line":18,"column":24},"end":{"line":18,"column":60}}]},"3":{"type":"branch","line":19,"loc":{"start":{"line":19,"column":-2},"end":{"line":20,"column":17}},"locations":[{"start":{"line":19,"column":-2},"end":{"line":20,"column":17}}]},"4":{"type":"branch","line":20,"loc":{"start":{"line":20,"column":10},"end":{"line":22,"column":9}},"locations":[{"start":{"line":20,"column":10},"end":{"line":22,"column":9}}]},"5":{"type":"branch","line":25,"loc":{"start":{"line":25,"column":4},"end":{"line":34,"column":5}},"locations":[{"start":{"line":25,"column":4},"end":{"line":34,"column":5}}]},"6":{"type":"branch","line":27,"loc":{"start":{"line":27,"column":46},"end":{"line":27,"column":107}},"locations":[{"start":{"line":27,"column":46},"end":{"line":27,"column":107}}]},"7":{"type":"branch","line":27,"loc":{"start":{"line":27,"column":117},"end":{"line":27,"column":166}},"locations":[{"start":{"line":27,"column":117},"end":{"line":27,"column":166}}]},"8":{"type":"branch","line":29,"loc":{"start":{"line":29,"column":60},"end":{"line":29,"column":98}},"locations":[{"start":{"line":29,"column":60},"end":{"line":29,"column":98}}]},"9":{"type":"branch","line":31,"loc":{"start":{"line":31,"column":10},"end":{"line":33,"column":9}},"locations":[{"start":{"line":31,"column":10},"end":{"line":33,"column":9}}]},"10":{"type":"branch","line":36,"loc":{"start":{"line":36,"column":4},"end":{"line":43,"column":5}},"locations":[{"start":{"line":36,"column":4},"end":{"line":43,"column":5}}]},"11":{"type":"branch","line":38,"loc":{"start":{"line":38,"column":56},"end":{"line":38,"column":95}},"locations":[{"start":{"line":38,"column":56},"end":{"line":38,"column":95}}]},"12":{"type":"branch","line":40,"loc":{"start":{"line":40,"column":10},"end":{"line":42,"column":9}},"locations":[{"start":{"line":40,"column":10},"end":{"line":42,"column":9}}]},"13":{"type":"branch","line":45,"loc":{"start":{"line":45,"column":4},"end":{"line":99,"column":5}},"locations":[{"start":{"line":45,"column":4},"end":{"line":99,"column":5}}]},"14":{"type":"branch","line":47,"loc":{"start":{"line":47,"column":22},"end":{"line":47,"column":68}},"locations":[{"start":{"line":47,"column":22},"end":{"line":47,"column":68}}]},"15":{"type":"branch","line":48,"loc":{"start":{"line":48,"column":20},"end":{"line":48,"column":64}},"locations":[{"start":{"line":48,"column":20},"end":{"line":48,"column":64}}]},"16":{"type":"branch","line":51,"loc":{"start":{"line":51,"column":23},"end":{"line":51,"column":76}},"locations":[{"start":{"line":51,"column":23},"end":{"line":51,"column":76}}]},"17":{"type":"branch","line":52,"loc":{"start":{"line":52,"column":27},"end":{"line":52,"column":77}},"locations":[{"start":{"line":52,"column":27},"end":{"line":52,"column":77}}]},"18":{"type":"branch","line":52,"loc":{"start":{"line":52,"column":79},"end":{"line":52,"column":143}},"locations":[{"start":{"line":52,"column":79},"end":{"line":52,"column":143}}]},"19":{"type":"branch","line":53,"loc":{"start":{"line":53,"column":57},"end":{"line":53,"column":90}},"locations":[{"start":{"line":53,"column":57},"end":{"line":53,"column":90}}]},"20":{"type":"branch","line":54,"loc":{"start":{"line":54,"column":39},"end":{"line":54,"column":84}},"locations":[{"start":{"line":54,"column":39},"end":{"line":54,"column":84}}]},"21":{"type":"branch","line":59,"loc":{"start":{"line":59,"column":61},"end":{"line":59,"column":124}},"locations":[{"start":{"line":59,"column":61},"end":{"line":59,"column":124}}]},"22":{"type":"branch","line":67,"loc":{"start":{"line":67,"column":39},"end":{"line":67,"column":82}},"locations":[{"start":{"line":67,"column":39},"end":{"line":67,"column":82}}]},"23":{"type":"branch","line":69,"loc":{"start":{"line":69,"column":39},"end":{"line":88,"column":13}},"locations":[{"start":{"line":69,"column":39},"end":{"line":88,"column":13}}]},"24":{"type":"branch","line":89,"loc":{"start":{"line":89,"column":40},"end":{"line":91,"column":13}},"locations":[{"start":{"line":89,"column":40},"end":{"line":91,"column":13}}]},"25":{"type":"branch","line":96,"loc":{"start":{"line":96,"column":10},"end":{"line":98,"column":9}},"locations":[{"start":{"line":96,"column":10},"end":{"line":98,"column":9}}]},"26":{"type":"branch","line":60,"loc":{"start":{"line":60,"column":52},"end":{"line":64,"column":13}},"locations":[{"start":{"line":60,"column":52},"end":{"line":64,"column":13}}]},"27":{"type":"branch","line":61,"loc":{"start":{"line":61,"column":60},"end":{"line":63,"column":17}},"locations":[{"start":{"line":61,"column":60},"end":{"line":63,"column":17}}]},"28":{"type":"branch","line":137,"loc":{"start":{"line":137,"column":12},"end":{"line":168,"column":5}},"locations":[{"start":{"line":137,"column":12},"end":{"line":168,"column":5}}]},"29":{"type":"branch","line":141,"loc":{"start":{"line":141,"column":30},"end":{"line":141,"column":75}},"locations":[{"start":{"line":141,"column":30},"end":{"line":141,"column":75}}]},"30":{"type":"branch","line":143,"loc":{"start":{"line":143,"column":16},"end":{"line":145,"column":26}},"locations":[{"start":{"line":143,"column":16},"end":{"line":145,"column":26}}]},"31":{"type":"branch","line":146,"loc":{"start":{"line":146,"column":16},"end":{"line":148,"column":26}},"locations":[{"start":{"line":146,"column":16},"end":{"line":148,"column":26}}]},"32":{"type":"branch","line":149,"loc":{"start":{"line":149,"column":16},"end":{"line":151,"column":26}},"locations":[{"start":{"line":149,"column":16},"end":{"line":151,"column":26}}]},"33":{"type":"branch","line":152,"loc":{"start":{"line":152,"column":16},"end":{"line":154,"column":26}},"locations":[{"start":{"line":152,"column":16},"end":{"line":154,"column":26}}]},"34":{"type":"branch","line":155,"loc":{"start":{"line":155,"column":16},"end":{"line":157,"column":26}},"locations":[{"start":{"line":155,"column":16},"end":{"line":157,"column":26}}]},"35":{"type":"branch","line":158,"loc":{"start":{"line":158,"column":16},"end":{"line":160,"column":26}},"locations":[{"start":{"line":158,"column":16},"end":{"line":160,"column":26}}]},"36":{"type":"branch","line":161,"loc":{"start":{"line":161,"column":16},"end":{"line":162,"column":58}},"locations":[{"start":{"line":161,"column":16},"end":{"line":162,"column":58}}]},"37":{"type":"branch","line":165,"loc":{"start":{"line":165,"column":10},"end":{"line":167,"column":9}},"locations":[{"start":{"line":165,"column":10},"end":{"line":167,"column":9}}]},"38":{"type":"branch","line":170,"loc":{"start":{"line":170,"column":12},"end":{"line":202,"column":5}},"locations":[{"start":{"line":170,"column":12},"end":{"line":202,"column":5}}]},"39":{"type":"branch","line":174,"loc":{"start":{"line":174,"column":53},"end":{"line":174,"column":57}},"locations":[{"start":{"line":174,"column":53},"end":{"line":174,"column":57}}]},"40":{"type":"branch","line":174,"loc":{"start":{"line":174,"column":58},"end":{"line":174,"column":61}},"locations":[{"start":{"line":174,"column":58},"end":{"line":174,"column":61}}]},"41":{"type":"branch","line":181,"loc":{"start":{"line":181,"column":38},"end":{"line":181,"column":90}},"locations":[{"start":{"line":181,"column":38},"end":{"line":181,"column":90}}]},"42":{"type":"branch","line":181,"loc":{"start":{"line":181,"column":93},"end":{"line":181,"column":115}},"locations":[{"start":{"line":181,"column":93},"end":{"line":181,"column":115}}]},"43":{"type":"branch","line":183,"loc":{"start":{"line":183,"column":38},"end":{"line":183,"column":90}},"locations":[{"start":{"line":183,"column":38},"end":{"line":183,"column":90}}]},"44":{"type":"branch","line":183,"loc":{"start":{"line":183,"column":93},"end":{"line":183,"column":115}},"locations":[{"start":{"line":183,"column":93},"end":{"line":183,"column":115}}]},"45":{"type":"branch","line":185,"loc":{"start":{"line":185,"column":39},"end":{"line":195,"column":13}},"locations":[{"start":{"line":185,"column":39},"end":{"line":195,"column":13}}]},"46":{"type":"branch","line":186,"loc":{"start":{"line":186,"column":36},"end":{"line":186,"column":68}},"locations":[{"start":{"line":186,"column":36},"end":{"line":186,"column":68}}]},"47":{"type":"branch","line":186,"loc":{"start":{"line":186,"column":70},"end":{"line":189,"column":17}},"locations":[{"start":{"line":186,"column":70},"end":{"line":189,"column":17}}]},"48":{"type":"branch","line":188,"loc":{"start":{"line":188,"column":54},"end":{"line":188,"column":83}},"locations":[{"start":{"line":188,"column":54},"end":{"line":188,"column":83}}]},"49":{"type":"branch","line":191,"loc":{"start":{"line":191,"column":36},"end":{"line":191,"column":68}},"locations":[{"start":{"line":191,"column":36},"end":{"line":191,"column":68}}]},"50":{"type":"branch","line":191,"loc":{"start":{"line":191,"column":70},"end":{"line":194,"column":17}},"locations":[{"start":{"line":191,"column":70},"end":{"line":194,"column":17}}]},"51":{"type":"branch","line":198,"loc":{"start":{"line":198,"column":10},"end":{"line":200,"column":9}},"locations":[{"start":{"line":198,"column":10},"end":{"line":200,"column":9}}]},"52":{"type":"branch","line":204,"loc":{"start":{"line":204,"column":12},"end":{"line":234,"column":5}},"locations":[{"start":{"line":204,"column":12},"end":{"line":234,"column":5}}]},"53":{"type":"branch","line":213,"loc":{"start":{"line":213,"column":56},"end":{"line":213,"column":90}},"locations":[{"start":{"line":213,"column":56},"end":{"line":213,"column":90}}]},"54":{"type":"branch","line":213,"loc":{"start":{"line":213,"column":91},"end":{"line":216,"column":93}},"locations":[{"start":{"line":213,"column":91},"end":{"line":216,"column":93}}]},"55":{"type":"branch","line":216,"loc":{"start":{"line":216,"column":94},"end":{"line":218,"column":17}},"locations":[{"start":{"line":216,"column":94},"end":{"line":218,"column":17}}]},"56":{"type":"branch","line":220,"loc":{"start":{"line":220,"column":-2},"end":{"line":230,"column":16}},"locations":[{"start":{"line":220,"column":-2},"end":{"line":230,"column":16}}]},"57":{"type":"branch","line":236,"loc":{"start":{"line":236,"column":12},"end":{"line":256,"column":5}},"locations":[{"start":{"line":236,"column":12},"end":{"line":256,"column":5}}]},"58":{"type":"branch","line":239,"loc":{"start":{"line":239,"column":35},"end":{"line":250,"column":13}},"locations":[{"start":{"line":239,"column":35},"end":{"line":250,"column":13}}]},"59":{"type":"branch","line":240,"loc":{"start":{"line":240,"column":39},"end":{"line":249,"column":17}},"locations":[{"start":{"line":240,"column":39},"end":{"line":249,"column":17}}]},"60":{"type":"branch","line":243,"loc":{"start":{"line":243,"column":30},"end":{"line":243,"column":210}},"locations":[{"start":{"line":243,"column":30},"end":{"line":243,"column":210}}]},"61":{"type":"branch","line":243,"loc":{"start":{"line":243,"column":60},"end":{"line":243,"column":122}},"locations":[{"start":{"line":243,"column":60},"end":{"line":243,"column":122}}]},"62":{"type":"branch","line":243,"loc":{"start":{"line":243,"column":122},"end":{"line":243,"column":209}},"locations":[{"start":{"line":243,"column":122},"end":{"line":243,"column":209}}]},"63":{"type":"branch","line":243,"loc":{"start":{"line":243,"column":145},"end":{"line":243,"column":207}},"locations":[{"start":{"line":243,"column":145},"end":{"line":243,"column":207}}]},"64":{"type":"branch","line":243,"loc":{"start":{"line":243,"column":211},"end":{"line":245,"column":21}},"locations":[{"start":{"line":243,"column":211},"end":{"line":245,"column":21}}]},"65":{"type":"branch","line":246,"loc":{"start":{"line":246,"column":30},"end":{"line":246,"column":210}},"locations":[{"start":{"line":246,"column":30},"end":{"line":246,"column":210}}]},"66":{"type":"branch","line":246,"loc":{"start":{"line":246,"column":60},"end":{"line":246,"column":122}},"locations":[{"start":{"line":246,"column":60},"end":{"line":246,"column":122}}]},"67":{"type":"branch","line":246,"loc":{"start":{"line":246,"column":122},"end":{"line":246,"column":209}},"locations":[{"start":{"line":246,"column":122},"end":{"line":246,"column":209}}]},"68":{"type":"branch","line":246,"loc":{"start":{"line":246,"column":145},"end":{"line":246,"column":207}},"locations":[{"start":{"line":246,"column":145},"end":{"line":246,"column":207}}]},"69":{"type":"branch","line":246,"loc":{"start":{"line":246,"column":211},"end":{"line":248,"column":21}},"locations":[{"start":{"line":246,"column":211},"end":{"line":248,"column":21}}]},"70":{"type":"branch","line":252,"loc":{"start":{"line":252,"column":10},"end":{"line":254,"column":9}},"locations":[{"start":{"line":252,"column":10},"end":{"line":254,"column":9}}]},"71":{"type":"branch","line":258,"loc":{"start":{"line":258,"column":12},"end":{"line":261,"column":5}},"locations":[{"start":{"line":258,"column":12},"end":{"line":261,"column":5}}]},"72":{"type":"branch","line":263,"loc":{"start":{"line":263,"column":12},"end":{"line":266,"column":5}},"locations":[{"start":{"line":263,"column":12},"end":{"line":266,"column":5}}]},"73":{"type":"branch","line":268,"loc":{"start":{"line":268,"column":12},"end":{"line":271,"column":5}},"locations":[{"start":{"line":268,"column":12},"end":{"line":271,"column":5}}]},"74":{"type":"branch","line":273,"loc":{"start":{"line":273,"column":12},"end":{"line":297,"column":5}},"locations":[{"start":{"line":273,"column":12},"end":{"line":297,"column":5}}]},"75":{"type":"branch","line":277,"loc":{"start":{"line":277,"column":50},"end":{"line":291,"column":13}},"locations":[{"start":{"line":277,"column":50},"end":{"line":291,"column":13}}]},"76":{"type":"branch","line":278,"loc":{"start":{"line":278,"column":46},"end":{"line":290,"column":17}},"locations":[{"start":{"line":278,"column":46},"end":{"line":290,"column":17}}]},"77":{"type":"branch","line":280,"loc":{"start":{"line":280,"column":32},"end":{"line":280,"column":38}},"locations":[{"start":{"line":280,"column":32},"end":{"line":280,"column":38}}]},"78":{"type":"branch","line":281,"loc":{"start":{"line":281,"column":-2},"end":{"line":281,"column":49}},"locations":[{"start":{"line":281,"column":-2},"end":{"line":281,"column":49}}]},"79":{"type":"branch","line":281,"loc":{"start":{"line":281,"column":49},"end":{"line":284,"column":21}},"locations":[{"start":{"line":281,"column":49},"end":{"line":284,"column":21}}]},"80":{"type":"branch","line":285,"loc":{"start":{"line":285,"column":-2},"end":{"line":285,"column":65}},"locations":[{"start":{"line":285,"column":-2},"end":{"line":285,"column":65}}]},"81":{"type":"branch","line":285,"loc":{"start":{"line":285,"column":61},"end":{"line":285,"column":127}},"locations":[{"start":{"line":285,"column":61},"end":{"line":285,"column":127}}]},"82":{"type":"branch","line":285,"loc":{"start":{"line":285,"column":84},"end":{"line":285,"column":126}},"locations":[{"start":{"line":285,"column":84},"end":{"line":285,"column":126}}]},"83":{"type":"branch","line":285,"loc":{"start":{"line":285,"column":129},"end":{"line":288,"column":21}},"locations":[{"start":{"line":285,"column":129},"end":{"line":288,"column":21}}]},"84":{"type":"branch","line":288,"loc":{"start":{"line":288,"column":21},"end":{"line":290,"column":17}},"locations":[{"start":{"line":288,"column":21},"end":{"line":290,"column":17}}]},"85":{"type":"branch","line":293,"loc":{"start":{"line":293,"column":10},"end":{"line":295,"column":9}},"locations":[{"start":{"line":293,"column":10},"end":{"line":295,"column":9}}]},"86":{"type":"branch","line":299,"loc":{"start":{"line":299,"column":4},"end":{"line":381,"column":5}},"locations":[{"start":{"line":299,"column":4},"end":{"line":381,"column":5}}]},"87":{"type":"branch","line":308,"loc":{"start":{"line":308,"column":74},"end":{"line":327,"column":13}},"locations":[{"start":{"line":308,"column":74},"end":{"line":327,"column":13}}]},"88":{"type":"branch","line":312,"loc":{"start":{"line":312,"column":40},"end":{"line":312,"column":99}},"locations":[{"start":{"line":312,"column":40},"end":{"line":312,"column":99}}]},"89":{"type":"branch","line":313,"loc":{"start":{"line":313,"column":57},"end":{"line":315,"column":17}},"locations":[{"start":{"line":313,"column":57},"end":{"line":315,"column":17}}]},"90":{"type":"branch","line":316,"loc":{"start":{"line":316,"column":42},"end":{"line":321,"column":17}},"locations":[{"start":{"line":316,"column":42},"end":{"line":321,"column":17}}]},"91":{"type":"branch","line":317,"loc":{"start":{"line":317,"column":48},"end":{"line":319,"column":21}},"locations":[{"start":{"line":317,"column":48},"end":{"line":319,"column":21}}]},"92":{"type":"branch","line":320,"loc":{"start":{"line":320,"column":48},"end":{"line":320,"column":80}},"locations":[{"start":{"line":320,"column":48},"end":{"line":320,"column":80}}]},"93":{"type":"branch","line":321,"loc":{"start":{"line":321,"column":17},"end":{"line":326,"column":17}},"locations":[{"start":{"line":321,"column":17},"end":{"line":326,"column":17}}]},"94":{"type":"branch","line":324,"loc":{"start":{"line":324,"column":48},"end":{"line":324,"column":106}},"locations":[{"start":{"line":324,"column":48},"end":{"line":324,"column":106}}]},"95":{"type":"branch","line":325,"loc":{"start":{"line":325,"column":48},"end":{"line":325,"column":106}},"locations":[{"start":{"line":325,"column":48},"end":{"line":325,"column":106}}]},"96":{"type":"branch","line":329,"loc":{"start":{"line":329,"column":35},"end":{"line":329,"column":74}},"locations":[{"start":{"line":329,"column":35},"end":{"line":329,"column":74}}]},"97":{"type":"branch","line":330,"loc":{"start":{"line":330,"column":35},"end":{"line":330,"column":74}},"locations":[{"start":{"line":330,"column":35},"end":{"line":330,"column":74}}]},"98":{"type":"branch","line":335,"loc":{"start":{"line":335,"column":94},"end":{"line":376,"column":13}},"locations":[{"start":{"line":335,"column":94},"end":{"line":376,"column":13}}]},"99":{"type":"branch","line":337,"loc":{"start":{"line":337,"column":75},"end":{"line":337,"column":78}},"locations":[{"start":{"line":337,"column":75},"end":{"line":337,"column":78}}]},"100":{"type":"branch","line":338,"loc":{"start":{"line":338,"column":82},"end":{"line":338,"column":124}},"locations":[{"start":{"line":338,"column":82},"end":{"line":338,"column":124}}]},"101":{"type":"branch","line":339,"loc":{"start":{"line":339,"column":86},"end":{"line":339,"column":142}},"locations":[{"start":{"line":339,"column":86},"end":{"line":339,"column":142}}]},"102":{"type":"branch","line":344,"loc":{"start":{"line":344,"column":40},"end":{"line":346,"column":17}},"locations":[{"start":{"line":344,"column":40},"end":{"line":346,"column":17}}]},"103":{"type":"branch","line":347,"loc":{"start":{"line":347,"column":84},"end":{"line":370,"column":21}},"locations":[{"start":{"line":347,"column":84},"end":{"line":370,"column":21}}]},"104":{"type":"branch","line":349,"loc":{"start":{"line":349,"column":65},"end":{"line":351,"column":25}},"locations":[{"start":{"line":349,"column":65},"end":{"line":351,"column":25}}]},"105":{"type":"branch","line":363,"loc":{"start":{"line":363,"column":78},"end":{"line":363,"column":105}},"locations":[{"start":{"line":363,"column":78},"end":{"line":363,"column":105}}]},"106":{"type":"branch","line":364,"loc":{"start":{"line":364,"column":-2},"end":{"line":365,"column":85}},"locations":[{"start":{"line":364,"column":-2},"end":{"line":365,"column":85}}]},"107":{"type":"branch","line":365,"loc":{"start":{"line":365,"column":63},"end":{"line":365,"column":93}},"locations":[{"start":{"line":365,"column":63},"end":{"line":365,"column":93}}]},"108":{"type":"branch","line":366,"loc":{"start":{"line":366,"column":29},"end":{"line":368,"column":29}},"locations":[{"start":{"line":366,"column":29},"end":{"line":368,"column":29}}]},"109":{"type":"branch","line":371,"loc":{"start":{"line":371,"column":-2},"end":{"line":373,"column":145}},"locations":[{"start":{"line":371,"column":-2},"end":{"line":373,"column":145}}]},"110":{"type":"branch","line":373,"loc":{"start":{"line":373,"column":147},"end":{"line":375,"column":17}},"locations":[{"start":{"line":373,"column":147},"end":{"line":375,"column":17}}]},"111":{"type":"branch","line":378,"loc":{"start":{"line":378,"column":10},"end":{"line":380,"column":9}},"locations":[{"start":{"line":378,"column":10},"end":{"line":380,"column":9}}]},"112":{"type":"branch","line":357,"loc":{"start":{"line":357,"column":57},"end":{"line":362,"column":33}},"locations":[{"start":{"line":357,"column":57},"end":{"line":362,"column":33}}]},"113":{"type":"branch","line":359,"loc":{"start":{"line":359,"column":59},"end":{"line":361,"column":37}},"locations":[{"start":{"line":359,"column":59},"end":{"line":361,"column":37}}]},"114":{"type":"branch","line":383,"loc":{"start":{"line":383,"column":4},"end":{"line":430,"column":5}},"locations":[{"start":{"line":383,"column":4},"end":{"line":430,"column":5}}]},"115":{"type":"branch","line":427,"loc":{"start":{"line":427,"column":10},"end":{"line":429,"column":9}},"locations":[{"start":{"line":427,"column":10},"end":{"line":429,"column":9}}]},"116":{"type":"branch","line":401,"loc":{"start":{"line":401,"column":36},"end":{"line":419,"column":13}},"locations":[{"start":{"line":401,"co
[...]
rt":{"line":29,"column":0},"end":{"line":29,"column":1}},"29":{"start":{"line":30,"column":0},"end":{"line":30,"column":0}},"30":{"start":{"line":31,"column":0},"end":{"line":31,"column":28}},"31":{"start":{"line":32,"column":0},"end":{"line":32,"column":23}},"32":{"start":{"line":33,"column":0},"end":{"line":33,"column":18}},"33":{"start":{"line":34,"column":0},"end":{"line":34,"column":5}},"34":{"start":{"line":35,"column":0},"end":{"line":35,"column":1}},"35":{"start":{"line":36,"column":0},"end":{"line":36,"column":0}},"36":{"start":{"line":37,"column":0},"end":{"line":37,"column":27}},"37":{"start":{"line":38,"column":0},"end":{"line":38,"column":23}},"38":{"start":{"line":39,"column":0},"end":{"line":39,"column":18}},"39":{"start":{"line":40,"column":0},"end":{"line":40,"column":5}},"40":{"start":{"line":41,"column":0},"end":{"line":41,"column":1}},"41":{"start":{"line":42,"column":0},"end":{"line":42,"column":0}},"42":{"start":{"line":43,"column":0},"end":{"line":43,"column":27}},"43":{"start":{"line":44,"column":0},"end":{"line":44,"column":28}},"44":{"start":{"line":45,"column":0},"end":{"line":45,"column":23}},"45":{"start":{"line":46,"column":0},"end":{"line":46,"column":18}},"46":{"start":{"line":47,"column":0},"end":{"line":47,"column":5}},"47":{"start":{"line":48,"column":0},"end":{"line":48,"column":0}},"48":{"start":{"line":49,"column":0},"end":{"line":49,"column":16}},"49":{"start":{"line":50,"column":0},"end":{"line":50,"column":26}},"50":{"start":{"line":51,"column":0},"end":{"line":51,"column":5}},"51":{"start":{"line":52,"column":0},"end":{"line":52,"column":0}},"52":{"start":{"line":53,"column":0},"end":{"line":53,"column":26}},"53":{"start":{"line":54,"column":0},"end":{"line":54,"column":26}},"54":{"start":{"line":55,"column":0},"end":{"line":55,"column":5}},"55":{"start":{"line":56,"column":0},"end":{"line":56,"column":1}},"56":{"start":{"line":57,"column":0},"end":{"line":57,"column":0}},"57":{"start":{"line":58,"column":0},"end":{"line":58,"column":28}},"58":{"start":{"line":59,"column":0},"end":{"line":59,"column":23}},"59":{"start":{"line":60,"column":0},"end":{"line":60,"column":18}},"60":{"start":{"line":61,"column":0},"end":{"line":61,"column":5}},"61":{"start":{"line":62,"column":0},"end":{"line":62,"column":1}},"62":{"start":{"line":63,"column":0},"end":{"line":63,"column":0}},"63":{"start":{"line":64,"column":0},"end":{"line":64,"column":26}},"64":{"start":{"line":65,"column":0},"end":{"line":65,"column":28}},"65":{"start":{"line":66,"column":0},"end":{"line":66,"column":23}},"66":{"start":{"line":67,"column":0},"end":{"line":67,"column":18}},"67":{"start":{"line":68,"column":0},"end":{"line":68,"column":5}},"68":{"start":{"line":69,"column":0},"end":{"line":69,"column":0}},"69":{"start":{"line":70,"column":0},"end":{"line":70,"column":16}},"70":{"start":{"line":71,"column":0},"end":{"line":71,"column":26}},"71":{"start":{"line":72,"column":0},"end":{"line":72,"column":5}},"72":{"start":{"line":73,"column":0},"end":{"line":73,"column":0}},"73":{"start":{"line":74,"column":0},"end":{"line":74,"column":26}},"74":{"start":{"line":75,"column":0},"end":{"line":75,"column":26}},"75":{"start":{"line":76,"column":0},"end":{"line":76,"column":5}},"76":{"start":{"line":77,"column":0},"end":{"line":77,"column":1}},"77":{"start":{"line":78,"column":0},"end":{"line":78,"column":0}},"78":{"start":{"line":79,"column":0},"end":{"line":79,"column":0}},"79":{"start":{"line":80,"column":0},"end":{"line":80,"column":78}},"80":{"start":{"line":81,"column":0},"end":{"line":81,"column":46}},"81":{"start":{"line":82,"column":0},"end":{"line":82,"column":47}},"82":{"start":{"line":83,"column":0},"end":{"line":83,"column":48}},"83":{"start":{"line":84,"column":0},"end":{"line":84,"column":46}},"84":{"start":{"line":85,"column":0},"end":{"line":85,"column":46}},"85":{"start":{"line":86,"column":0},"end":{"line":86,"column":47}},"86":{"start":{"line":87,"column":0},"end":{"line":87,"column":1}},"87":{"start":{"line":88,"column":0},"end":{"line":88,"column":0}},"88":{"start":{"line":89,"column":0},"end":{"line":89,"column":22}}},"s":{"0":1,"1":1,"2":1,"3":1,"4":1,"5":1,"6":1,"7":32,"8":32,"9":32,"10":0,"11":0,"12":32,"13":1,"14":1,"15":1,"16":1,"17":2446,"18":2446,"19":1,"20":1,"21":1,"22":16,"23":16,"24":16,"25":440,"26":440,"27":16,"28":16,"29":1,"30":1,"31":1,"32":108,"33":108,"34":1,"35":1,"36":1,"37":1,"38":65,"39":65,"40":1,"41":1,"42":4,"43":4,"44":4,"45":110,"46":110,"47":4,"48":4,"49":0,"50":0,"51":4,"52":4,"53":0,"54":0,"55":4,"56":1,"57":1,"58":1,"59":108,"60":108,"61":1,"62":1,"63":2,"64":2,"65":2,"66":18,"67":18,"68":2,"69":2,"70":0,"71":0,"72":2,"73":2,"74":18,"75":18,"76":2,"77":1,"78":1,"79":1,"80":1,"81":1,"82":1,"83":1,"84":1,"85":1,"86":1,"87":1,"88":1},"branchMap":{"0":{"type":"branch","line":7,"loc":{"start":{"line":7,"column":4},"end":{"line":13,"column":5}},"locations":[{"start":{"line":7,"column":4},"end":{"line":13,"column":5}}]},"1":{"type":"branch","line":10,"loc":{"start":{"line":10,"column":10},"end":{"line":12,"column":9}},"locations":[{"start":{"line":10,"column":10},"end":{"line":12,"column":9}}]},"2":{"type":"branch","line":17,"loc":{"start":{"line":17,"column":4},"end":{"line":19,"column":5}},"locations":[{"start":{"line":17,"column":4},"end":{"line":19,"column":5}}]},"3":{"type":"branch","line":23,"loc":{"start":{"line":23,"column":0},"end":{"line":29,"column":1}},"locations":[{"start":{"line":23,"column":0},"end":{"line":29,"column":1}}]},"4":{"type":"branch","line":25,"loc":{"start":{"line":25,"column":4},"end":{"line":27,"column":5}},"locations":[{"start":{"line":25,"column":4},"end":{"line":27,"column":5}}]},"5":{"type":"branch","line":32,"loc":{"start":{"line":32,"column":4},"end":{"line":34,"column":5}},"locations":[{"start":{"line":32,"column":4},"end":{"line":34,"column":5}}]},"6":{"type":"branch","line":38,"loc":{"start":{"line":38,"column":4},"end":{"line":40,"column":5}},"locations":[{"start":{"line":38,"column":4},"end":{"line":40,"column":5}}]},"7":{"type":"branch","line":43,"loc":{"start":{"line":43,"column":0},"end":{"line":56,"column":1}},"locations":[{"start":{"line":43,"column":0},"end":{"line":56,"column":1}}]},"8":{"type":"branch","line":45,"loc":{"start":{"line":45,"column":4},"end":{"line":47,"column":5}},"locations":[{"start":{"line":45,"column":4},"end":{"line":47,"column":5}}]},"9":{"type":"branch","line":59,"loc":{"start":{"line":59,"column":4},"end":{"line":61,"column":5}},"locations":[{"start":{"line":59,"column":4},"end":{"line":61,"column":5}}]},"10":{"type":"branch","line":64,"loc":{"start":{"line":64,"column":0},"end":{"line":77,"column":1}},"locations":[{"start":{"line":64,"column":0},"end":{"line":77,"column":1}}]},"11":{"type":"branch","line":66,"loc":{"start":{"line":66,"column":4},"end":{"line":68,"column":5}},"locations":[{"start":{"line":66,"column":4},"end":{"line":68,"column":5}}]},"12":{"type":"branch","line":74,"loc":{"start":{"line":74,"column":4},"end":{"line":76,"column":5}},"locations":[{"start":{"line":74,"column":4},"end":{"line":76,"column":5}}]},"13":{"type":"branch","line":81,"loc":{"start":{"line":81,"column":7},"end":{"line":81,"column":45}},"locations":[{"start":{"line":81,"column":7},"end":{"line":81,"column":45}}]},"14":{"type":"branch","line":82,"loc":{"start":{"line":82,"column":7},"end":{"line":82,"column":46}},"locations":[{"start":{"line":82,"column":7},"end":{"line":82,"column":46}}]},"15":{"type":"branch","line":83,"loc":{"start":{"line":83,"column":7},"end":{"line":83,"column":47}},"locations":[{"start":{"line":83,"column":7},"end":{"line":83,"column":47}}]},"16":{"type":"branch","line":84,"loc":{"start":{"line":84,"column":7},"end":{"line":84,"column":45}},"locations":[{"start":{"line":84,"column":7},"end":{"line":84,"column":45}}]},"17":{"type":"branch","line":85,"loc":{"start":{"line":85,"column":7},"end":{"line":85,"column":45}},"locations":[{"start":{"line":85,"column":7},"end":{"line":85,"column":45}}]},"18":{"type":"branch","line":86,"loc":{"start":{"line":86,"column":7},"end":{"line":86,"column":47}},"locations":[{"start":{"line":86,"column":7},"end":{"line":86,"column":47}}]}},"b":{"0":[32],"1":[0],"2":[2446],"3":[16],"4":[440],"5":[108],"6":[65],"7":[4],"8":[110],"9":[108],"10":[2],"11":[18],"12":[18],"13":[2],"14":[2],"15":[4],"16":[4],"17":[16],"18":[4]},"fnMap":{"0":{"name":"Piece","decl":{"start":{"line":7,"column":4},"end":{"line":13,"column":5}},"loc":{"start":{"line":7,"column":4},"end":{"line":13,"column":5}},"line":7},"1":{"name":"getPlayer","decl":{"start":{"line":17,"column":4},"end":{"line":19,"column":5}},"loc":{"start":{"line":17,"column":4},"end":{"line":19,"column":5}},"line":17},"2":{"name":"Pawn","decl":{"start":{"line":23,"column":0},"end":{"line":29,"column":1}},"loc":{"start":{"line":23,"column":0},"end":{"line":29,"column":1}},"line":23},"3":{"name":"getType","decl":{"start":{"line":25,"column":4},"end":{"line":27,"column":5}},"loc":{"start":{"line":25,"column":4},"end":{"line":27,"column":5}},"line":25},"4":{"name":"getType","decl":{"start":{"line":32,"column":4},"end":{"line":34,"column":5}},"loc":{"start":{"line":32,"column":4},"end":{"line":34,"column":5}},"line":32},"5":{"name":"getType","decl":{"start":{"line":38,"column":4},"end":{"line":40,"column":5}},"loc":{"start":{"line":38,"column":4},"end":{"line":40,"column":5}},"line":38},"6":{"name":"Rook","decl":{"start":{"line":43,"column":0},"end":{"line":56,"column":1}},"loc":{"start":{"line":43,"column":0},"end":{"line":56,"column":1}},"line":43},"7":{"name":"getType","decl":{"start":{"line":45,"column":4},"end":{"line":47,"column":5}},"loc":{"start":{"line":45,"column":4},"end":{"line":47,"column":5}},"line":45},"8":{"name":"setMoved","decl":{"start":{"line":49,"column":4},"end":{"line":51,"column":5}},"loc":{"start":{"line":49,"column":4},"end":{"line":51,"column":5}},"line":49},"9":{"name":"hasMoved","decl":{"start":{"line":53,"column":4},"end":{"line":55,"column":5}},"loc":{"start":{"line":53,"column":4},"end":{"line":55,"column":5}},"line":53},"10":{"name":"getType","decl":{"start":{"line":59,"column":4},"end":{"line":61,"column":5}},"loc":{"start":{"line":59,"column":4},"end":{"line":61,"column":5}},"line":59},"11":{"name":"King","decl":{"start":{"line":64,"column":0},"end":{"line":77,"column":1}},"loc":{"start":{"line":64,"column":0},"end":{"line":77,"column":1}},"line":64},"12":{"name":"getType","decl":{"start":{"line":66,"column":4},"end":{"line":68,"column":5}},"loc":{"start":{"line":66,"column":4},"end":{"line":68,"column":5}},"line":66},"13":{"name":"setMoved","decl":{"start":{"line":70,"column":4},"end":{"line":72,"column":5}},"loc":{"start":{"line":70,"column":4},"end":{"line":72,"column":5}},"line":70},"14":{"name":"hasMoved","decl":{"start":{"line":74,"column":4},"end":{"line":76,"column":5}},"loc":{"start":{"line":74,"column":4},"end":{"line":76,"column":5}},"line":74},"15":{"name":"K","decl":{"start":{"line":81,"column":7},"end":{"line":81,"column":45}},"loc":{"start":{"line":81,"column":7},"end":{"line":81,"column":45}},"line":81},"16":{"name":"Q","decl":{"start":{"line":82,"column":7},"end":{"line":82,"column":46}},"loc":{"start":{"line":82,"column":7},"end":{"line":82,"column":46}},"line":82},"17":{"name":"N","decl":{"start":{"line":83,"column":7},"end":{"line":83,"column":47}},"loc":{"start":{"line":83,"column":7},"end":{"line":83,"column":47}},"line":83},"18":{"name":"R","decl":{"start":{"line":84,"column":7},"end":{"line":84,"column":45}},"loc":{"start":{"line":84,"column":7},"end":{"line":84,"column":45}},"line":84},"19":{"name":"P","decl":{"start":{"line":85,"column":7},"end":{"line":85,"column":45}},"loc":{"start":{"line":85,"column":7},"end":{"line":85,"column":45}},"line":85},"20":{"name":"B","decl":{"start":{"line":86,"column":7},"end":{"line":86,"column":47}},"loc":{"start":{"line":86,"column":7},"end":{"line":86,"column":47}},"line":86}},"f":{"0":32,"1":2446,"2":16,"3":440,"4":108,"5":65,"6":4,"7":110,"8":0,"9":0,"10":108,"11":2,"12":18,"13":0,"14":18,"15":2,"16":2,"17":4,"18":4,"19":16,"20":4}}
,"C:\\Users\\santi\\OneDrive\\Documents\\repos\\Chess-Library\\src\\position.ts": {"path":"C:\\Users\\santi\\OneDrive\\Documents\\repos\\Chess-Library\\src\\position.ts","all":false,"statementMap":{"0":{"start":{"line":1,"column":0},"end":{"line":1,"column":34}},"1":{"start":{"line":2,"column":0},"end":{"line":2,"column":2}},"2":{"start":{"line":3,"column":0},"end":{"line":3,"column":59}},"3":{"start":{"line":4,"column":0},"end":{"line":4,"column":2}},"4":{"start":{"line":5,"column":0},"end":{"line":5,"column":0}},"5":{"start":{"line":6,"column":0},"end":{"line":6,"column":16}},"6":{"start":{"line":7,"column":0},"end":{"line":7,"column":19}},"7":{"start":{"line":8,"column":0},"end":{"line":8,"column":16}},"8":{"start":{"line":9,"column":0},"end":{"line":9,"column":0}},"9":{"start":{"line":10,"column":0},"end":{"line":10,"column":4}},"10":{"start":{"line":11,"column":0},"end":{"line":11,"column":45}},"11":{"start":{"line":12,"column":0},"end":{"line":12,"column":13}},"12":{"start":{"line":13,"column":0},"end":{"line":13,"column":50}},"13":{"start":{"line":14,"column":0},"end":{"line":14,"column":61}},"14":{"start":{"line":15,"column":0},"end":{"line":15,"column":48}},"15":{"start":{"line":16,"column":0},"end":{"line":16,"column":55}},"16":{"start":{"line":17,"column":0},"end":{"line":17,"column":13}},"17":{"start":{"line":18,"column":0},"end":{"line":18,"column":27}},"18":{"start":{"line":19,"column":0},"end":{"line":19,"column":33}},"19":{"start":{"line":20,"column":0},"end":{"line":20,"column":19}},"20":{"start":{"line":21,"column":0},"end":{"line":21,"column":36}},"21":{"start":{"line":22,"column":0},"end":{"line":22,"column":9}},"22":{"start":{"line":23,"column":0},"end":{"line":23,"column":5}},"23":{"start":{"line":24,"column":0},"end":{"line":24,"column":0}},"24":{"start":{"line":25,"column":0},"end":{"line":25,"column":23}},"25":{"start":{"line":26,"column":0},"end":{"line":26,"column":24}},"26":{"start":{"line":27,"column":0},"end":{"line":27,"column":5}},"27":{"start":{"line":28,"column":0},"end":{"line":28,"column":0}},"28":{"start":{"line":29,"column":0},"end":{"line":29,"column":27}},"29":{"start":{"line":30,"column":0},"end":{"line":30,"column":27}},"30":{"start":{"line":31,"column":0},"end":{"line":31,"column":5}},"31":{"start":{"line":32,"column":0},"end":{"line":32,"column":0}},"32":{"start":{"line":33,"column":0},"end":{"line":33,"column":122}},"33":{"start":{"line":34,"column":0},"end":{"line":34,"column":56}},"34":{"start":{"line":35,"column":0},"end":{"line":35,"column":13}},"35":{"start":{"line":36,"column":0},"end":{"line":36,"column":83}},"36":{"start":{"line":37,"column":0},"end":{"line":37,"column":20}},"37":{"start":{"line":38,"column":0},"end":{"line":38,"column":62}},"38":{"start":{"line":39,"column":0},"end":{"line":39,"column":9}},"39":{"start":{"line":40,"column":0},"end":{"line":40,"column":5}},"40":{"start":{"line":41,"column":0},"end":{"line":41,"column":0}},"41":{"start":{"line":42,"column":0},"end":{"line":42,"column":49}},"42":{"start":{"line":43,"column":0},"end":{"line":43,"column":13}},"43":{"start":{"line":44,"column":0},"end":{"line":44,"column":74}},"44":{"start":{"line":45,"column":0},"end":{"line":45,"column":92}},"45":{"start":{"line":46,"column":0},"end":{"line":46,"column":35}},"46":{"start":{"line":47,"column":0},"end":{"line":47,"column":80}},"47":{"start":{"line":48,"column":0},"end":{"line":48,"column":47}},"48":{"start":{"line":49,"column":0},"end":{"line":49,"column":23}},"49":{"start":{"line":50,"column":0},"end":{"line":50,"column":21}},"50":{"start":{"line":51,"column":0},"end":{"line":51,"column":79}},"51":{"start":{"line":52,"column":0},"end":{"line":52,"column":9}},"52":{"start":{"line":53,"column":0},"end":{"line":53,"column":5}},"53":{"start":{"line":54,"column":0},"end":{"line":54,"column":0}},"54":{"start":{"line":55,"column":0},"end":{"line":55,"column":0}},"55":{"start":{"line":56,"column":0},"end":{"line":56,"column":4}},"56":{"start":{"line":57,"column":0},"end":{"line":57,"column":1}},"57":{"start":{"line":58,"column":0},"end":{"line":58,"column":0}},"58":{"start":{"line":59,"column":0},"end":{"line":59,"column":0}},"59":{"start":{"line":60,"column":0},"end":{"line":60,"column":63}},"60":{"start":{"line":61,"column":0},"end":{"line":61,"column":0}},"61":{"start":{"line":62,"column":0},"end":{"line":62,"column":0}},"62":{"start":{"line":63,"column":0},"end":{"line":63,"column":20}}},"s":{"0":1,"1":1,"2":1,"3":1,"4":1,"5":1,"6":1,"7":1,"8":1,"9":1,"10":1,"11":2319,"12":2319,"13":0,"14":2319,"15":0,"16":0,"17":2319,"18":2319,"19":2319,"20":0,"21":0,"22":2319,"23":1,"24":1,"25":3236,"26":3236,"27":1,"28":1,"29":2948,"30":2948,"31":1,"32":1,"33":5281,"34":5281,"35":5281,"36":5281,"37":0,"38":0,"39":5281,"40":1,"41":1,"42":288,"43":288,"44":288,"45":288,"46":288,"47":288,"48":288,"49":288,"50":0,"51":0,"52":288,"53":1,"54":1,"55":1,"56":1,"57":1,"58":1,"59":1,"60":1,"61":1,"62":1},"branchMap":{"0":{"type":"branch","line":11,"loc":{"start":{"line":11,"column":4},"end":{"line":23,"column":5}},"locations":[{"start":{"line":11,"column":4},"end":{"line":23,"column":5}}]},"1":{"type":"branch","line":13,"loc":{"start":{"line":13,"column":49},"end":{"line":15,"column":13}},"locations":[{"start":{"line":13,"column":49},"end":{"line":15,"column":13}}]},"2":{"type":"branch","line":15,"loc":{"start":{"line":15,"column":47},"end":{"line":17,"column":13}},"locations":[{"start":{"line":15,"column":47},"end":{"line":17,"column":13}}]},"3":{"type":"branch","line":20,"loc":{"start":{"line":20,"column":10},"end":{"line":22,"column":9}},"locations":[{"start":{"line":20,"column":10},"end":{"line":22,"column":9}}]},"4":{"type":"branch","line":25,"loc":{"start":{"line":25,"column":4},"end":{"line":27,"column":5}},"locations":[{"start":{"line":25,"column":4},"end":{"line":27,"column":5}}]},"5":{"type":"branch","line":29,"loc":{"start":{"line":29,"column":4},"end":{"line":31,"column":5}},"locations":[{"start":{"line":29,"column":4},"end":{"line":31,"column":5}}]},"6":{"type":"branch","line":33,"loc":{"start":{"line":33,"column":4},"end":{"line":40,"column":5}},"locations":[{"start":{"line":33,"column":4},"end":{"line":40,"column":5}}]},"7":{"type":"branch","line":37,"loc":{"start":{"line":37,"column":10},"end":{"line":39,"column":9}},"locations":[{"start":{"line":37,"column":10},"end":{"line":39,"column":9}}]},"8":{"type":"branch","line":42,"loc":{"start":{"line":42,"column":11},"end":{"line":53,"column":5}},"locations":[{"start":{"line":42,"column":11},"end":{"line":53,"column":5}}]},"9":{"type":"branch","line":44,"loc":{"start":{"line":44,"column":27},"end":{"line":44,"column":74}},"locations":[{"start":{"line":44,"column":27},"end":{"line":44,"column":74}}]},"10":{"type":"branch","line":50,"loc":{"start":{"line":50,"column":10},"end":{"line":52,"column":9}},"locations":[{"start":{"line":50,"column":10},"end":{"line":52,"column":9}}]}},"b":{"0":[2319],"1":[0],"2":[0],"3":[0],"4":[3236],"5":[2948],"6":[5281],"7":[0],"8":[288],"9":[0],"10":[0]},"fnMap":{"0":{"name":"Position","decl":{"start":{"line":11,"column":4},"end":{"line":23,"column":5}},"loc":{"start":{"line":11,"column":4},"end":{"line":23,"column":5}},"line":11},"1":{"name":"getRow","decl":{"start":{"line":25,"column":4},"end":{"line":27,"column":5}},"loc":{"start":{"line":25,"column":4},"end":{"line":27,"column":5}},"line":25},"2":{"name":"getColumn","decl":{"start":{"line":29,"column":4},"end":{"line":31,"column":5}},"loc":{"start":{"line":29,"column":4},"end":{"line":31,"column":5}},"line":29},"3":{"name":"compareValue","decl":{"start":{"line":33,"column":4},"end":{"line":40,"column":5}},"loc":{"start":{"line":33,"column":4},"end":{"line":40,"column":5}},"line":33},"4":{"name":"compareValueToPosition","decl":{"start":{"line":42,"column":11},"end":{"line":53,"column":5}},"loc":{"start":{"line":42,"column":11},"end":{"line":53,"column":5}},"line":42}},"f":{"0":2319,"1":3236,"2":2948,"3":5281,"4":288}}
}
