{"/home/santiago/Documentos/Chess-Library/src/board.ts": {"path":"/home/santiago/Documentos/Chess-Library/src/board.ts","all":false,"statementMap":{"0":{"start":{"line":1,"column":0},"end":{"line":1,"column":42}},"1":{"start":{"line":2,"column":0},"end":{"line":2,"column":47}},"2":{"start":{"line":3,"column":0},"end":{"line":3,"column":38}},"3":{"start":{"line":4,"column":0},"end":{"line":4,"column":0}},"4":{"start":{"line":5,"column":0},"end":{"line":5,"column":13}},"5":{"start":{"line":6,"column":0},"end":{"line":6,"column":28}},"6":{"start":{"line":7,"column":0},"end":{"line":7,"column":18}},"7":{"start":{"line":8,"column":0},"end":{"line":8,"column":0}},"8":{"start":{"line":9,"column":0},"end":{"line":9,"column":19}},"9":{"start":{"line":10,"column":0},"end":{"line":10,"column":22}},"10":{"start":{"line":11,"column":0},"end":{"line":11,"column":30}},"11":{"start":{"line":12,"column":0},"end":{"line":12,"column":5}},"12":{"start":{"line":13,"column":0},"end":{"line":13,"column":4}},"13":{"start":{"line":14,"column":0},"end":{"line":14,"column":21}},"14":{"start":{"line":15,"column":0},"end":{"line":15,"column":43}},"15":{"start":{"line":16,"column":0},"end":{"line":16,"column":67}},"16":{"start":{"line":17,"column":0},"end":{"line":17,"column":48}},"17":{"start":{"line":18,"column":0},"end":{"line":18,"column":48}},"18":{"start":{"line":19,"column":0},"end":{"line":19,"column":43}},"19":{"start":{"line":20,"column":0},"end":{"line":20,"column":43}},"20":{"start":{"line":21,"column":0},"end":{"line":21,"column":9}},"21":{"start":{"line":22,"column":0},"end":{"line":22,"column":66}},"22":{"start":{"line":23,"column":0},"end":{"line":23,"column":68}},"23":{"start":{"line":24,"column":0},"end":{"line":24,"column":68}},"24":{"start":{"line":25,"column":0},"end":{"line":25,"column":67}},"25":{"start":{"line":26,"column":0},"end":{"line":26,"column":68}},"26":{"start":{"line":27,"column":0},"end":{"line":27,"column":68}},"27":{"start":{"line":28,"column":0},"end":{"line":28,"column":69}},"28":{"start":{"line":29,"column":0},"end":{"line":29,"column":66}},"29":{"start":{"line":30,"column":0},"end":{"line":30,"column":0}},"30":{"start":{"line":31,"column":0},"end":{"line":31,"column":66}},"31":{"start":{"line":32,"column":0},"end":{"line":32,"column":68}},"32":{"start":{"line":33,"column":0},"end":{"line":33,"column":68}},"33":{"start":{"line":34,"column":0},"end":{"line":34,"column":67}},"34":{"start":{"line":35,"column":0},"end":{"line":35,"column":68}},"35":{"start":{"line":36,"column":0},"end":{"line":36,"column":68}},"36":{"start":{"line":37,"column":0},"end":{"line":37,"column":69}},"37":{"start":{"line":38,"column":0},"end":{"line":38,"column":66}},"38":{"start":{"line":39,"column":0},"end":{"line":39,"column":38}},"39":{"start":{"line":40,"column":0},"end":{"line":40,"column":5}},"40":{"start":{"line":41,"column":0},"end":{"line":41,"column":0}},"41":{"start":{"line":42,"column":0},"end":{"line":42,"column":15}},"42":{"start":{"line":43,"column":0},"end":{"line":43,"column":30}},"43":{"start":{"line":44,"column":0},"end":{"line":44,"column":5}},"44":{"start":{"line":45,"column":0},"end":{"line":45,"column":0}},"45":{"start":{"line":46,"column":0},"end":{"line":46,"column":17}},"46":{"start":{"line":47,"column":0},"end":{"line":47,"column":52}},"47":{"start":{"line":48,"column":0},"end":{"line":48,"column":40}},"48":{"start":{"line":49,"column":0},"end":{"line":49,"column":53}},"49":{"start":{"line":50,"column":0},"end":{"line":50,"column":39}},"50":{"start":{"line":51,"column":0},"end":{"line":51,"column":59}},"51":{"start":{"line":52,"column":0},"end":{"line":52,"column":27}},"52":{"start":{"line":53,"column":0},"end":{"line":53,"column":76}},"53":{"start":{"line":54,"column":0},"end":{"line":54,"column":13}},"54":{"start":{"line":55,"column":0},"end":{"line":55,"column":30}},"55":{"start":{"line":56,"column":0},"end":{"line":56,"column":12}},"56":{"start":{"line":57,"column":0},"end":{"line":57,"column":9}},"57":{"start":{"line":58,"column":0},"end":{"line":58,"column":24}},"58":{"start":{"line":59,"column":0},"end":{"line":59,"column":5}},"59":{"start":{"line":60,"column":0},"end":{"line":60,"column":0}},"60":{"start":{"line":61,"column":0},"end":{"line":61,"column":37}},"61":{"start":{"line":62,"column":0},"end":{"line":62,"column":40}},"62":{"start":{"line":63,"column":0},"end":{"line":63,"column":5}},"63":{"start":{"line":64,"column":0},"end":{"line":64,"column":0}},"64":{"start":{"line":65,"column":0},"end":{"line":65,"column":0}},"65":{"start":{"line":66,"column":0},"end":{"line":66,"column":57}},"66":{"start":{"line":67,"column":0},"end":{"line":67,"column":13}},"67":{"start":{"line":68,"column":0},"end":{"line":68,"column":62}},"68":{"start":{"line":69,"column":0},"end":{"line":69,"column":44}},"69":{"start":{"line":70,"column":0},"end":{"line":70,"column":21}},"70":{"start":{"line":71,"column":0},"end":{"line":71,"column":55}},"71":{"start":{"line":72,"column":0},"end":{"line":72,"column":9}},"72":{"start":{"line":73,"column":0},"end":{"line":73,"column":5}},"73":{"start":{"line":74,"column":0},"end":{"line":74,"column":0}},"74":{"start":{"line":75,"column":0},"end":{"line":75,"column":42}},"75":{"start":{"line":76,"column":0},"end":{"line":76,"column":45}},"76":{"start":{"line":77,"column":0},"end":{"line":77,"column":5}},"77":{"start":{"line":78,"column":0},"end":{"line":78,"column":0}},"78":{"start":{"line":79,"column":0},"end":{"line":79,"column":40}},"79":{"start":{"line":80,"column":0},"end":{"line":80,"column":13}},"80":{"start":{"line":81,"column":0},"end":{"line":81,"column":53}},"81":{"start":{"line":82,"column":0},"end":{"line":82,"column":85}},"82":{"start":{"line":83,"column":0},"end":{"line":83,"column":55}},"83":{"start":{"line":84,"column":0},"end":{"line":84,"column":61}},"84":{"start":{"line":85,"column":0},"end":{"line":85,"column":52}},"85":{"start":{"line":86,"column":0},"end":{"line":86,"column":68}},"86":{"start":{"line":87,"column":0},"end":{"line":87,"column":52}},"87":{"start":{"line":88,"column":0},"end":{"line":88,"column":13}},"88":{"start":{"line":89,"column":0},"end":{"line":89,"column":43}},"89":{"start":{"line":90,"column":0},"end":{"line":90,"column":27}},"90":{"start":{"line":91,"column":0},"end":{"line":91,"column":42}},"91":{"start":{"line":92,"column":0},"end":{"line":92,"column":19}},"92":{"start":{"line":93,"column":0},"end":{"line":93,"column":51}},"93":{"start":{"line":94,"column":0},"end":{"line":94,"column":9}},"94":{"start":{"line":95,"column":0},"end":{"line":95,"column":5}},"95":{"start":{"line":96,"column":0},"end":{"line":96,"column":0}},"96":{"start":{"line":97,"column":0},"end":{"line":97,"column":26}},"97":{"start":{"line":98,"column":0},"end":{"line":98,"column":58}},"98":{"start":{"line":99,"column":0},"end":{"line":99,"column":43}},"99":{"start":{"line":100,"column":0},"end":{"line":100,"column":5}},"100":{"start":{"line":101,"column":0},"end":{"line":101,"column":0}},"101":{"start":{"line":102,"column":0},"end":{"line":102,"column":1}},"102":{"start":{"line":103,"column":0},"end":{"line":103,"column":0}},"103":{"start":{"line":104,"column":0},"end":{"line":104,"column":0}},"104":{"start":{"line":105,"column":0},"end":{"line":105,"column":0}},"105":{"start":{"line":106,"column":0},"end":{"line":106,"column":17}}},"s":{"0":1,"1":1,"2":1,"3":1,"4":1,"5":1,"6":1,"7":1,"8":1,"9":1,"10":1,"11":1,"12":1,"13":1,"14":1,"15":1,"16":8,"17":8,"18":8,"19":8,"20":8,"21":1,"22":1,"23":1,"24":1,"25":1,"26":1,"27":1,"28":1,"29":1,"30":1,"31":1,"32":1,"33":1,"34":1,"35":1,"36":1,"37":1,"38":1,"39":1,"40":1,"41":1,"42":0,"43":0,"44":1,"45":1,"46":0,"47":0,"48":0,"49":0,"50":0,"51":0,"52":0,"53":0,"54":0,"55":0,"56":0,"57":0,"58":0,"59":1,"60":1,"61":5,"62":5,"63":1,"64":1,"65":1,"66":32,"67":32,"68":32,"69":32,"70":0,"71":0,"72":32,"73":1,"74":1,"75":0,"76":0,"77":1,"78":1,"79":4,"80":4,"81":4,"82":4,"83":4,"84":0,"85":4,"86":0,"87":0,"88":4,"89":4,"90":4,"91":4,"92":0,"93":0,"94":4,"95":1,"96":1,"97":1,"98":0,"99":1,"100":1,"101":1,"102":1,"103":1,"104":1,"105":1},"branchMap":{"0":{"type":"branch","line":9,"loc":{"start":{"line":9,"column":4},"end":{"line":12,"column":5}},"locations":[{"start":{"line":9,"column":4},"end":{"line":12,"column":5}}]},"1":{"type":"branch","line":14,"loc":{"start":{"line":14,"column":4},"end":{"line":40,"column":5}},"locations":[{"start":{"line":14,"column":4},"end":{"line":40,"column":5}}]},"2":{"type":"branch","line":16,"loc":{"start":{"line":16,"column":66},"end":{"line":21,"column":9}},"locations":[{"start":{"line":16,"column":66},"end":{"line":21,"column":9}}]},"3":{"type":"branch","line":61,"loc":{"start":{"line":61,"column":4},"end":{"line":63,"column":5}},"locations":[{"start":{"line":61,"column":4},"end":{"line":63,"column":5}}]},"4":{"type":"branch","line":66,"loc":{"start":{"line":66,"column":4},"end":{"line":73,"column":5}},"locations":[{"start":{"line":66,"column":4},"end":{"line":73,"column":5}}]},"5":{"type":"branch","line":70,"loc":{"start":{"line":70,"column":10},"end":{"line":72,"column":9}},"locations":[{"start":{"line":70,"column":10},"end":{"line":72,"column":9}}]},"6":{"type":"branch","line":79,"loc":{"start":{"line":79,"column":4},"end":{"line":95,"column":5}},"locations":[{"start":{"line":79,"column":4},"end":{"line":95,"column":5}}]},"7":{"type":"branch","line":82,"loc":{"start":{"line":82,"column":27},"end":{"line":82,"column":85}},"locations":[{"start":{"line":82,"column":27},"end":{"line":82,"column":85}}]},"8":{"type":"branch","line":84,"loc":{"start":{"line":84,"column":36},"end":{"line":84,"column":58}},"locations":[{"start":{"line":84,"column":36},"end":{"line":84,"column":58}}]},"9":{"type":"branch","line":84,"loc":{"start":{"line":84,"column":60},"end":{"line":86,"column":13}},"locations":[{"start":{"line":84,"column":60},"end":{"line":86,"column":13}}]},"10":{"type":"branch","line":86,"loc":{"start":{"line":86,"column":43},"end":{"line":86,"column":65}},"locations":[{"start":{"line":86,"column":43},"end":{"line":86,"column":65}}]},"11":{"type":"branch","line":86,"loc":{"start":{"line":86,"column":67},"end":{"line":88,"column":13}},"locations":[{"start":{"line":86,"column":67},"end":{"line":88,"column":13}}]},"12":{"type":"branch","line":92,"loc":{"start":{"line":92,"column":10},"end":{"line":94,"column":9}},"locations":[{"start":{"line":92,"column":10},"end":{"line":94,"column":9}}]},"13":{"type":"branch","line":97,"loc":{"start":{"line":97,"column":4},"end":{"line":100,"column":5}},"locations":[{"start":{"line":97,"column":4},"end":{"line":100,"column":5}}]},"14":{"type":"branch","line":99,"loc":{"start":{"line":99,"column":-1},"end":{"line":99,"column":43}},"locations":[{"start":{"line":99,"column":-1},"end":{"line":99,"column":43}}]}},"b":{"0":[1],"1":[1],"2":[8],"3":[5],"4":[32],"5":[0],"6":[4],"7":[0],"8":[2],"9":[0],"10":[2],"11":[0],"12":[0],"13":[1],"14":[0]},"fnMap":{"0":{"name":"Board","decl":{"start":{"line":9,"column":4},"end":{"line":12,"column":5}},"loc":{"start":{"line":9,"column":4},"end":{"line":12,"column":5}},"line":9},"1":{"name":"createNewBoard","decl":{"start":{"line":14,"column":4},"end":{"line":40,"column":5}},"loc":{"start":{"line":14,"column":4},"end":{"line":40,"column":5}},"line":14},"2":{"name":"getState","decl":{"start":{"line":42,"column":4},"end":{"line":44,"column":5}},"loc":{"start":{"line":42,"column":4},"end":{"line":44,"column":5}},"line":42},"3":{"name":"printState","decl":{"start":{"line":46,"column":4},"end":{"line":59,"column":5}},"loc":{"start":{"line":46,"column":4},"end":{"line":59,"column":5}},"line":46},"4":{"name":"getPiece","decl":{"start":{"line":61,"column":4},"end":{"line":63,"column":5}},"loc":{"start":{"line":61,"column":4},"end":{"line":63,"column":5}},"line":61},"5":{"name":"setPiece","decl":{"start":{"line":66,"column":4},"end":{"line":73,"column":5}},"loc":{"start":{"line":66,"column":4},"end":{"line":73,"column":5}},"line":66},"6":{"name":"getMoves","decl":{"start":{"line":75,"column":4},"end":{"line":77,"column":5}},"loc":{"start":{"line":75,"column":4},"end":{"line":77,"column":5}},"line":75},"7":{"name":"move","decl":{"start":{"line":79,"column":4},"end":{"line":95,"column":5}},"loc":{"start":{"line":79,"column":4},"end":{"line":95,"column":5}},"line":79},"8":{"name":"getResult","decl":{"start":{"line":97,"column":4},"end":{"line":100,"column":5}},"loc":{"start":{"line":97,"column":4},"end":{"line":100,"column":5}},"line":97}},"f":{"0":1,"1":1,"2":0,"3":0,"4":5,"5":32,"6":0,"7":4,"8":1}}
,"/home/santiago/Documentos/Chess-Library/src/logger.ts": {"path":"/home/santiago/Documentos/Chess-Library/src/logger.ts","all":false,"statementMap":{"0":{"start":{"line":1,"column":0},"end":{"line":1,"column":0}},"1":{"start":{"line":2,"column":0},"end":{"line":2,"column":24}},"2":{"start":{"line":3,"column":0},"end":{"line":3,"column":0}},"3":{"start":{"line":4,"column":0},"end":{"line":4,"column":14}},"4":{"start":{"line":5,"column":0},"end":{"line":5,"column":13}},"5":{"start":{"line":6,"column":0},"end":{"line":6,"column":14}},"6":{"start":{"line":7,"column":0},"end":{"line":7,"column":13}},"7":{"start":{"line":8,"column":0},"end":{"line":8,"column":15}},"8":{"start":{"line":9,"column":0},"end":{"line":9,"column":13}},"9":{"start":{"line":10,"column":0},"end":{"line":10,"column":14}},"10":{"start":{"line":11,"column":0},"end":{"line":11,"column":2}},"11":{"start":{"line":12,"column":0},"end":{"line":12,"column":0}},"12":{"start":{"line":13,"column":0},"end":{"line":13,"column":0}},"13":{"start":{"line":14,"column":0},"end":{"line":14,"column":0}},"14":{"start":{"line":15,"column":0},"end":{"line":15,"column":21}},"15":{"start":{"line":16,"column":0},"end":{"line":16,"column":25}},"16":{"start":{"line":17,"column":0},"end":{"line":17,"column":65}},"17":{"start":{"line":18,"column":0},"end":{"line":18,"column":16}},"18":{"start":{"line":19,"column":0},"end":{"line":19,"column":29}},"19":{"start":{"line":20,"column":0},"end":{"line":20,"column":5}},"20":{"start":{"line":21,"column":0},"end":{"line":21,"column":2}},"21":{"start":{"line":22,"column":0},"end":{"line":22,"column":0}},"22":{"start":{"line":23,"column":0},"end":{"line":23,"column":18}}},"s":{"0":1,"1":1,"2":1,"3":1,"4":1,"5":1,"6":1,"7":1,"8":1,"9":1,"10":1,"11":1,"12":1,"13":1,"14":1,"15":1,"16":1,"17":1,"18":1,"19":1,"20":1,"21":1,"22":1},"branchMap":{},"b":{},"fnMap":{},"f":{}}
,"/home/santiago/Documentos/Chess-Library/src/pieceState.ts": {"path":"/home/santiago/Documentos/Chess-Library/src/pieceState.ts","all":false,"statementMap":{"0":{"start":{"line":1,"column":0},"end":{"line":1,"column":71}},"1":{"start":{"line":2,"column":0},"end":{"line":2,"column":84}},"2":{"start":{"line":3,"column":0},"end":{"line":3,"column":45}},"3":{"start":{"line":4,"column":0},"end":{"line":4,"column":38}},"4":{"start":{"line":5,"column":0},"end":{"line":5,"column":0}},"5":{"start":{"line":6,"column":0},"end":{"line":6,"column":25}},"6":{"start":{"line":7,"column":0},"end":{"line":7,"column":38}},"7":{"start":{"line":8,"column":0},"end":{"line":8,"column":36}},"8":{"start":{"line":9,"column":0},"end":{"line":9,"column":25}},"9":{"start":{"line":10,"column":0},"end":{"line":10,"column":0}},"10":{"start":{"line":11,"column":0},"end":{"line":11,"column":19}},"11":{"start":{"line":12,"column":0},"end":{"line":12,"column":46}},"12":{"start":{"line":13,"column":0},"end":{"line":13,"column":5}},"13":{"start":{"line":14,"column":0},"end":{"line":14,"column":0}},"14":{"start":{"line":15,"column":0},"end":{"line":15,"column":40}},"15":{"start":{"line":16,"column":0},"end":{"line":16,"column":13}},"16":{"start":{"line":17,"column":0},"end":{"line":17,"column":60}},"17":{"start":{"line":18,"column":0},"end":{"line":18,"column":50}},"18":{"start":{"line":19,"column":0},"end":{"line":19,"column":21}},"19":{"start":{"line":20,"column":0},"end":{"line":20,"column":57}},"20":{"start":{"line":21,"column":0},"end":{"line":21,"column":9}},"21":{"start":{"line":22,"column":0},"end":{"line":22,"column":5}},"22":{"start":{"line":23,"column":0},"end":{"line":23,"column":0}},"23":{"start":{"line":24,"column":0},"end":{"line":24,"column":43}},"24":{"start":{"line":25,"column":0},"end":{"line":25,"column":12}},"25":{"start":{"line":26,"column":0},"end":{"line":26,"column":166}},"26":{"start":{"line":27,"column":0},"end":{"line":27,"column":47}},"27":{"start":{"line":28,"column":0},"end":{"line":28,"column":54}},"28":{"start":{"line":29,"column":0},"end":{"line":29,"column":19}},"29":{"start":{"line":30,"column":0},"end":{"line":30,"column":56}},"30":{"start":{"line":31,"column":0},"end":{"line":31,"column":9}},"31":{"start":{"line":32,"column":0},"end":{"line":32,"column":5}},"32":{"start":{"line":33,"column":0},"end":{"line":33,"column":0}},"33":{"start":{"line":34,"column":0},"end":{"line":34,"column":32}},"34":{"start":{"line":35,"column":0},"end":{"line":35,"column":12}},"35":{"start":{"line":36,"column":0},"end":{"line":36,"column":95}},"36":{"start":{"line":37,"column":0},"end":{"line":37,"column":50}},"37":{"start":{"line":38,"column":0},"end":{"line":38,"column":19}},"38":{"start":{"line":39,"column":0},"end":{"line":39,"column":52}},"39":{"start":{"line":40,"column":0},"end":{"line":40,"column":9}},"40":{"start":{"line":41,"column":0},"end":{"line":41,"column":5}},"41":{"start":{"line":42,"column":0},"end":{"line":42,"column":0}},"42":{"start":{"line":43,"column":0},"end":{"line":43,"column":49}},"43":{"start":{"line":44,"column":0},"end":{"line":44,"column":13}},"44":{"start":{"line":45,"column":0},"end":{"line":45,"column":90}},"45":{"start":{"line":46,"column":0},"end":{"line":46,"column":84}},"46":{"start":{"line":47,"column":0},"end":{"line":47,"column":79}},"47":{"start":{"line":48,"column":0},"end":{"line":48,"column":63}},"48":{"start":{"line":49,"column":0},"end":{"line":49,"column":14}},"49":{"start":{"line":50,"column":0},"end":{"line":50,"column":74}},"50":{"start":{"line":51,"column":0},"end":{"line":51,"column":40}},"51":{"start":{"line":52,"column":0},"end":{"line":52,"column":143}},"52":{"start":{"line":53,"column":0},"end":{"line":53,"column":129}},"53":{"start":{"line":54,"column":0},"end":{"line":54,"column":79}},"54":{"start":{"line":55,"column":0},"end":{"line":55,"column":0}},"55":{"start":{"line":56,"column":0},"end":{"line":56,"column":55}},"56":{"start":{"line":57,"column":0},"end":{"line":57,"column":35}},"57":{"start":{"line":58,"column":0},"end":{"line":58,"column":87}},"58":{"start":{"line":59,"column":0},"end":{"line":59,"column":62}},"59":{"start":{"line":60,"column":0},"end":{"line":60,"column":135}},"60":{"start":{"line":61,"column":0},"end":{"line":61,"column":79}},"61":{"start":{"line":62,"column":0},"end":{"line":62,"column":0}},"62":{"start":{"line":63,"column":0},"end":{"line":63,"column":55}},"63":{"start":{"line":64,"column":0},"end":{"line":64,"column":35}},"64":{"start":{"line":65,"column":0},"end":{"line":65,"column":87}},"65":{"start":{"line":66,"column":0},"end":{"line":66,"column":62}},"66":{"start":{"line":67,"column":0},"end":{"line":67,"column":17}},"67":{"start":{"line":68,"column":0},"end":{"line":68,"column":43}},"68":{"start":{"line":69,"column":0},"end":{"line":69,"column":13}},"69":{"start":{"line":70,"column":0},"end":{"line":70,"column":41}},"70":{"start":{"line":71,"column":0},"end":{"line":71,"column":43}},"71":{"start":{"line":72,"column":0},"end":{"line":72,"column":13}},"72":{"start":{"line":73,"column":0},"end":{"line":73,"column":0}},"73":{"start":{"line":74,"column":0},"end":{"line":74,"column":42}},"74":{"start":{"line":75,"column":0},"end":{"line":75,"column":27}},"75":{"start":{"line":76,"column":0},"end":{"line":76,"column":31}},"76":{"start":{"line":77,"column":0},"end":{"line":77,"column":19}},"77":{"start":{"line":78,"column":0},"end":{"line":78,"column":56}},"78":{"start":{"line":79,"column":0},"end":{"line":79,"column":9}},"79":{"start":{"line":80,"column":0},"end":{"line":80,"column":5}},"80":{"start":{"line":81,"column":0},"end":{"line":81,"column":0}},"81":{"start":{"line":82,"column":0},"end":{"line":82,"column":16}},"82":{"start":{"line":83,"column":0},"end":{"line":83,"column":13}},"83":{"start":{"line":84,"column":0},"end":{"line":84,"column":30}},"84":{"start":{"line":85,"column":0},"end":{"line":85,"column":46}},"85":{"start":{"line":86,"column":0},"end":{"line":86,"column":32}},"86":{"start":{"line":87,"column":0},"end":{"line":87,"column":75}},"87":{"start":{"line":88,"column":0},"end":{"line":88,"column":76}},"88":{"start":{"line":89,"column":0},"end":{"line":89,"column":34}},"89":{"start":{"line":90,"column":0},"end":{"line":90,"column":55}},"90":{"start":{"line":91,"column":0},"end":{"line":91,"column":75}},"91":{"start":{"line":92,"column":0},"end":{"line":92,"column":32}},"92":{"start":{"line":93,"column":0},"end":{"line":93,"column":61}},"93":{"start":{"line":94,"column":0},"end":{"line":94,"column":25}},"94":{"start":{"line":95,"column":0},"end":{"line":95,"column":28}},"95":{"start":{"line":96,"column":0},"end":{"line":96,"column":42}},"96":{"start":{"line":97,"column":0},"end":{"line":97,"column":21}},"97":{"start":{"line":98,"column":0},"end":{"line":98,"column":17}},"98":{"start":{"line":99,"column":0},"end":{"line":99,"column":36}},"99":{"start":{"line":100,"column":0},"end":{"line":100,"column":13}},"100":{"start":{"line":101,"column":0},"end":{"line":101,"column":26}},"101":{"start":{"line":102,"column":0},"end":{"line":102,"column":12}},"102":{"start":{"line":103,"column":0},"end":{"line":103,"column":21}},"103":{"start":{"line":104,"column":0},"end":{"line":104,"column":60}},"104":{"start":{"line":105,"column":0},"end":{"line":105,"column":9}},"105":{"start":{"line":106,"column":0},"end":{"line":106,"column":5}},"106":{"start":{"line":107,"column":0},"end":{"line":107,"column":0}},"107":{"start":{"line":108,"column":0},"end":{"line":108,"column":42}},"108":{"start":{"line":109,"column":0},"end":{"line":109,"column":13}},"109":{"start":{"line":110,"column":0},"end":{"line":110,"column":55}},"110":{"start":{"line":111,"column":0},"end":{"line":111,"column":24}},"111":{"start":{"line":112,"column":0},"end":{"line":112,"column":19}},"112":{"start":{"line":113,"column":0},"end":{"line":113,"column":61}},"113":{"start":{"line":114,"column":0},"end":{"line":114,"column":9}},"114":{"start":{"line":115,"column":0},"end":{"line":115,"column":5}},"115":{"start":{"line":116,"column":0},"end":{"line":116,"column":0}},"116":{"start":{"line":117,"column":0},"end":{"line":117,"column":80}},"117":{"start":{"line":118,"column":0},"end":{"line":118,"column":12}},"118":{"start":{"line":119,"column":0},"end":{"line":119,"column":40}},"119":{"start":{"line":120,"column":0},"end":{"line":120,"column":38}},"120":{"start":{"line":121,"column":0},"end":{"line":121,"column":75}},"121":{"start":{"line":122,"column":0},"end":{"line":122,"column":37}},"122":{"start":{"line":123,"column":0},"end":{"line":123,"column":25}},"123":{"start":{"line":124,"column":0},"end":{"line":124,"column":82}},"124":{"start":{"line":125,"column":0},"end":{"line":125,"column":26}},"125":{"start":{"line":126,"column":0},"end":{"line":126,"column":25}},"126":{"start":{"line":127,"column":0},"end":{"line":127,"column":75}},"127":{"start":{"line":128,"column":0},"end":{"line":128,"column":26}},"128":{"start":{"line":129,"column":0},"end":{"line":129,"column":25}},"129":{"start":{"line":130,"column":0},"end":{"line":130,"column":75}},"130":{"start":{"line":131,"column":0},"end":{"line":131,"column":26}},"131":{"start":{"line":132,"column":0},"end":{"line":132,"column":25}},"132":{"start":{"line":133,"column":0},"end":{"line":133,"column":73}},"133":{"start":{"line":134,"column":0},"end":{"line":134,"column":26}},"134":{"start":{"line":135,"column":0},"end":{"line":135,"column":25}},"135":{"start":{"line":136,"column":0},"end":{"line":136,"column":74}},"136":{"start":{"line":137,"column":0},"end":{"line":137,"column":26}},"137":{"start":{"line":138,"column":0},"end":{"line":138,"column":25}},"138":{"start":{"line":139,"column":0},"end":{"line":139,"column":82}},"139":{"start":{"line":140,"column":0},"end":{"line":140,"column":26}},"140":{"start":{"line":141,"column":0},"end":{"line":141,"column":24}},"141":{"start":{"line":142,"column":0},"end":{"line":142,"column":58}},"142":{"start":{"line":143,"column":0},"end":{"line":143,"column":13}},"143":{"start":{"line":144,"column":0},"end":{"line":144,"column":25}},"144":{"start":{"line":145,"column":0},"end":{"line":145,"column":21}},"145":{"start":{"line":146,"column":0},"end":{"line":146,"column":58}},"146":{"start":{"line":147,"column":0},"end":{"line":147,"column":9}},"147":{"start":{"line":148,"column":0},"end":{"line":148,"column":5}},"148":{"start":{"line":149,"column":0},"end":{"line":149,"column":0}},"149":{"start":{"line":150,"column":0},"end":{"line":150,"column":55}},"150":{"start":{"line":151,"column":0},"end":{"line":151,"column":41}},"151":{"start":{"line":152,"column":0},"end":{"line":152,"column":42}},"152":{"start":{"line":153,"column":0},"end":{"line":153,"column":58}},"153":{"start":{"line":154,"column":0},"end":{"line":154,"column":0}},"154":{"start":{"line":155,"column":0},"end":{"line":155,"column":67}},"155":{"start":{"line":156,"column":0},"end":{"line":156,"column":83}},"156":{"start":{"line":157,"column":0},"end":{"line":157,"column":63}},"157":{"start":{"line":158,"column":0},"end":{"line":158,"column":0}},"158":{"start":{"line":159,"column":0},"end":{"line":159,"column":64}},"159":{"start":{"line":160,"column":0},"end":{"line":160,"column":111}},"160":{"start":{"line":161,"column":0},"end":{"line":161,"column":64}},"161":{"start":{"line":162,"column":0},"end":{"line":162,"column":111}},"162":{"start":{"line":163,"column":0},"end":{"line":163,"column":8}},"163":{"start":{"line":164,"column":0},"end":{"line":164,"column":36}},"164":{"start":{"line":165,"column":0},"end":{"line":165,"column":67}},"165":{"start":{"line":166,"column":0},"end":{"line":166,"column":76}},"166":{"start":{"line":167,"column":0},"end":{"line":167,"column":79}},"167":{"start":{"line":168,"column":0},"end":{"line":168,"column":13}},"168":{"start":{"line":169,"column":0},"end":{"line":169,"column":16}},"169":{"start":{"line":170,"column":0},"end":{"line":170,"column":67}},"170":{"start":{"line":171,"column":0},"end":{"line":171,"column":76}},"171":{"start":{"line":172,"column":0},"end":{"line":172,"column":79}},"172":{"start":{"line":173,"column":0},"end":{"line":173,"column":13}},"173":{"start":{"line":174,"column":0},"end":{"line":174,"column":9}},"174":{"start":{"line":175,"column":0},"end":{"line":175,"column":0}},"175":{"start":{"line":176,"column":0},"end":{"line":176,"column":26}},"176":{"start":{"line":177,"column":0},"end":{"line":177,"column":5}},"177":{"start":{"line":178,"column":0},"end":{"line":178,"column":5}},"178":{"start":{"line":179,"column":0},"end":{"line":179,"column":141}},"179":{"start":{"line":180,"column":0},"end":{"line":180,"column":42}},"180":{"start":{"line":181,"column":0},"end":{"line":181,"column":0}},"181":{"start":{"line":182,"column":0},"end":{"line":182,"column":122}},"182":{"start":{"line":183,"column":0},"end":{"line":183,"column":0}},"183":{"start":{"line":184,"column":0},"end":{"line":184,"column":40}},"184":{"start":{"line":185,"column":0},"end":{"line":185,"column":67}},"185":{"start":{"line":186,"column":0},"end":{"line":186,"column":67}},"186":{"start":{"line":187,"column":0},"end":{"line":187,"column":88}},"187":{"start":{"line":188,"column":0},"end":{"line":188,"column":169}},"188":{"start":{"line":189,"column":0},"end":{"line":189,"column":13}},"189":{"start":{"line":190,"column":0},"end":{"line":190,"column":91}},"190":{"start":{"line":191,"column":0},"end":{"line":191,"column":218}},"191":{"start":{"line":192,"column":0},"end":{"line":192,"column":13}},"192":{"start":{"line":193,"column":0},"end":{"line":193,"column":9}},"193":{"start":{"line":194,"column":0},"end":{"line":194,"column":0}},"194":{"start":{"line":195,"column":0},"end":{"line":195,"column":59}},"195":{"start":{"line":196,"column":0},"end":{"line":196,"column":35}},"196":{"start":{"line":197,"column":0},"end":{"line":197,"column":42}},"197":{"start":{"line":198,"column":0},"end":{"line":198,"column":69}},"198":{"start":{"line":199,"column":0},"end":{"line":199,"column":13}},"199":{"start":{"line":200,"column":0},"end":{"line":200,"column":33}},"200":{"start":{"line":201,"column":0},"end":{"line":201,"column":12}},"201":{"start":{"line":202,"column":0},"end":{"line":202,"column":9}},"202":{"start":{"line":203,"column":0},"end":{"line":203,"column":26}},"203":{"start":{"line":204,"column":0},"end":{"line":204,"column":5}},"204":{"start":{"line":205,"column":0},"end":{"line":205,"column":4}},"205":{"start":{"line":206,"column":0},"end":{"line":206,"column":83}},"206":{"start":{"line":207,"column":0},"end":{"line":207,"column":41}},"207":{"start":{"line":208,"column":0},"end":{"line":208,"column":32}},"208":{"start":{"line":209,"column":0},"end":{"line":209,"column":36}},"209":{"start":{"line":210,"column":0},"end":{"line":210,"column":62}},"210":{"start":{"line":211,"column":0},"end":{"line":211,"column":62}},"211":{"start":{"line":212,"column":0},"end":{"line":212,"column":208}},"212":{"start":{"line":213,"column":0},"end":{"line":213,"column":45}},"213":{"start":{"line":214,"column":0},"end":{"line":214,"column":17}},"214":{"start":{"line":215,"column":0},"end":{"line":215,"column":208}},"215":{"start":{"line":216,"column":0},"end":{"line":216,"column":45}},"216":{"start":{"line":217,"column":0},"end":{"line":217,"column":17}},"217":{"start":{"line":218,"column":0},"end":{"line":218,"column":13}},"218":{"start":{"line":219,"column":0},"end":{"line":219,"column":9}},"219":{"start":{"line":220,"column":0},"end":{"line":220,"column":26}},"220":{"start":{"line":221,"column":0},"end":{"line":221,"column":5}},"221":{"start":{"line":222,"column":0},"end":{"line":222,"column":4}},"222":{"start":{"line":223,"column":0},"end":{"line":223,"column":83}},"223":{"start":{"line":224,"column":0},"end":{"line":224,"column":117}},"224":{"start":{"line":225,"column":0},"end":{"line":225,"column":26}},"225":{"start":{"line":226,"column":0},"end":{"line":226,"column":5}},"226":{"start":{"line":227,"column":0},"end":{"line":227,"column":0}},"227":{"start":{"line":228,"column":0},"end":{"line":228,"column":82}},"228":{"start":{"line":229,"column":0},"end":{"line":229,"column":115}},"229":{"start":{"line":230,"column":0},"end":{"line":230,"column":25}},"230":{"start":{"line":231,"column":0},"end":{"line":231,"column":5}},"231":{"start":{"line":232,"column":0},"end":{"line":232,"column":0}},"232":{"start":{"line":233,"column":0},"end":{"line":233,"column":85}},"233":{"start":{"line":234,"column":0},"end":{"line":234,"column":143}},"234":{"start":{"line":235,"column":0},"end":{"line":235,"column":29}},"235":{"start":{"line":236,"column":0},"end":{"line":236,"column":5}},"236":{"start":{"line":237,"column":0},"end":{"line":237,"column":0}},"237":{"start":{"line":238,"column":0},"end":{"line":238,"column":120}},"238":{"start":{"line":239,"column":0},"end":{"line":239,"column":47}},"239":{"start":{"line":240,"column":0},"end":{"line":240,"column":41}},"240":{"start":{"line":241,"column":0},"end":{"line":241,"column":47}},"241":{"start":{"line":242,"column":0},"end":{"line":242,"column":43}},"242":{"start":{"line":243,"column":0},"end":{"line":243,"column":94}},"243":{"start":{"line":244,"column":0},"end":{"line":244,"column":34}},"244":{"start":{"line":245,"column":0},"end":{"line":245,"column":46}},"245":{"start":{"line":246,"column":0},"end":{"line":246,"column":45}},"246":{"start":{"line":247,"column":0},"end":{"line":247,"column":29}},"247":{"start":{"line":248,"column":0},"end":{"line":248,"column":17}},"248":{"start":{"line":249,"column":0},"end":{"line":249,"column":126}},"249":{"start":{"line":250,"column":0},"end":{"line":250,"column":43}},"250":{"start":{"line":251,"column":0},"end":{"line":251,"column":26}},"251":{"start":{"line":252,"column":0},"end":{"line":252,"column":18}},"252":{"start":{"line":253,"column":0},"end":{"line":253,"column":22}},"253":{"start":{"line":254,"column":0},"end":{"line":254,"column":13}},"254":{"start":{"line":255,"column":0},"end":{"line":255,"column":9}},"255":{"start":{"line":256,"column":0},"end":{"line":256,"column":26}},"256":{"start":{"line":257,"column":0},"end":{"line":257,"column":5}},"257":{"start":{"line":258,"column":0},"end":{"line":258,"column":0}},"258":{"start":{"line":259,"column":0},"end":{"line":259,"column":26}},"259":{"start":{"line":260,"column":0},"end":{"line":260,"column":12}},"260":{"start":{"line":261,"column":0},"end":{"line":261,"column":55}},"261":{"start":{"line":262,"column":0},"end":{"line":262,"column":45}},"262":{"start":{"line":263,"column":0},"end":{"line":263,"column":45}},"263":{"start":{"line":264,"column":0},"end":{"line":264,"column":4}},"264":{"start":{"line":265,"column":0},"end":{"line":265,"column":64}},"265":{"start":{"line":266,"column":0},"end":{"line":266,"column":64}},"266":{"start":{"line":267,"column":0},"end":{"line":267,"column":12}},"267":{"start":{"line":268,"column":0},"end":{"line":268,"column":75}},"268":{"start":{"line":269,"column":0},"end":{"line":269,"column":16}},"269":{"start":{"line":270,"column":0},"end":{"line":270,"column":56}},"270":{"start":{"line":271,"column":0},"end":{"line":271,"column":71}},"271":{"start":{"line":272,"column":0},"end":{"line":272,"column":99}},"272":{"start":{"line":273,"column":0},"end":{"line":273,"column":36}},"273":{"start":{"line":274,"column":0},"end":{"line":274,"column":73}},"274":{"start":{"line":275,"column":0},"end":{"line":275,"column":17}},"275":{"start":{"line":276,"column":0},"end":{"line":276,"column":48}},"276":{"start":{"line":277,"column":0},"end":{"line":277,"column":49}},"277":{"start":{"line":278,"column":0},"end":{"line":278,"column":56}},"278":{"start":{"line":279,"column":0},"end":{"line":279,"column":21}},"279":{"start":{"line":280,"column":0},"end":{"line":280,"column":80}},"280":{"start":{"line":281,"column":0},"end":{"line":281,"column":24}},"281":{"start":{"line":282,"column":0},"end":{"line":282,"column":77}},"282":{"start":{"line":283,"column":0},"end":{"line":283,"column":84}},"283":{"start":{"line":284,"column":0},"end":{"line":284,"column":106}},"284":{"start":{"line":285,"column":0},"end":{"line":285,"column":106}},"285":{"start":{"line":286,"column":0},"end":{"line":286,"column":17}},"286":{"start":{"line":287,"column":0},"end":{"line":287,"column":13}},"287":{"start":{"line":288,"column":0},"end":{"line":288,"column":105}},"288":{"start":{"line":289,"column":0},"end":{"line":289,"column":81}},"289":{"start":{"line":290,"column":0},"end":{"line":290,"column":81}},"290":{"start":{"line":291,"column":0},"end":{"line":291,"column":4}},"291":{"start":{"line":292,"column":0},"end":{"line":292,"column":113}},"292":{"start":{"line":293,"column":0},"end":{"line":293,"column":113}},"293":{"start":{"line":294,"column":0},"end":{"line":294,"column":4}},"294":{"start":{"line":295,"column":0},"end":{"line":295,"column":117}},"295":{"start":{"line":296,"column":0},"end":{"line":296,"column":16}},"296":{"start":{"line":297,"column":0},"end":{"line":297,"column":83}},"297":{"start":{"line":298,"column":0},"end":{"line":298,"column":169}},"298":{"start":{"line":299,"column":0},"end":{"line":299,"column":200}},"299":{"start":{"line":300,"column":0},"end":{"line":300,"column":16}},"300":{"start":{"line":301,"column":0},"end":{"line":301,"column":62}},"301":{"start":{"line":302,"column":0},"end":{"line":302,"column":0}},"302":{"start":{"line":303,"column":0},"end":{"line":303,"column":61}},"303":{"start":{"line":304,"column":0},"end":{"line":304,"column":42}},"304":{"start":{"line":305,"column":0},"end":{"line":305,"column":95}},"305":{"start":{"line":306,"column":0},"end":{"line":306,"column":59}},"306":{"start":{"line":307,"column":0},"end":{"line":307,"column":85}},"307":{"start":{"line":308,"column":0},"end":{"line":308,"column":64}},"308":{"start":{"line":309,"column":0},"end":{"line":309,"column":90}},"309":{"start":{"line":310,"column":0},"end":{"line":310,"column":28}},"310":{"start":{"line":311,"column":0},"end":{"line":311,"column":52}},"311":{"start":{"line":312,"column":0},"end":{"line":312,"column":32}},"312":{"start":{"line":313,"column":0},"end":{"line":313,"column":50}},"313":{"start":{"line":314,"column":0},"end":{"line":314,"column":75}},"314":{"start":{"line":315,"column":0},"end":{"line":315,"column":36}},"315":{"start":{"line":316,"column":0},"end":{"line":316,"column":60}},"316":{"start":{"line":317,"column":0},"end":{"line":317,"column":57}},"317":{"start":{"line":318,"column":0},"end":{"line":318,"column":37}},"318":{"start":{"line":319,"column":0},"end":{"line":319,"column":34}},"319":{"start":{"line":320,"column":0},"end":{"line":320,"column":105}},"320":{"start":{"line":321,"column":0},"end":{"line":321,"column":32}},"321":{"start":{"line":322,"column":0},"end":{"line":322,"column":93}},"322":{"start":{"line":323,"column":0},"end":{"line":323,"column":36}},"323":{"start":{"line":324,"column":0},"end":{"line":324,"column":53}},"324":{"start":{"line":325,"column":0},"end":{"line":325,"column":29}},"325":{"start":{"line":326,"column":0},"end":{"line":326,"column":25}},"326":{"start":{"line":327,"column":0},"end":{"line":327,"column":21}},"327":{"start":{"line":328,"column":0},"end":{"line":328,"column":17}},"328":{"start":{"line":329,"column":0},"end":{"line":329,"column":0}},"329":{"start":{"line":330,"column":0},"end":{"line":330,"column":148}},"330":{"start":{"line":331,"column":0},"end":{"line":331,"column":57}},"331":{"start":{"line":332,"column":0},"end":{"line":332,"column":17}},"332":{"start":{"line":333,"column":0},"end":{"line":333,"column":14}},"333":{"start":{"line":334,"column":0},"end":{"line":334,"column":0}},"334":{"start":{"line":335,"column":0},"end":{"line":335,"column":21}},"335":{"start":{"line":336,"column":0},"end":{"line":336,"column":61}},"336":{"start":{"line":337,"column":0},"end":{"line":337,"column":9}},"337":{"start":{"line":338,"column":0},"end":{"line":338,"column":5}},"338":{"start":{"line":339,"column":0},"end":{"line":339,"column":0}},"339":{"start":{"line":340,"column":0},"end":{"line":340,"column":139}},"340":{"start":{"line":341,"column":0},"end":{"line":341,"column":109}},"341":{"start":{"line":342,"column":0},"end":{"line":342,"column":132}},"342":{"start":{"line":343,"column":0},"end":{"line":343,"column":84}},"343":{"start":{"line":344,"column":0},"end":{"line":344,"column":13}},"344":{"start":{"line":345,"column":0},"end":{"line":345,"column":0}},"345":{"start":{"line":346,"column":0},"end":{"line":346,"column":38}},"346":{"start":{"line":347,"column":0},"end":{"line":347,"column":48}},"347":{"start":{"line":348,"column":0},"end":{"line":348,"column":31}},"348":{"start":{"line":349,"column":0},"end":{"line":349,"column":31}},"349":{"start":{"line":350,"column":0},"end":{"line":350,"column":32}},"350":{"start":{"line":351,"column":0},"end":{"line":351,"column":24}},"351":{"start":{"line":352,"column":0},"end":{"line":352,"column":4}},"352":{"start":{"line":353,"column":0},"end":{"line":353,"column":60}},"353":{"start":{"line":354,"column":0},"end":{"line":354,"column":60}},"354":{"start":{"line":355,"column":0},"end":{"line":355,"column":56}},"355":{"start":{"line":356,"column":0},"end":{"line":356,"column":0}},"356":{"start":{"line":357,"column":0},"end":{"line":357,"column":0}},"357":{"start":{"line":358,"column":0},"end":{"line":358,"column":79}},"358":{"start":{"line":359,"column":0},"end":{"line":359,"column":38}},"359":{"start":{"line":360,"column":0},"end":{"line":360,"column":52}},"360":{"start":{"line":361,"column":0},"end":{"line":361,"column":38}},"361":{"start":{"line":362,"column":0},"end":{"line":362,"column":54}},"362":{"start":{"line":363,"column":0},"end":{"line":363,"column":37}},"363":{"start":{"line":364,"column":0},"end":{"line":364,"column":74}},"364":{"start":{"line":365,"column":0},"end":{"line":365,"column":101}},"365":{"start":{"line":366,"column":0},"end":{"line":366,"column":101}},"366":{"start":{"line":367,"column":0},"end":{"line":367,"column":105}},"367":{"start":{"line":368,"column":0},"end":{"line":368,"column":42}},"368":{"start":{"line":369,"column":0},"end":{"line":369,"column":121}},"369":{"start":{"line":370,"column":0},"end":{"line":370,"column":32}},"370":{"start":{"line":371,"column":0},"end":{"line":371,"column":47}},"371":{"start":{"line":372,"column":0},"end":{"line":372,"column":25}},"372":{"start":{"line":373,"column":0},"end":{"line":373,"column":35}},"373":{"start":{"line":374,"column":0},"end":{"line":374,"column":21}},"374":{"start":{"line":375,"column":0},"end":{"line":375,"column":18}},"375":{"start":{"line":376,"column":0},"end":{"line":376,"column":13}},"376":{"start":{"line":377,"column":0},"end":{"line":377,"column":0}},"377":{"start":{"line":378,"column":0},"end":{"line":378,"column":52}},"378":{"start":{"line":379,"column":0},"end":{"line":379,"column":52}},"379":{"start":{"line":380,"column":0},"end":{"line":380,"column":50}},"380":{"start":{"line":381,"column":0},"end":{"line":381,"column":12}},"381":{"start":{"line":382,"column":0},"end":{"line":382,"column":23}},"382":{"start":{"line":383,"column":0},"end":{"line":383,"column":0}},"383":{"start":{"line":384,"column":0},"end":{"line":384,"column":21}},"384":{"start":{"line":385,"column":0},"end":{"line":385,"column":70}},"385":{"start":{"line":386,"column":0},"end":{"line":386,"column":9}},"386":{"start":{"line":387,"column":0},"end":{"line":387,"column":5}},"387":{"start":{"line":388,"column":0},"end":{"line":388,"column":0}},"388":{"start":{"line":389,"column":0},"end":{"line":389,"column":83}},"389":{"start":{"line":390,"column":0},"end":{"line":390,"column":13}},"390":{"start":{"line":391,"column":0},"end":{"line":391,"column":40}},"391":{"start":{"line":392,"column":0},"end":{"line":392,"column":36}},"392":{"start":{"line":393,"column":0},"end":{"line":393,"column":91}},"393":{"start":{"line":394,"column":0},"end":{"line":394,"column":13}},"394":{"start":{"line":395,"column":0},"end":{"line":395,"column":35}},"395":{"start":{"line":396,"column":0},"end":{"line":396,"column":86}},"396":{"start":{"line":397,"column":0},"end":{"line":397,"column":20}},"397":{"start":{"line":398,"column":0},"end":{"line":398,"column":59}},"398":{"start":{"line":399,"column":0},"end":{"line":399,"column":39}},"399":{"start":{"line":400,"column":0},"end":{"line":400,"column":31}},"400":{"start":{"line":401,"column":0},"end":{"line":401,"column":24}},"401":{"start":{"line":402,"column":0},"end":{"line":402,"column":95}},"402":{"start":{"line":403,"column":0},"end":{"line":403,"column":83}},"403":{"start":{"line":404,"column":0},"end":{"line":404,"column":52}},"404":{"start":{"line":405,"column":0},"end":{"line":405,"column":123}},"405":{"start":{"line":406,"column":0},"end":{"line":406,"column":133}},"406":{"start":{"line":407,"column":0},"end":{"line":407,"column":139}},"407":{"start":{"line":408,"column":0},"end":{"line":408,"column":49}},"408":{"start":{"line":409,"column":0},"end":{"line":409,"column":0}},"409":{"start":{"line":410,"column":0},"end":{"line":410,"column":89}},"410":{"start":{"line":411,"column":0},"end":{"line":411,"column":28}},"411":{"start":{"line":412,"column":0},"end":{"line":412,"column":76}},"412":{"start":{"line":413,"column":0},"end":{"line":413,"column":28}},"413":{"start":{"line":414,"column":0},"end":{"line":414,"column":134}},"414":{"start":{"line":415,"column":0},"end":{"line":415,"column":47}},"415":{"start":{"line":416,"column":0},"end":{"line":416,"column":66}},"416":{"start":{"line":417,"column":0},"end":{"line":417,"column":41}},"417":{"start":{"line":418,"column":0},"end":{"line":418,"column":29}},"418":{"start":{"line":419,"column":0},"end":{"line":419,"column":0}},"419":{"start":{"line":420,"column":0},"end":{"line":420,"column":124}},"420":{"start":{"line":421,"column":0},"end":{"line":421,"column":28}},"421":{"start":{"line":422,"column":0},"end":{"line":422,"column":124}},"422":{"start":{"line":423,"column":0},"end":{"line":423,"column":28}},"423":{"start":{"line":424,"column":0},"end":{"line":424,"column":73}},"424":{"start":{"line":425,"column":0},"end":{"line":425,"column":28}},"425":{"start":{"line":426,"column":0},"end":{"line":426,"column":87}},"426":{"start":{"line":427,"column":0},"end":{"line":427,"column":72}},"427":{"start":{"line":428,"column":0},"end":{"line":428,"column":51}},"428":{"start":{"line":429,"column":0},"end":{"line":429,"column":42}},"429":{"start":{"line":430,"column":0},"end":{"line":430,"column":29}},"430":{"start":{"line":431,"column":0},"end":{"line":431,"column":0}},"431":{"start":{"line":432,"column":0},"end":{"line":432,"column":25}},"432":{"start":{"line":433,"column":0},"end":{"line":433,"column":21}},"433":{"start":{"line":434,"column":0},"end":{"line":434,"column":17}},"434":{"start":{"line":435,"column":0},"end":{"line":435,"column":60}},"435":{"start":{"line":436,"column":0},"end":{"line":436,"column":13}},"436":{"start":{"line":437,"column":0},"end":{"line":437,"column":0}},"437":{"start":{"line":438,"column":0},"end":{"line":438,"column":21}},"438":{"start":{"line":439,"column":0},"end":{"line":439,"column":75}},"439":{"start":{"line":440,"column":0},"end":{"line":440,"column":9}},"440":{"start":{"line":441,"column":0},"end":{"line":441,"column":5}},"441":{"start":{"line":442,"column":0},"end":{"line":442,"column":0}},"442":{"start":{"line":443,"column":0},"end":{"line":443,"column":33}},"443":{"start":{"line":444,"column":0},"end":{"line":444,"column":12}},"444":{"start":{"line":445,"column":0},"end":{"line":445,"column":96}},"445":{"start":{"line":446,"column":0},"end":{"line":446,"column":50}},"446":{"start":{"line":447,"column":0},"end":{"line":447,"column":50}},"447":{"start":{"line":448,"column":0},"end":{"line":448,"column":50}},"448":{"start":{"line":449,"column":0},"end":{"line":449,"column":30}},"449":{"start":{"line":450,"column":0},"end":{"line":450,"column":58}},"450":{"start":{"line":451,"column":0},"end":{"line":451,"column":19}},"451":{"start":{"line":452,"column":0},"end":{"line":452,"column":56}},"452":{"start":{"line":453,"column":0},"end":{"line":453,"column":9}},"453":{"start":{"line":454,"column":0},"end":{"line":454,"column":0}},"454":{"start":{"line":455,"column":0},"end":{"line":455,"column":5}},"455":{"start":{"line":456,"column":0},"end":{"line":456,"column":0}},"456":{"start":{"line":457,"column":0},"end":{"line":457,"column":0}},"457":{"start":{"line":458,"column":0},"end":{"line":458,"column":1}},"458":{"start":{"line":459,"column":0},"end":{"line":459,"column":0}},"459":{"start":{"line":460,"column":0},"end":{"line":460,"column":19}},"460":{"start":{"line":461,"column":0},"end":{"line":461,"column":29}},"461":{"start":{"line":462,"column":0},"end":{"line":462,"column":0}},"462":{"start":{"line":463,"column":0},"end":{"line":463,"column":18}},"463":{"start":{"line":464,"column":0},"end":{"line":464,"column":29}},"464":{"start":{"line":465,"column":0},"end":{"line":465,"column":5}},"465":{"start":{"line":466,"column":0},"end":{"line":466,"column":0}},"466":{"start":{"line":467,"column":0},"end":{"line":467,"column":32}},"467":{"start":{"line":468,"column":0},"end":{"line":468,"column":41}},"468":{"start":{"line":469,"column":0},"end":{"line":469,"column":5}},"469":{"start":{"line":470,"column":0},"end":{"line":470,"column":0}},"470":{"start":{"line":471,"column":0},"end":{"line":471,"column":39}},"471":{"start":{"line":472,"column":0},"end":{"line":472,"column":28}},"472":{"start":{"line":473,"column":0},"end":{"line":473,"column":43}},"473":{"start":{"line":474,"column":0},"end":{"line":474,"column":9}},"474":{"start":{"line":475,"column":0},"end":{"line":475,"column":5}},"475":{"start":{"line":476,"column":0},"end":{"line":476,"column":0}},"476":{"start":{"line":477,"column":0},"end":{"line":477,"column":35}},"477":{"start":{"line":478,"column":0},"end":{"line":478,"column":44}},"478":{"start":{"line":479,"column":0},"end":{"line":479,"column":5}},"479":{"start":{"line":480,"column":0},"end":{"line":480,"column":0}},"480":{"start":{"line":481,"column":0},"end":{"line":481,"column":35}},"481":{"start":{"line":482,"column":0},"end":{"line":482,"column":48}},"482":{"start":{"line":483,"column":0},"end":{"line":483,"column":5}},"483":{"start":{"line":484,"column":0},"end":{"line":484,"column":1}},"484":{"start":{"line":485,"column":0},"end":{"line":485,"column":0}},"485":{"start":{"line":486,"column":0},"end":{"line":486,"column":0}},"486":{"start":{"line":487,"column":0},"end":{"line":487,"column":84}},"487":{"start":{"line":488,"column":0},"end":{"line":488,"column":4}},"488":{"start":{"line":489,"column":0},"end":{"line":489,"column":36}},"489":{"start":{"line":490,"column":0},"end":{"line":490,"column":79}},"490":{"start":{"line":491,"column":0},"end":{"line":491,"column":3}},"491":{"start":{"line":492,"column":0},"end":{"line":492,"column":79}},"492":{"start":{"line":493,"column":0},"end":{"line":493,"column":68}},"493":{"start":{"line":494,"column":0},"end":{"line":494,"column":26}},"494":{"start":{"line":495,"column":0},"end":{"line":495,"column":10}},"495":{"start":{"line":496,"column":0},"end":{"line":496,"column":21}},"496":{"start":{"line":497,"column":0},"end":{"line":497,"column":1}}},"s":{"0":1,"1":1,"2":1,"3":1,"4":1,"5":1,"6":1,"7":1,"8":1,"9":1,"10":1,"11":1,"12":1,"13":1,"14":1,"15":3991,"16":3991,"17":3910,"18":3991,"19":81,"20":81,"21":3991,"22":1,"23":1,"24":36,"25":36,"26":36,"27":36,"28":36,"29":0,"30":0,"31":36,"32":1,"33":1,"34":4,"35":4,"36":4,"37":4,"38":0,"39":0,"40":4,"41":1,"42":1,"43":4,"44":4,"45":4,"46":4,"47":8,"48":4,"49":4,"50":4,"51":4,"52":0,"53":0,"54":0,"55":0,"56":0,"57":0,"58":0,"59":0,"60":0,"61":0,"62":0,"63":0,"64":0,"65":0,"66":0,"67":0,"68":0,"69":4,"70":0,"71":0,"72":4,"73":4,"74":4,"75":4,"76":4,"77":0,"78":0,"79":4,"80":1,"81":1,"82":0,"83":0,"84":0,"85":0,"86":0,"87":0,"88":0,"89":0,"90":0,"91":0,"92":0,"93":0,"94":0,"95":0,"96":0,"97":0,"98":0,"99":0,"100":0,"101":0,"102":0,"103":0,"104":0,"105":0,"106":1,"107":1,"108":0,"109":0,"110":0,"111":0,"112":0,"113":0,"114":0,"115":1,"116":1,"117":540,"118":540,"119":540,"120":540,"121":540,"122":540,"123":288,"124":288,"125":540,"126":72,"127":72,"128":540,"129":72,"130":72,"131":540,"132":72,"133":72,"134":540,"135":36,"136":36,"137":540,"138":0,"139":0,"140":540,"141":0,"142":540,"143":540,"144":540,"145":0,"146":0,"147":540,"148":1,"149":1,"150":288,"151":288,"152":288,"153":288,"154":288,"155":288,"156":288,"157":288,"158":288,"159":288,"160":288,"161":288,"162":288,"163":288,"164":144,"165":120,"166":120,"167":120,"168":144,"169":144,"170":132,"171":132,"172":132,"173":144,"174":288,"175":288,"176":288,"177":1,"178":1,"179":9,"180":9,"181":9,"182":9,"183":9,"184":9,"185":9,"186":9,"187":0,"188":0,"189":9,"190":0,"191":0,"192":9,"193":0,"194":0,"195":0,"196":0,"197":0,"198":0,"199":0,"200":0,"201":0,"202":0,"203":0,"204":1,"205":1,"206":72,"207":72,"208":144,"209":288,"210":288,"211":288,"212":42,"213":42,"214":288,"215":136,"216":136,"217":288,"218":144,"219":72,"220":72,"221":1,"222":1,"223":72,"224":72,"225":72,"226":1,"227":1,"228":72,"229":72,"230":72,"231":1,"232":1,"233":36,"234":36,"235":36,"236":1,"237":1,"238":189,"239":189,"240":189,"241":936,"242":1080,"243":1080,"244":1080,"245":152,"246":152,"247":152,"248":1080,"249":224,"250":224,"251":1080,"252":249,"253":249,"254":936,"255":189,"256":189,"257":1,"258":1,"259":9,"260":9,"261":9,"262":9,"263":9,"264":9,"265":9,"266":9,"267":9,"268":288,"269":288,"270":288,"271":288,"272":288,"273":0,"274":0,"275":288,"276":18,"277":9,"278":9,"279":18,"280":288,"281":270,"282":270,"283":270,"284":270,"285":270,"286":288,"287":9,"288":9,"289":9,"290":9,"291":9,"292":9,"293":9,"294":9,"295":0,"296":0,"297":0,"298":0,"299":0,"300":0,"301":0,"302":0,"303":0,"304":0,"305":0,"306":0,"307":0,"308":0,"309":0,"310":0,"311":0,"312":0,"313":0,"314":0,"315":0,"316":0,"317":0,"318":0,"319":0,"320":0,"321":0,"322":0,"323":0,"324":0,"325":0,"326":0,"327":0,"328":0,"329":0,"330":0,"331":0,"332":9,"333":9,"334":9,"335":9,"336":9,"337":9,"338":1,"339":1,"340":0,"341":0,"342":0,"343":0,"344":0,"345":0,"346":0,"347":0,"348":0,"349":0,"350":0,"351":0,"352":0,"353":0,"354":0,"355":0,"356":0,"357":0,"358":0,"359":0,"360":0,"361":0,"362":0,"363":0,"364":0,"365":0,"366":0,"367":0,"368":0,"369":0,"370":0,"371":0,"372":0,"373":0,"374":0,"375":0,"376":0,"377":0,"378":0,"379":0,"380":0,"381":0,"382":0,"383":0,"384":0,"385":0,"386":0,"387":1,"388":1,"389":0,"390":0,"391":0,"392":0,"393":0,"394":0,"395":0,"396":0,"397":0,"398":0,"399":0,"400":0,"401":0,"402":0,"403":0,"404":0,"405":0,"406":0,"407":0,"408":0,"409":0,"410":0,"411":0,"412":0,"413":0,"414":0,"415":0,"416":0,"417":0,"418":0,"419":0,"420":0,"421":0,"422":0,"423":0,"424":0,"425":0,"426":0,"427":0,"428":0,"429":0,"430":0,"431":0,"432":0,"433":0,"434":0,"435":0,"436":0,"437":0,"438":0,"439":0,"440":0,"441":1,"442":1,"443":0,"444":0,"445":0,"446":0,"447":0,"448":0,"449":0,"450":0,"451":0,"452":0,"453":0,"454":0,"455":1,"456":1,"457":1,"458":1,"459":1,"460":1,"461":1,"462":1,"463":18,"464":18,"465":1,"466":1,"467":0,"468":0,"469":1,"470":1,"471":270,"472":666,"473":666,"474":270,"475":1,"476":1,"477":0,"478":0,"479":1,"480":1,"481":0,"482":0,"483":1,"484":1,"485":1,"486":2790,"487":2790,"488":2790,"489":2790,"490":2790,"491":2790,"492":1894,"493":1894,"494":2790,"495":896,"496":896},"branchMap":{"0":{"type":"branch","line":11,"loc":{"start":{"line":11,"column":4},"end":{"line":13,"column":5}},"locations":[{"start":{"line":11,"column":4},"end":{"line":13,"column":5}}]},"1":{"type":"branch","line":15,"loc":{"start":{"line":15,"column":4},"end":{"line":22,"column":5}},"locations":[{"start":{"line":15,"column":4},"end":{"line":22,"column":5}}]},"2":{"type":"branch","line":17,"loc":{"start":{"line":17,"column":24},"end":{"line":17,"column":60}},"locations":[{"start":{"line":17,"column":24},"end":{"line":17,"column":60}}]},"3":{"type":"branch","line":18,"loc":{"start":{"line":18,"column":-1},"end":{"line":19,"column":17}},"locations":[{"start":{"line":18,"column":-1},"end":{"line":19,"column":17}}]},"4":{"type":"branch","line":19,"loc":{"start":{"line":19,"column":10},"end":{"line":21,"column":9}},"locations":[{"start":{"line":19,"column":10},"end":{"line":21,"column":9}}]},"5":{"type":"branch","line":24,"loc":{"start":{"line":24,"column":4},"end":{"line":32,"column":5}},"locations":[{"start":{"line":24,"column":4},"end":{"line":32,"column":5}}]},"6":{"type":"branch","line":26,"loc":{"start":{"line":26,"column":46},"end":{"line":26,"column":107}},"locations":[{"start":{"line":26,"column":46},"end":{"line":26,"column":107}}]},"7":{"type":"branch","line":26,"loc":{"start":{"line":26,"column":117},"end":{"line":26,"column":166}},"locations":[{"start":{"line":26,"column":117},"end":{"line":26,"column":166}}]},"8":{"type":"branch","line":29,"loc":{"start":{"line":29,"column":10},"end":{"line":31,"column":9}},"locations":[{"start":{"line":29,"column":10},"end":{"line":31,"column":9}}]},"9":{"type":"branch","line":34,"loc":{"start":{"line":34,"column":4},"end":{"line":41,"column":5}},"locations":[{"start":{"line":34,"column":4},"end":{"line":41,"column":5}}]},"10":{"type":"branch","line":36,"loc":{"start":{"line":36,"column":56},"end":{"line":36,"column":95}},"locations":[{"start":{"line":36,"column":56},"end":{"line":36,"column":95}}]},"11":{"type":"branch","line":38,"loc":{"start":{"line":38,"column":10},"end":{"line":40,"column":9}},"locations":[{"start":{"line":38,"column":10},"end":{"line":40,"column":9}}]},"12":{"type":"branch","line":43,"loc":{"start":{"line":43,"column":4},"end":{"line":80,"column":5}},"locations":[{"start":{"line":43,"column":4},"end":{"line":80,"column":5}}]},"13":{"type":"branch","line":45,"loc":{"start":{"line":45,"column":57},"end":{"line":45,"column":90}},"locations":[{"start":{"line":45,"column":57},"end":{"line":45,"column":90}}]},"14":{"type":"branch","line":46,"loc":{"start":{"line":46,"column":39},"end":{"line":46,"column":84}},"locations":[{"start":{"line":46,"column":39},"end":{"line":46,"column":84}}]},"15":{"type":"branch","line":50,"loc":{"start":{"line":50,"column":31},"end":{"line":50,"column":74}},"locations":[{"start":{"line":50,"column":31},"end":{"line":50,"column":74}}]},"16":{"type":"branch","line":52,"loc":{"start":{"line":52,"column":39},"end":{"line":69,"column":13}},"locations":[{"start":{"line":52,"column":39},"end":{"line":69,"column":13}}]},"17":{"type":"branch","line":70,"loc":{"start":{"line":70,"column":39},"end":{"line":72,"column":13}},"locations":[{"start":{"line":70,"column":39},"end":{"line":72,"column":13}}]},"18":{"type":"branch","line":77,"loc":{"start":{"line":77,"column":10},"end":{"line":79,"column":9}},"locations":[{"start":{"line":77,"column":10},"end":{"line":79,"column":9}}]},"19":{"type":"branch","line":47,"loc":{"start":{"line":47,"column":69},"end":{"line":49,"column":13}},"locations":[{"start":{"line":47,"column":69},"end":{"line":49,"column":13}}]},"20":{"type":"branch","line":117,"loc":{"start":{"line":117,"column":12},"end":{"line":148,"column":5}},"locations":[{"start":{"line":117,"column":12},"end":{"line":148,"column":5}}]},"21":{"type":"branch","line":121,"loc":{"start":{"line":121,"column":30},"end":{"line":121,"column":75}},"locations":[{"start":{"line":121,"column":30},"end":{"line":121,"column":75}}]},"22":{"type":"branch","line":123,"loc":{"start":{"line":123,"column":16},"end":{"line":125,"column":26}},"locations":[{"start":{"line":123,"column":16},"end":{"line":125,"column":26}}]},"23":{"type":"branch","line":126,"loc":{"start":{"line":126,"column":16},"end":{"line":128,"column":26}},"locations":[{"start":{"line":126,"column":16},"end":{"line":128,"column":26}}]},"24":{"type":"branch","line":129,"loc":{"start":{"line":129,"column":16},"end":{"line":131,"column":26}},"locations":[{"start":{"line":129,"column":16},"end":{"line":131,"column":26}}]},"25":{"type":"branch","line":132,"loc":{"start":{"line":132,"column":16},"end":{"line":134,"column":26}},"locations":[{"start":{"line":132,"column":16},"end":{"line":134,"column":26}}]},"26":{"type":"branch","line":135,"loc":{"start":{"line":135,"column":16},"end":{"line":137,"column":26}},"locations":[{"start":{"line":135,"column":16},"end":{"line":137,"column":26}}]},"27":{"type":"branch","line":138,"loc":{"start":{"line":138,"column":16},"end":{"line":140,"column":26}},"locations":[{"start":{"line":138,"column":16},"end":{"line":140,"column":26}}]},"28":{"type":"branch","line":141,"loc":{"start":{"line":141,"column":16},"end":{"line":142,"column":58}},"locations":[{"start":{"line":141,"column":16},"end":{"line":142,"column":58}}]},"29":{"type":"branch","line":145,"loc":{"start":{"line":145,"column":10},"end":{"line":147,"column":9}},"locations":[{"start":{"line":145,"column":10},"end":{"line":147,"column":9}}]},"30":{"type":"branch","line":150,"loc":{"start":{"line":150,"column":12},"end":{"line":177,"column":5}},"locations":[{"start":{"line":150,"column":12},"end":{"line":177,"column":5}}]},"31":{"type":"branch","line":153,"loc":{"start":{"line":153,"column":49},"end":{"line":153,"column":53}},"locations":[{"start":{"line":153,"column":49},"end":{"line":153,"column":53}}]},"32":{"type":"branch","line":153,"loc":{"start":{"line":153,"column":54},"end":{"line":153,"column":57}},"locations":[{"start":{"line":153,"column":54},"end":{"line":153,"column":57}}]},"33":{"type":"branch","line":160,"loc":{"start":{"line":160,"column":34},"end":{"line":160,"column":86}},"locations":[{"start":{"line":160,"column":34},"end":{"line":160,"column":86}}]},"34":{"type":"branch","line":160,"loc":{"start":{"line":160,"column":89},"end":{"line":160,"column":111}},"locations":[{"start":{"line":160,"column":89},"end":{"line":160,"column":111}}]},"35":{"type":"branch","line":162,"loc":{"start":{"line":162,"column":34},"end":{"line":162,"column":86}},"locations":[{"start":{"line":162,"column":34},"end":{"line":162,"column":86}}]},"36":{"type":"branch","line":162,"loc":{"start":{"line":162,"column":89},"end":{"line":162,"column":111}},"locations":[{"start":{"line":162,"column":89},"end":{"line":162,"column":111}}]},"37":{"type":"branch","line":164,"loc":{"start":{"line":164,"column":35},"end":{"line":174,"column":9}},"locations":[{"start":{"line":164,"column":35},"end":{"line":174,"column":9}}]},"38":{"type":"branch","line":165,"loc":{"start":{"line":165,"column":32},"end":{"line":165,"column":64}},"locations":[{"start":{"line":165,"column":32},"end":{"line":165,"column":64}}]},"39":{"type":"branch","line":165,"loc":{"start":{"line":165,"column":66},"end":{"line":168,"column":13}},"locations":[{"start":{"line":165,"column":66},"end":{"line":168,"column":13}}]},"40":{"type":"branch","line":167,"loc":{"start":{"line":167,"column":50},"end":{"line":167,"column":79}},"locations":[{"start":{"line":167,"column":50},"end":{"line":167,"column":79}}]},"41":{"type":"branch","line":170,"loc":{"start":{"line":170,"column":32},"end":{"line":170,"column":64}},"locations":[{"start":{"line":170,"column":32},"end":{"line":170,"column":64}}]},"42":{"type":"branch","line":170,"loc":{"start":{"line":170,"column":66},"end":{"line":173,"column":13}},"locations":[{"start":{"line":170,"column":66},"end":{"line":173,"column":13}}]},"43":{"type":"branch","line":179,"loc":{"start":{"line":179,"column":12},"end":{"line":204,"column":5}},"locations":[{"start":{"line":179,"column":12},"end":{"line":204,"column":5}}]},"44":{"type":"branch","line":187,"loc":{"start":{"line":187,"column":52},"end":{"line":187,"column":86}},"locations":[{"start":{"line":187,"column":52},"end":{"line":187,"column":86}}]},"45":{"type":"branch","line":187,"loc":{"start":{"line":187,"column":87},"end":{"line":190,"column":89}},"locations":[{"start":{"line":187,"column":87},"end":{"line":190,"column":89}}]},"46":{"type":"branch","line":190,"loc":{"start":{"line":190,"column":90},"end":{"line":192,"column":13}},"locations":[{"start":{"line":190,"column":90},"end":{"line":192,"column":13}}]},"47":{"type":"branch","line":194,"loc":{"start":{"line":194,"column":-1},"end":{"line":204,"column":5}},"locations":[{"start":{"line":194,"column":-1},"end":{"line":204,"column":5}}]},"48":{"type":"branch","line":206,"loc":{"start":{"line":206,"column":12},"end":{"line":221,"column":5}},"locations":[{"start":{"line":206,"column":12},"end":{"line":221,"column":5}}]},"49":{"type":"branch","line":208,"loc":{"start":{"line":208,"column":31},"end":{"line":219,"column":9}},"locations":[{"start":{"line":208,"column":31},"end":{"line":219,"column":9}}]},"50":{"type":"branch","line":209,"loc":{"start":{"line":209,"column":35},"end":{"line":218,"column":13}},"locations":[{"start":{"line":209,"column":35},"end":{"line":218,"column":13}}]},"51":{"type":"branch","line":212,"loc":{"start":{"line":212,"column":26},"end":{"line":212,"column":206}},"locations":[{"start":{"line":212,"column":26},"end":{"line":212,"column":206}}]},"52":{"type":"branch","line":212,"loc":{"start":{"line":212,"column":56},"end":{"line":212,"column":118}},"locations":[{"start":{"line":212,"column":56},"end":{"line":212,"column":118}}]},"53":{"type":"branch","line":212,"loc":{"start":{"line":212,"column":118},"end":{"line":212,"column":205}},"locations":[{"start":{"line":212,"column":118},"end":{"line":212,"column":205}}]},"54":{"type":"branch","line":212,"loc":{"start":{"line":212,"column":141},"end":{"line":212,"column":203}},"locations":[{"start":{"line":212,"column":141},"end":{"line":212,"column":203}}]},"55":{"type":"branch","line":212,"loc":{"start":{"line":212,"column":207},"end":{"line":214,"column":17}},"locations":[{"start":{"line":212,"column":207},"end":{"line":214,"column":17}}]},"56":{"type":"branch","line":215,"loc":{"start":{"line":215,"column":26},"end":{"line":215,"column":206}},"locations":[{"start":{"line":215,"column":26},"end":{"line":215,"column":206}}]},"57":{"type":"branch","line":215,"loc":{"start":{"line":215,"column":56},"end":{"line":215,"column":118}},"locations":[{"start":{"line":215,"column":56},"end":{"line":215,"column":118}}]},"58":{"type":"branch","line":215,"loc":{"start":{"line":215,"column":118},"end":{"line":215,"column":205}},"locations":[{"start":{"line":215,"column":118},"end":{"line":215,"column":205}}]},"59":{"type":"branch","line":215,"loc":{"start":{"line":215,"column":141},"end":{"line":215,"column":203}},"locations":[{"start":{"line":215,"column":141},"end":{"line":215,"column":203}}]},"60":{"type":"branch","line":215,"loc":{"start":{"line":215,"column":207},"end":{"line":217,"column":17}},"locations":[{"start":{"line":215,"column":207},"end":{"line":217,"column":17}}]},"61":{"type":"branch","line":223,"loc":{"start":{"line":223,"column":12},"end":{"line":226,"column":5}},"locations":[{"start":{"line":223,"column":12},"end":{"line":226,"column":5}}]},"62":{"type":"branch","line":228,"loc":{"start":{"line":228,"column":12},"end":{"line":231,"column":5}},"locations":[{"start":{"line":228,"column":12},"end":{"line":231,"column":5}}]},"63":{"type":"branch","line":233,"loc":{"start":{"line":233,"column":12},"end":{"line":236,"column":5}},"locations":[{"start":{"line":233,"column":12},"end":{"line":236,"column":5}}]},"64":{"type":"branch","line":238,"loc":{"start":{"line":238,"column":12},"end":{"line":257,"column":5}},"locations":[{"start":{"line":238,"column":12},"end":{"line":257,"column":5}}]},"65":{"type":"branch","line":241,"loc":{"start":{"line":241,"column":46},"end":{"line":255,"column":9}},"locations":[{"start":{"line":241,"column":46},"end":{"line":255,"column":9}}]},"66":{"type":"branch","line":242,"loc":{"start":{"line":242,"column":42},"end":{"line":254,"column":13}},"locations":[{"start":{"line":242,"column":42},"end":{"line":254,"column":13}}]},"67":{"type":"branch","line":244,"loc":{"start":{"line":244,"column":28},"end":{"line":244,"column":34}},"locations":[{"start":{"line":244,"column":28},"end":{"line":244,"column":34}}]},"68":{"type":"branch","line":245,"loc":{"start":{"line":245,"column":-1},"end":{"line":245,"column":45}},"locations":[{"start":{"line":245,"column":-1},"end":{"line":245,"column":45}}]},"69":{"type":"branch","line":245,"loc":{"start":{"line":245,"column":45},"end":{"line":248,"column":17}},"locations":[{"start":{"line":245,"column":45},"end":{"line":248,"column":17}}]},"70":{"type":"branch","line":249,"loc":{"start":{"line":249,"column":-1},"end":{"line":249,"column":61}},"locations":[{"start":{"line":249,"column":-1},"end":{"line":249,"column":61}}]},"71":{"type":"branch","line":249,"loc":{"start":{"line":249,"column":57},"end":{"line":249,"column":123}},"locations":[{"start":{"line":249,"column":57},"end":{"line":249,"column":123}}]},"72":{"type":"branch","line":249,"loc":{"start":{"line":249,"column":80},"end":{"line":249,"column":122}},"locations":[{"start":{"line":249,"column":80},"end":{"line":249,"column":122}}]},"73":{"type":"branch","line":249,"loc":{"start":{"line":249,"column":125},"end":{"line":252,"column":17}},"locations":[{"start":{"line":249,"column":125},"end":{"line":252,"column":17}}]},"74":{"type":"branch","line":252,"loc":{"start":{"line":252,"column":17},"end":{"line":254,"column":13}},"locations":[{"start":{"line":252,"column":17},"end":{"line":254,"column":13}}]},"75":{"type":"branch","line":259,"loc":{"start":{"line":259,"column":4},"end":{"line":338,"column":5}},"locations":[{"start":{"line":259,"column":4},"end":{"line":338,"column":5}}]},"76":{"type":"branch","line":268,"loc":{"start":{"line":268,"column":74},"end":{"line":287,"column":13}},"locations":[{"start":{"line":268,"column":74},"end":{"line":287,"column":13}}]},"77":{"type":"branch","line":272,"loc":{"start":{"line":272,"column":40},"end":{"line":272,"column":99}},"locations":[{"start":{"line":272,"column":40},"end":{"line":272,"column":99}}]},"78":{"type":"branch","line":273,"loc":{"start":{"line":273,"column":35},"end":{"line":275,"column":17}},"locations":[{"start":{"line":273,"column":35},"end":{"line":275,"column":17}}]},"79":{"type":"branch","line":276,"loc":{"start":{"line":276,"column":47},"end":{"line":281,"column":17}},"locations":[{"start":{"line":276,"column":47},"end":{"line":281,"column":17}}]},"80":{"type":"branch","line":277,"loc":{"start":{"line":277,"column":48},"end":{"line":279,"column":21}},"locations":[{"start":{"line":277,"column":48},"end":{"line":279,"column":21}}]},"81":{"type":"branch","line":280,"loc":{"start":{"line":280,"column":48},"end":{"line":280,"column":80}},"locations":[{"start":{"line":280,"column":48},"end":{"line":280,"column":80}}]},"82":{"type":"branch","line":281,"loc":{"start":{"line":281,"column":17},"end":{"line":286,"column":17}},"locations":[{"start":{"line":281,"column":17},"end":{"line":286,"column":17}}]},"83":{"type":"branch","line":284,"loc":{"start":{"line":284,"column":48},"end":{"line":284,"column":106}},"locations":[{"start":{"line":284,"column":48},"end":{"line":284,"column":106}}]},"84":{"type":"branch","line":285,"loc":{"start":{"line":285,"column":48},"end":{"line":285,"column":106}},"locations":[{"start":{"line":285,"column":48},"end":{"line":285,"column":106}}]},"85":{"type":"branch","line":289,"loc":{"start":{"line":289,"column":42},"end":{"line":289,"column":81}},"locations":[{"start":{"line":289,"column":42},"end":{"line":289,"column":81}}]},"86":{"type":"branch","line":290,"loc":{"start":{"line":290,"column":42},"end":{"line":290,"column":81}},"locations":[{"start":{"line":290,"column":42},"end":{"line":290,"column":81}}]},"87":{"type":"branch","line":295,"loc":{"start":{"line":295,"column":52},"end":{"line":295,"column":92}},"locations":[{"start":{"line":295,"column":52},"end":{"line":295,"column":92}}]},"88":{"type":"branch","line":295,"loc":{"start":{"line":295,"column":94},"end":{"line":333,"column":13}},"locations":[{"start":{"line":295,"column":94},"end":{"line":333,"column":13}}]},"89":{"type":"branch","line":463,"loc":{"start":{"line":463,"column":4},"end":{"line":465,"column":5}},"locations":[{"start":{"line":463,"column":4},"end":{"line":465,"column":5}}]},"90":{"type":"branch","line":471,"loc":{"start":{"line":471,"column":4},"end":{"line":475,"column":5}},"locations":[{"start":{"line":471,"column":4},"end":{"line":475,"column":5}}]},"91":{"type":"branch","line":472,"loc":{"start":{"line":472,"column":27},"end":{"line":474,"column":9}},"locations":[{"start":{"line":472,"column":27},"end":{"line":474,"column":9}}]},"92":{"type":"branch","line":487,"loc":{"start":{"line":487,"column":0},"end":{"line":497,"column":1}},"locations":[{"start":{"line":487,"column":0},"end":{"line":497,"column":1}}]},"93":{"type":"branch","line":492,"loc":{"start":{"line":492,"column":24},"end":{"line":492,"column":44}},"locations":[{"start":{"line":492,"column":24},"end":{"line":492,"column":44}}]},"94":{"type":"branch","line":492,"loc":{"start":{"line":492,"column":45},"end":{"line":492,"column":77}},"locations":[{"start":{"line":492,"column":45},"end":{"line":492,"column":77}}]},"95":{"type":"branch","line":492,"loc":{"start":{"line":492,"column":61},"end":{"line":492,"column":76}},"locations":[{"start":{"line":492,"column":61},"end":{"line":492,"column":76}}]},"96":{"type":"branch","line":492,"loc":{"start":{"line":492,"column":78},"end":{"line":495,"column":5}},"locations":[{"start":{"line":492,"column":78},"end":{"line":495,"column":5}}]},"97":{"type":"branch","line":495,"loc":{"start":{"line":495,"column":5},"end":{"line":497,"column":1}},"locations":[{"start":{"line":495,"column":5},"end":{"line":497,"column":1}}]}},"b":{"0":[1],"1":[3991],"2":[81],"3":[3910],"4":[81],"5":[36],"6":[0],"7":[0],"8":[0],"9":[4],"10":[0],"11":[0],"12":[4],"13":[0],"14":[0],"15":[0],"16":[0],"17":[0],"18":[0],"19":[8],"20":[540],"21":[0],"22":[288],"23":[72],"24":[72],"25":[72],"26":[36],"27":[0],"28":[0],"29":[0],"30":[288],"31":[144],"32":[144],"33":[20],"34":[0],"35":[36],"36":[0],"37":[144],"38":[120],"39":[120],"40":[116],"41":[132],"42":[132],"43":[9],"44":[0],"45":[0],"46":[0],"47":[0],"48":[72],"49":[144],"50":[288],"51":[72],"52":[60],"53":[60],"54":[30],"55":[42],"56":[144],"57":[16],"58":[16],"59":[8],"60":[136],"61":[72],"62":[72],"63":[36],"64":[189],"65":[936],"66":[1080],"67":[455],"68":[625],"69":[152],"70":[473],"71":[461],"72":[212],"73":[224],"74":[249],"75":[9],"76":[288],"77":[0],"78":[0],"79":[18],"80":[9],"81":[9],"82":[270],"83":[135],"84":[135],"85":[0],"86":[0],"87":[0],"88":[0],"89":[18],"90":[270],"91":[666],"92":[2790],"93":[2634],"94":[2453],"95":[2156],"96":[1894],"97":[896]},"fnMap":{"0":{"name":"pieceState","decl":{"start":{"line":11,"column":4},"end":{"line":13,"column":5}},"loc":{"start":{"line":11,"column":4},"end":{"line":13,"column":5}},"line":11},"1":{"name":"get","decl":{"start":{"line":15,"column":4},"end":{"line":22,"column":5}},"loc":{"start":{"line":15,"column":4},"end":{"line":22,"column":5}},"line":15},"2":{"name":"set","decl":{"start":{"line":24,"column":4},"end":{"line":32,"column":5}},"loc":{"start":{"line":24,"column":4},"end":{"line":32,"column":5}},"line":24},"3":{"name":"del","decl":{"start":{"line":34,"column":4},"end":{"line":41,"column":5}},"loc":{"start":{"line":34,"column":4},"end":{"line":41,"column":5}},"line":34},"4":{"name":"move","decl":{"start":{"line":43,"column":4},"end":{"line":80,"column":5}},"loc":{"start":{"line":43,"column":4},"end":{"line":80,"column":5}},"line":43},"5":{"name":"toMatrix","decl":{"start":{"line":82,"column":4},"end":{"line":106,"column":5}},"loc":{"start":{"line":82,"column":4},"end":{"line":106,"column":5}},"line":82},"6":{"name":"getMoves","decl":{"start":{"line":108,"column":4},"end":{"line":115,"column":5}},"loc":{"start":{"line":108,"column":4},"end":{"line":115,"column":5}},"line":108},"7":{"name":"validMoves","decl":{"start":{"line":117,"column":12},"end":{"line":148,"column":5}},"loc":{"start":{"line":117,"column":12},"end":{"line":148,"column":5}},"line":117},"8":{"name":"validPawnMoves","decl":{"start":{"line":150,"column":12},"end":{"line":177,"column":5}},"loc":{"start":{"line":150,"column":12},"end":{"line":177,"column":5}},"line":150},"9":{"name":"validKingMoves","decl":{"start":{"line":179,"column":12},"end":{"line":204,"column":5}},"loc":{"start":{"line":179,"column":12},"end":{"line":204,"column":5}},"line":179},"10":{"name":"validKnightMoves","decl":{"start":{"line":206,"column":12},"end":{"line":221,"column":5}},"loc":{"start":{"line":206,"column":12},"end":{"line":221,"column":5}},"line":206},"11":{"name":"validBishopMoves","decl":{"start":{"line":223,"column":12},"end":{"line":226,"column":5}},"loc":{"start":{"line":223,"column":12},"end":{"line":226,"column":5}},"line":223},"12":{"name":"validRookMoves","decl":{"start":{"line":228,"column":12},"end":{"line":231,"column":5}},"loc":{"start":{"line":228,"column":12},"end":{"line":231,"column":5}},"line":228},"13":{"name":"validQueenMoves","decl":{"start":{"line":233,"column":12},"end":{"line":236,"column":5}},"loc":{"start":{"line":233,"column":12},"end":{"line":236,"column":5}},"line":233},"14":{"name":"validateMoves","decl":{"start":{"line":238,"column":12},"end":{"line":257,"column":5}},"loc":{"start":{"line":238,"column":12},"end":{"line":257,"column":5}},"line":238},"15":{"name":"updateCache","decl":{"start":{"line":259,"column":4},"end":{"line":338,"column":5}},"loc":{"start":{"line":259,"column":4},"end":{"line":338,"column":5}},"line":259},"16":{"name":"backtrackThreats","decl":{"start":{"line":340,"column":4},"end":{"line":387,"column":5}},"loc":{"start":{"line":340,"column":4},"end":{"line":387,"column":5}},"line":340},"17":{"name":"backtrackThreatsPaths","decl":{"start":{"line":389,"column":4},"end":{"line":441,"column":5}},"loc":{"start":{"line":389,"column":4},"end":{"line":441,"column":5}},"line":389},"18":{"name":"end","decl":{"start":{"line":443,"column":4},"end":{"line":455,"column":5}},"loc":{"start":{"line":443,"column":4},"end":{"line":455,"column":5}},"line":443},"19":{"name":"PositionSet","decl":{"start":{"line":463,"column":4},"end":{"line":465,"column":5}},"loc":{"start":{"line":463,"column":4},"end":{"line":465,"column":5}},"line":463},"20":{"name":"add","decl":{"start":{"line":467,"column":4},"end":{"line":469,"column":5}},"loc":{"start":{"line":467,"column":4},"end":{"line":469,"column":5}},"line":467},"21":{"name":"addArray","decl":{"start":{"line":471,"column":4},"end":{"line":475,"column":5}},"loc":{"start":{"line":471,"column":4},"end":{"line":475,"column":5}},"line":471},"22":{"name":"remove","decl":{"start":{"line":477,"column":4},"end":{"line":479,"column":5}},"loc":{"start":{"line":477,"column":4},"end":{"line":479,"column":5}},"line":477},"23":{"name":"has","decl":{"start":{"line":481,"column":4},"end":{"line":483,"column":5}},"loc":{"start":{"line":481,"column":4},"end":{"line":483,"column":5}},"line":481},"24":{"name":"movementCalculator","decl":{"start":{"line":487,"column":0},"end":{"line":497,"column":1}},"loc":{"start":{"line":487,"column":0},"end":{"line":497,"column":1}},"line":487}},"f":{"0":1,"1":3991,"2":36,"3":4,"4":4,"5":0,"6":0,"7":540,"8":288,"9":9,"10":72,"11":72,"12":72,"13":36,"14":189,"15":9,"16":0,"17":0,"18":0,"19":18,"20":0,"21":270,"22":0,"23":0,"24":2790}}
,"/home/santiago/Documentos/Chess-Library/src/pieces.ts": {"path":"/home/santiago/Documentos/Chess-Library/src/pieces.ts","all":false,"statementMap":{"0":{"start":{"line":1,"column":0},"end":{"line":1,"column":34}},"1":{"start":{"line":2,"column":0},"end":{"line":2,"column":0}},"2":{"start":{"line":3,"column":0},"end":{"line":3,"column":0}},"3":{"start":{"line":4,"column":0},"end":{"line":4,"column":29}},"4":{"start":{"line":5,"column":0},"end":{"line":5,"column":20}},"5":{"start":{"line":6,"column":0},"end":{"line":6,"column":0}},"6":{"start":{"line":7,"column":0},"end":{"line":7,"column":33}},"7":{"start":{"line":8,"column":0},"end":{"line":8,"column":12}},"8":{"start":{"line":9,"column":0},"end":{"line":9,"column":33}},"9":{"start":{"line":10,"column":0},"end":{"line":10,"column":19}},"10":{"start":{"line":11,"column":0},"end":{"line":11,"column":35}},"11":{"start":{"line":12,"column":0},"end":{"line":12,"column":9}},"12":{"start":{"line":13,"column":0},"end":{"line":13,"column":5}},"13":{"start":{"line":14,"column":0},"end":{"line":14,"column":0}},"14":{"start":{"line":15,"column":0},"end":{"line":15,"column":31}},"15":{"start":{"line":16,"column":0},"end":{"line":16,"column":0}},"16":{"start":{"line":17,"column":0},"end":{"line":17,"column":25}},"17":{"start":{"line":18,"column":0},"end":{"line":18,"column":27}},"18":{"start":{"line":19,"column":0},"end":{"line":19,"column":5}},"19":{"start":{"line":20,"column":0},"end":{"line":20,"column":0}},"20":{"start":{"line":21,"column":0},"end":{"line":21,"column":2}},"21":{"start":{"line":22,"column":0},"end":{"line":22,"column":0}},"22":{"start":{"line":23,"column":0},"end":{"line":23,"column":26}},"23":{"start":{"line":24,"column":0},"end":{"line":24,"column":18}},"24":{"start":{"line":25,"column":0},"end":{"line":25,"column":23}},"25":{"start":{"line":26,"column":0},"end":{"line":26,"column":18}},"26":{"start":{"line":27,"column":0},"end":{"line":27,"column":5}},"27":{"start":{"line":28,"column":0},"end":{"line":28,"column":0}},"28":{"start":{"line":29,"column":0},"end":{"line":29,"column":1}},"29":{"start":{"line":30,"column":0},"end":{"line":30,"column":0}},"30":{"start":{"line":31,"column":0},"end":{"line":31,"column":28}},"31":{"start":{"line":32,"column":0},"end":{"line":32,"column":23}},"32":{"start":{"line":33,"column":0},"end":{"line":33,"column":18}},"33":{"start":{"line":34,"column":0},"end":{"line":34,"column":5}},"34":{"start":{"line":35,"column":0},"end":{"line":35,"column":1}},"35":{"start":{"line":36,"column":0},"end":{"line":36,"column":0}},"36":{"start":{"line":37,"column":0},"end":{"line":37,"column":27}},"37":{"start":{"line":38,"column":0},"end":{"line":38,"column":23}},"38":{"start":{"line":39,"column":0},"end":{"line":39,"column":18}},"39":{"start":{"line":40,"column":0},"end":{"line":40,"column":5}},"40":{"start":{"line":41,"column":0},"end":{"line":41,"column":1}},"41":{"start":{"line":42,"column":0},"end":{"line":42,"column":0}},"42":{"start":{"line":43,"column":0},"end":{"line":43,"column":27}},"43":{"start":{"line":44,"column":0},"end":{"line":44,"column":28}},"44":{"start":{"line":45,"column":0},"end":{"line":45,"column":23}},"45":{"start":{"line":46,"column":0},"end":{"line":46,"column":18}},"46":{"start":{"line":47,"column":0},"end":{"line":47,"column":5}},"47":{"start":{"line":48,"column":0},"end":{"line":48,"column":0}},"48":{"start":{"line":49,"column":0},"end":{"line":49,"column":16}},"49":{"start":{"line":50,"column":0},"end":{"line":50,"column":26}},"50":{"start":{"line":51,"column":0},"end":{"line":51,"column":5}},"51":{"start":{"line":52,"column":0},"end":{"line":52,"column":0}},"52":{"start":{"line":53,"column":0},"end":{"line":53,"column":26}},"53":{"start":{"line":54,"column":0},"end":{"line":54,"column":26}},"54":{"start":{"line":55,"column":0},"end":{"line":55,"column":5}},"55":{"start":{"line":56,"column":0},"end":{"line":56,"column":1}},"56":{"start":{"line":57,"column":0},"end":{"line":57,"column":0}},"57":{"start":{"line":58,"column":0},"end":{"line":58,"column":28}},"58":{"start":{"line":59,"column":0},"end":{"line":59,"column":23}},"59":{"start":{"line":60,"column":0},"end":{"line":60,"column":18}},"60":{"start":{"line":61,"column":0},"end":{"line":61,"column":5}},"61":{"start":{"line":62,"column":0},"end":{"line":62,"column":1}},"62":{"start":{"line":63,"column":0},"end":{"line":63,"column":0}},"63":{"start":{"line":64,"column":0},"end":{"line":64,"column":26}},"64":{"start":{"line":65,"column":0},"end":{"line":65,"column":28}},"65":{"start":{"line":66,"column":0},"end":{"line":66,"column":23}},"66":{"start":{"line":67,"column":0},"end":{"line":67,"column":18}},"67":{"start":{"line":68,"column":0},"end":{"line":68,"column":5}},"68":{"start":{"line":69,"column":0},"end":{"line":69,"column":0}},"69":{"start":{"line":70,"column":0},"end":{"line":70,"column":16}},"70":{"start":{"line":71,"column":0},"end":{"line":71,"column":26}},"71":{"start":{"line":72,"column":0},"end":{"line":72,"column":5}},"72":{"start":{"line":73,"column":0},"end":{"line":73,"column":0}},"73":{"start":{"line":74,"column":0},"end":{"line":74,"column":26}},"74":{"start":{"line":75,"column":0},"end":{"line":75,"column":26}},"75":{"start":{"line":76,"column":0},"end":{"line":76,"column":5}},"76":{"start":{"line":77,"column":0},"end":{"line":77,"column":1}},"77":{"start":{"line":78,"column":0},"end":{"line":78,"column":0}},"78":{"start":{"line":79,"column":0},"end":{"line":79,"column":0}},"79":{"start":{"line":80,"column":0},"end":{"line":80,"column":78}},"80":{"start":{"line":81,"column":0},"end":{"line":81,"column":46}},"81":{"start":{"line":82,"column":0},"end":{"line":82,"column":47}},"82":{"start":{"line":83,"column":0},"end":{"line":83,"column":48}},"83":{"start":{"line":84,"column":0},"end":{"line":84,"column":46}},"84":{"start":{"line":85,"column":0},"end":{"line":85,"column":46}},"85":{"start":{"line":86,"column":0},"end":{"line":86,"column":47}},"86":{"start":{"line":87,"column":0},"end":{"line":87,"column":1}},"87":{"start":{"line":88,"column":0},"end":{"line":88,"column":0}},"88":{"start":{"line":89,"column":0},"end":{"line":89,"column":22}}},"s":{"0":1,"1":1,"2":1,"3":1,"4":1,"5":1,"6":1,"7":32,"8":32,"9":32,"10":0,"11":0,"12":32,"13":1,"14":1,"15":1,"16":1,"17":2370,"18":2370,"19":1,"20":1,"21":1,"22":16,"23":16,"24":16,"25":438,"26":438,"27":16,"28":16,"29":1,"30":1,"31":1,"32":108,"33":108,"34":1,"35":1,"36":1,"37":1,"38":57,"39":57,"40":1,"41":1,"42":4,"43":4,"44":4,"45":108,"46":108,"47":4,"48":4,"49":0,"50":0,"51":4,"52":4,"53":0,"54":0,"55":4,"56":1,"57":1,"58":1,"59":108,"60":108,"61":1,"62":1,"63":2,"64":2,"65":2,"66":18,"67":18,"68":2,"69":2,"70":0,"71":0,"72":2,"73":2,"74":9,"75":9,"76":2,"77":1,"78":1,"79":1,"80":1,"81":1,"82":1,"83":1,"84":1,"85":1,"86":1,"87":1,"88":1},"branchMap":{"0":{"type":"branch","line":7,"loc":{"start":{"line":7,"column":4},"end":{"line":13,"column":5}},"locations":[{"start":{"line":7,"column":4},"end":{"line":13,"column":5}}]},"1":{"type":"branch","line":10,"loc":{"start":{"line":10,"column":10},"end":{"line":12,"column":9}},"locations":[{"start":{"line":10,"column":10},"end":{"line":12,"column":9}}]},"2":{"type":"branch","line":17,"loc":{"start":{"line":17,"column":4},"end":{"line":19,"column":5}},"locations":[{"start":{"line":17,"column":4},"end":{"line":19,"column":5}}]},"3":{"type":"branch","line":23,"loc":{"start":{"line":23,"column":0},"end":{"line":29,"column":1}},"locations":[{"start":{"line":23,"column":0},"end":{"line":29,"column":1}}]},"4":{"type":"branch","line":25,"loc":{"start":{"line":25,"column":4},"end":{"line":27,"column":5}},"locations":[{"start":{"line":25,"column":4},"end":{"line":27,"column":5}}]},"5":{"type":"branch","line":32,"loc":{"start":{"line":32,"column":4},"end":{"line":34,"column":5}},"locations":[{"start":{"line":32,"column":4},"end":{"line":34,"column":5}}]},"6":{"type":"branch","line":38,"loc":{"start":{"line":38,"column":4},"end":{"line":40,"column":5}},"locations":[{"start":{"line":38,"column":4},"end":{"line":40,"column":5}}]},"7":{"type":"branch","line":43,"loc":{"start":{"line":43,"column":0},"end":{"line":56,"column":1}},"locations":[{"start":{"line":43,"column":0},"end":{"line":56,"column":1}}]},"8":{"type":"branch","line":45,"loc":{"start":{"line":45,"column":4},"end":{"line":47,"column":5}},"locations":[{"start":{"line":45,"column":4},"end":{"line":47,"column":5}}]},"9":{"type":"branch","line":59,"loc":{"start":{"line":59,"column":4},"end":{"line":61,"column":5}},"locations":[{"start":{"line":59,"column":4},"end":{"line":61,"column":5}}]},"10":{"type":"branch","line":64,"loc":{"start":{"line":64,"column":0},"end":{"line":77,"column":1}},"locations":[{"start":{"line":64,"column":0},"end":{"line":77,"column":1}}]},"11":{"type":"branch","line":66,"loc":{"start":{"line":66,"column":4},"end":{"line":68,"column":5}},"locations":[{"start":{"line":66,"column":4},"end":{"line":68,"column":5}}]},"12":{"type":"branch","line":74,"loc":{"start":{"line":74,"column":4},"end":{"line":76,"column":5}},"locations":[{"start":{"line":74,"column":4},"end":{"line":76,"column":5}}]},"13":{"type":"branch","line":81,"loc":{"start":{"line":81,"column":7},"end":{"line":81,"column":45}},"locations":[{"start":{"line":81,"column":7},"end":{"line":81,"column":45}}]},"14":{"type":"branch","line":82,"loc":{"start":{"line":82,"column":7},"end":{"line":82,"column":46}},"locations":[{"start":{"line":82,"column":7},"end":{"line":82,"column":46}}]},"15":{"type":"branch","line":83,"loc":{"start":{"line":83,"column":7},"end":{"line":83,"column":47}},"locations":[{"start":{"line":83,"column":7},"end":{"line":83,"column":47}}]},"16":{"type":"branch","line":84,"loc":{"start":{"line":84,"column":7},"end":{"line":84,"column":45}},"locations":[{"start":{"line":84,"column":7},"end":{"line":84,"column":45}}]},"17":{"type":"branch","line":85,"loc":{"start":{"line":85,"column":7},"end":{"line":85,"column":45}},"locations":[{"start":{"line":85,"column":7},"end":{"line":85,"column":45}}]},"18":{"type":"branch","line":86,"loc":{"start":{"line":86,"column":7},"end":{"line":86,"column":47}},"locations":[{"start":{"line":86,"column":7},"end":{"line":86,"column":47}}]}},"b":{"0":[32],"1":[0],"2":[2370],"3":[16],"4":[438],"5":[108],"6":[57],"7":[4],"8":[108],"9":[108],"10":[2],"11":[18],"12":[9],"13":[2],"14":[2],"15":[4],"16":[4],"17":[16],"18":[4]},"fnMap":{"0":{"name":"Piece","decl":{"start":{"line":7,"column":4},"end":{"line":13,"column":5}},"loc":{"start":{"line":7,"column":4},"end":{"line":13,"column":5}},"line":7},"1":{"name":"getPlayer","decl":{"start":{"line":17,"column":4},"end":{"line":19,"column":5}},"loc":{"start":{"line":17,"column":4},"end":{"line":19,"column":5}},"line":17},"2":{"name":"Pawn","decl":{"start":{"line":23,"column":0},"end":{"line":29,"column":1}},"loc":{"start":{"line":23,"column":0},"end":{"line":29,"column":1}},"line":23},"3":{"name":"getType","decl":{"start":{"line":25,"column":4},"end":{"line":27,"column":5}},"loc":{"start":{"line":25,"column":4},"end":{"line":27,"column":5}},"line":25},"4":{"name":"getType","decl":{"start":{"line":32,"column":4},"end":{"line":34,"column":5}},"loc":{"start":{"line":32,"column":4},"end":{"line":34,"column":5}},"line":32},"5":{"name":"getType","decl":{"start":{"line":38,"column":4},"end":{"line":40,"column":5}},"loc":{"start":{"line":38,"column":4},"end":{"line":40,"column":5}},"line":38},"6":{"name":"Rook","decl":{"start":{"line":43,"column":0},"end":{"line":56,"column":1}},"loc":{"start":{"line":43,"column":0},"end":{"line":56,"column":1}},"line":43},"7":{"name":"getType","decl":{"start":{"line":45,"column":4},"end":{"line":47,"column":5}},"loc":{"start":{"line":45,"column":4},"end":{"line":47,"column":5}},"line":45},"8":{"name":"setMoved","decl":{"start":{"line":49,"column":4},"end":{"line":51,"column":5}},"loc":{"start":{"line":49,"column":4},"end":{"line":51,"column":5}},"line":49},"9":{"name":"hasMoved","decl":{"start":{"line":53,"column":4},"end":{"line":55,"column":5}},"loc":{"start":{"line":53,"column":4},"end":{"line":55,"column":5}},"line":53},"10":{"name":"getType","decl":{"start":{"line":59,"column":4},"end":{"line":61,"column":5}},"loc":{"start":{"line":59,"column":4},"end":{"line":61,"column":5}},"line":59},"11":{"name":"King","decl":{"start":{"line":64,"column":0},"end":{"line":77,"column":1}},"loc":{"start":{"line":64,"column":0},"end":{"line":77,"column":1}},"line":64},"12":{"name":"getType","decl":{"start":{"line":66,"column":4},"end":{"line":68,"column":5}},"loc":{"start":{"line":66,"column":4},"end":{"line":68,"column":5}},"line":66},"13":{"name":"setMoved","decl":{"start":{"line":70,"column":4},"end":{"line":72,"column":5}},"loc":{"start":{"line":70,"column":4},"end":{"line":72,"column":5}},"line":70},"14":{"name":"hasMoved","decl":{"start":{"line":74,"column":4},"end":{"line":76,"column":5}},"loc":{"start":{"line":74,"column":4},"end":{"line":76,"column":5}},"line":74},"15":{"name":"K","decl":{"start":{"line":81,"column":7},"end":{"line":81,"column":45}},"loc":{"start":{"line":81,"column":7},"end":{"line":81,"column":45}},"line":81},"16":{"name":"Q","decl":{"start":{"line":82,"column":7},"end":{"line":82,"column":46}},"loc":{"start":{"line":82,"column":7},"end":{"line":82,"column":46}},"line":82},"17":{"name":"N","decl":{"start":{"line":83,"column":7},"end":{"line":83,"column":47}},"loc":{"start":{"line":83,"column":7},"end":{"line":83,"column":47}},"line":83},"18":{"name":"R","decl":{"start":{"line":84,"column":7},"end":{"line":84,"column":45}},"loc":{"start":{"line":84,"column":7},"end":{"line":84,"column":45}},"line":84},"19":{"name":"P","decl":{"start":{"line":85,"column":7},"end":{"line":85,"column":45}},"loc":{"start":{"line":85,"column":7},"end":{"line":85,"column":45}},"line":85},"20":{"name":"B","decl":{"start":{"line":86,"column":7},"end":{"line":86,"column":47}},"loc":{"start":{"line":86,"column":7},"end":{"line":86,"column":47}},"line":86}},"f":{"0":32,"1":2370,"2":16,"3":438,"4":108,"5":57,"6":4,"7":108,"8":0,"9":0,"10":108,"11":2,"12":18,"13":0,"14":9,"15":2,"16":2,"17":4,"18":4,"19":16,"20":4}}
,"/home/santiago/Documentos/Chess-Library/src/position.ts": {"path":"/home/santiago/Documentos/Chess-Library/src/position.ts","all":false,"statementMap":{"0":{"start":{"line":1,"column":0},"end":{"line":1,"column":34}},"1":{"start":{"line":2,"column":0},"end":{"line":2,"column":2}},"2":{"start":{"line":3,"column":0},"end":{"line":3,"column":59}},"3":{"start":{"line":4,"column":0},"end":{"line":4,"column":2}},"4":{"start":{"line":5,"column":0},"end":{"line":5,"column":0}},"5":{"start":{"line":6,"column":0},"end":{"line":6,"column":16}},"6":{"start":{"line":7,"column":0},"end":{"line":7,"column":19}},"7":{"start":{"line":8,"column":0},"end":{"line":8,"column":16}},"8":{"start":{"line":9,"column":0},"end":{"line":9,"column":0}},"9":{"start":{"line":10,"column":0},"end":{"line":10,"column":4}},"10":{"start":{"line":11,"column":0},"end":{"line":11,"column":45}},"11":{"start":{"line":12,"column":0},"end":{"line":12,"column":13}},"12":{"start":{"line":13,"column":0},"end":{"line":13,"column":50}},"13":{"start":{"line":14,"column":0},"end":{"line":14,"column":61}},"14":{"start":{"line":15,"column":0},"end":{"line":15,"column":48}},"15":{"start":{"line":16,"column":0},"end":{"line":16,"column":55}},"16":{"start":{"line":17,"column":0},"end":{"line":17,"column":13}},"17":{"start":{"line":18,"column":0},"end":{"line":18,"column":27}},"18":{"start":{"line":19,"column":0},"end":{"line":19,"column":33}},"19":{"start":{"line":20,"column":0},"end":{"line":20,"column":19}},"20":{"start":{"line":21,"column":0},"end":{"line":21,"column":36}},"21":{"start":{"line":22,"column":0},"end":{"line":22,"column":9}},"22":{"start":{"line":23,"column":0},"end":{"line":23,"column":5}},"23":{"start":{"line":24,"column":0},"end":{"line":24,"column":0}},"24":{"start":{"line":25,"column":0},"end":{"line":25,"column":23}},"25":{"start":{"line":26,"column":0},"end":{"line":26,"column":24}},"26":{"start":{"line":27,"column":0},"end":{"line":27,"column":5}},"27":{"start":{"line":28,"column":0},"end":{"line":28,"column":0}},"28":{"start":{"line":29,"column":0},"end":{"line":29,"column":27}},"29":{"start":{"line":30,"column":0},"end":{"line":30,"column":27}},"30":{"start":{"line":31,"column":0},"end":{"line":31,"column":5}},"31":{"start":{"line":32,"column":0},"end":{"line":32,"column":0}},"32":{"start":{"line":33,"column":0},"end":{"line":33,"column":122}},"33":{"start":{"line":34,"column":0},"end":{"line":34,"column":56}},"34":{"start":{"line":35,"column":0},"end":{"line":35,"column":13}},"35":{"start":{"line":36,"column":0},"end":{"line":36,"column":83}},"36":{"start":{"line":37,"column":0},"end":{"line":37,"column":20}},"37":{"start":{"line":38,"column":0},"end":{"line":38,"column":62}},"38":{"start":{"line":39,"column":0},"end":{"line":39,"column":9}},"39":{"start":{"line":40,"column":0},"end":{"line":40,"column":5}},"40":{"start":{"line":41,"column":0},"end":{"line":41,"column":0}},"41":{"start":{"line":42,"column":0},"end":{"line":42,"column":49}},"42":{"start":{"line":43,"column":0},"end":{"line":43,"column":13}},"43":{"start":{"line":44,"column":0},"end":{"line":44,"column":74}},"44":{"start":{"line":45,"column":0},"end":{"line":45,"column":92}},"45":{"start":{"line":46,"column":0},"end":{"line":46,"column":35}},"46":{"start":{"line":47,"column":0},"end":{"line":47,"column":80}},"47":{"start":{"line":48,"column":0},"end":{"line":48,"column":47}},"48":{"start":{"line":49,"column":0},"end":{"line":49,"column":23}},"49":{"start":{"line":50,"column":0},"end":{"line":50,"column":21}},"50":{"start":{"line":51,"column":0},"end":{"line":51,"column":79}},"51":{"start":{"line":52,"column":0},"end":{"line":52,"column":9}},"52":{"start":{"line":53,"column":0},"end":{"line":53,"column":5}},"53":{"start":{"line":54,"column":0},"end":{"line":54,"column":0}},"54":{"start":{"line":55,"column":0},"end":{"line":55,"column":0}},"55":{"start":{"line":56,"column":0},"end":{"line":56,"column":4}},"56":{"start":{"line":57,"column":0},"end":{"line":57,"column":1}},"57":{"start":{"line":58,"column":0},"end":{"line":58,"column":0}},"58":{"start":{"line":59,"column":0},"end":{"line":59,"column":0}},"59":{"start":{"line":60,"column":0},"end":{"line":60,"column":63}},"60":{"start":{"line":61,"column":0},"end":{"line":61,"column":0}},"61":{"start":{"line":62,"column":0},"end":{"line":62,"column":0}},"62":{"start":{"line":63,"column":0},"end":{"line":63,"column":20}}},"s":{"0":1,"1":1,"2":1,"3":1,"4":1,"5":1,"6":1,"7":1,"8":1,"9":1,"10":1,"11":2227,"12":2227,"13":0,"14":2227,"15":0,"16":0,"17":2227,"18":2227,"19":2227,"20":0,"21":0,"22":2227,"23":1,"24":1,"25":3078,"26":3078,"27":1,"28":1,"29":2790,"30":2790,"31":1,"32":1,"33":4963,"34":4963,"35":4963,"36":4963,"37":0,"38":0,"39":4963,"40":1,"41":1,"42":288,"43":288,"44":288,"45":288,"46":288,"47":288,"48":288,"49":288,"50":0,"51":0,"52":288,"53":1,"54":1,"55":1,"56":1,"57":1,"58":1,"59":1,"60":1,"61":1,"62":1},"branchMap":{"0":{"type":"branch","line":11,"loc":{"start":{"line":11,"column":4},"end":{"line":23,"column":5}},"locations":[{"start":{"line":11,"column":4},"end":{"line":23,"column":5}}]},"1":{"type":"branch","line":13,"loc":{"start":{"line":13,"column":49},"end":{"line":15,"column":13}},"locations":[{"start":{"line":13,"column":49},"end":{"line":15,"column":13}}]},"2":{"type":"branch","line":15,"loc":{"start":{"line":15,"column":47},"end":{"line":17,"column":13}},"locations":[{"start":{"line":15,"column":47},"end":{"line":17,"column":13}}]},"3":{"type":"branch","line":20,"loc":{"start":{"line":20,"column":10},"end":{"line":22,"column":9}},"locations":[{"start":{"line":20,"column":10},"end":{"line":22,"column":9}}]},"4":{"type":"branch","line":25,"loc":{"start":{"line":25,"column":4},"end":{"line":27,"column":5}},"locations":[{"start":{"line":25,"column":4},"end":{"line":27,"column":5}}]},"5":{"type":"branch","line":29,"loc":{"start":{"line":29,"column":4},"end":{"line":31,"column":5}},"locations":[{"start":{"line":29,"column":4},"end":{"line":31,"column":5}}]},"6":{"type":"branch","line":33,"loc":{"start":{"line":33,"column":4},"end":{"line":40,"column":5}},"locations":[{"start":{"line":33,"column":4},"end":{"line":40,"column":5}}]},"7":{"type":"branch","line":37,"loc":{"start":{"line":37,"column":10},"end":{"line":39,"column":9}},"locations":[{"start":{"line":37,"column":10},"end":{"line":39,"column":9}}]},"8":{"type":"branch","line":42,"loc":{"start":{"line":42,"column":11},"end":{"line":53,"column":5}},"locations":[{"start":{"line":42,"column":11},"end":{"line":53,"column":5}}]},"9":{"type":"branch","line":44,"loc":{"start":{"line":44,"column":27},"end":{"line":44,"column":74}},"locations":[{"start":{"line":44,"column":27},"end":{"line":44,"column":74}}]},"10":{"type":"branch","line":50,"loc":{"start":{"line":50,"column":10},"end":{"line":52,"column":9}},"locations":[{"start":{"line":50,"column":10},"end":{"line":52,"column":9}}]}},"b":{"0":[2227],"1":[0],"2":[0],"3":[0],"4":[3078],"5":[2790],"6":[4963],"7":[0],"8":[288],"9":[0],"10":[0]},"fnMap":{"0":{"name":"Position","decl":{"start":{"line":11,"column":4},"end":{"line":23,"column":5}},"loc":{"start":{"line":11,"column":4},"end":{"line":23,"column":5}},"line":11},"1":{"name":"getRow","decl":{"start":{"line":25,"column":4},"end":{"line":27,"column":5}},"loc":{"start":{"line":25,"column":4},"end":{"line":27,"column":5}},"line":25},"2":{"name":"getColumn","decl":{"start":{"line":29,"column":4},"end":{"line":31,"column":5}},"loc":{"start":{"line":29,"column":4},"end":{"line":31,"column":5}},"line":29},"3":{"name":"compareValue","decl":{"start":{"line":33,"column":4},"end":{"line":40,"column":5}},"loc":{"start":{"line":33,"column":4},"end":{"line":40,"column":5}},"line":33},"4":{"name":"compareValueToPosition","decl":{"start":{"line":42,"column":11},"end":{"line":53,"column":5}},"loc":{"start":{"line":42,"column":11},"end":{"line":53,"column":5}},"line":42}},"f":{"0":2227,"1":3078,"2":2790,"3":4963,"4":288}}
}
