TN:
SF:src/board.ts
FN:9,Board
FN:14,createNewBoard
FN:42,getState
FN:46,printState
FN:61,getPiece
FN:66,setPiece
FN:75,getMoves
FN:79,move
FN:97,getResult
FNF:9
FNH:6
FNDA:1,Board
FNDA:1,createNewBoard
FNDA:0,getState
FNDA:0,printState
FNDA:5,getPiece
FNDA:32,setPiece
FNDA:0,getMoves
FNDA:4,move
FNDA:1,getResult
DA:1,1
DA:2,1
DA:3,1
DA:4,1
DA:5,1
DA:6,1
DA:7,1
DA:8,1
DA:9,1
DA:10,1
DA:11,1
DA:12,1
DA:13,1
DA:14,1
DA:15,1
DA:16,1
DA:17,8
DA:18,8
DA:19,8
DA:20,8
DA:21,8
DA:22,1
DA:23,1
DA:24,1
DA:25,1
DA:26,1
DA:27,1
DA:28,1
DA:29,1
DA:30,1
DA:31,1
DA:32,1
DA:33,1
DA:34,1
DA:35,1
DA:36,1
DA:37,1
DA:38,1
DA:39,1
DA:40,1
DA:41,1
DA:42,1
DA:43,0
DA:44,0
DA:45,1
DA:46,1
DA:47,0
DA:48,0
DA:49,0
DA:50,0
DA:51,0
DA:52,0
DA:53,0
DA:54,0
DA:55,0
DA:56,0
DA:57,0
DA:58,0
DA:59,0
DA:60,1
DA:61,1
DA:62,5
DA:63,5
DA:64,1
DA:65,1
DA:66,1
DA:67,32
DA:68,32
DA:69,32
DA:70,32
DA:71,0
DA:72,0
DA:73,32
DA:74,1
DA:75,1
DA:76,0
DA:77,0
DA:78,1
DA:79,1
DA:80,4
DA:81,4
DA:82,4
DA:83,4
DA:84,4
DA:85,0
DA:86,4
DA:87,0
DA:88,0
DA:89,4
DA:90,4
DA:91,4
DA:92,4
DA:93,0
DA:94,0
DA:95,4
DA:96,1
DA:97,1
DA:98,1
DA:99,0
DA:100,1
DA:101,1
DA:102,1
DA:103,1
DA:104,1
DA:105,1
DA:106,1
LF:106
LH:81
BRDA:9,0,0,1
BRDA:14,1,0,1
BRDA:16,2,0,8
BRDA:61,3,0,5
BRDA:66,4,0,32
BRDA:70,5,0,0
BRDA:79,6,0,4
BRDA:82,7,0,0
BRDA:84,8,0,2
BRDA:84,9,0,0
BRDA:86,10,0,2
BRDA:86,11,0,0
BRDA:92,12,0,0
BRDA:97,13,0,1
BRDA:99,14,0,0
BRF:15
BRH:9
end_of_record
TN:
SF:src/logger.ts
FNF:0
FNH:0
DA:1,1
DA:2,1
DA:3,1
DA:4,1
DA:5,1
DA:6,1
DA:7,1
DA:8,1
DA:9,1
DA:10,1
DA:11,1
DA:12,1
DA:13,1
DA:14,1
DA:15,1
DA:16,1
DA:17,1
DA:18,1
DA:19,1
DA:20,1
DA:21,1
DA:22,1
DA:23,1
LF:23
LH:23
BRF:0
BRH:0
end_of_record
TN:
SF:src/pieceState.ts
FN:11,pieceState
FN:15,get
FN:24,set
FN:34,del
FN:43,move
FN:82,toMatrix
FN:108,getMoves
FN:117,validMoves
FN:150,validPawnMoves
FN:179,validKingMoves
FN:206,validKnightMoves
FN:223,validBishopMoves
FN:228,validRookMoves
FN:233,validQueenMoves
FN:238,validateMoves
FN:259,updateCache
FN:340,backtrackThreats
FN:389,backtrackThreatsPaths
FN:443,end
FN:463,PositionSet
FN:467,add
FN:471,addArray
FN:477,remove
FN:481,has
FN:487,movementCalculator
FNF:25
FNH:17
FNDA:1,pieceState
FNDA:3991,get
FNDA:36,set
FNDA:4,del
FNDA:4,move
FNDA:0,toMatrix
FNDA:0,getMoves
FNDA:540,validMoves
FNDA:288,validPawnMoves
FNDA:9,validKingMoves
FNDA:72,validKnightMoves
FNDA:72,validBishopMoves
FNDA:72,validRookMoves
FNDA:36,validQueenMoves
FNDA:189,validateMoves
FNDA:9,updateCache
FNDA:0,backtrackThreats
FNDA:0,backtrackThreatsPaths
FNDA:0,end
FNDA:18,PositionSet
FNDA:0,add
FNDA:270,addArray
FNDA:0,remove
FNDA:0,has
FNDA:2790,movementCalculator
DA:1,1
DA:2,1
DA:3,1
DA:4,1
DA:5,1
DA:6,1
DA:7,1
DA:8,1
DA:9,1
DA:10,1
DA:11,1
DA:12,1
DA:13,1
DA:14,1
DA:15,1
DA:16,3991
DA:17,3991
DA:18,3910
DA:19,3991
DA:20,81
DA:21,81
DA:22,3991
DA:23,1
DA:24,1
DA:25,36
DA:26,36
DA:27,36
DA:28,36
DA:29,36
DA:30,0
DA:31,0
DA:32,36
DA:33,1
DA:34,1
DA:35,4
DA:36,4
DA:37,4
DA:38,4
DA:39,0
DA:40,0
DA:41,4
DA:42,1
DA:43,1
DA:44,4
DA:45,4
DA:46,4
DA:47,4
DA:48,8
DA:49,4
DA:50,4
DA:51,4
DA:52,4
DA:53,0
DA:54,0
DA:55,0
DA:56,0
DA:57,0
DA:58,0
DA:59,0
DA:60,0
DA:61,0
DA:62,0
DA:63,0
DA:64,0
DA:65,0
DA:66,0
DA:67,0
DA:68,0
DA:69,0
DA:70,4
DA:71,0
DA:72,0
DA:73,4
DA:74,4
DA:75,4
DA:76,4
DA:77,4
DA:78,0
DA:79,0
DA:80,4
DA:81,1
DA:82,1
DA:83,0
DA:84,0
DA:85,0
DA:86,0
DA:87,0
DA:88,0
DA:89,0
DA:90,0
DA:91,0
DA:92,0
DA:93,0
DA:94,0
DA:95,0
DA:96,0
DA:97,0
DA:98,0
DA:99,0
DA:100,0
DA:101,0
DA:102,0
DA:103,0
DA:104,0
DA:105,0
DA:106,0
DA:107,1
DA:108,1
DA:109,0
DA:110,0
DA:111,0
DA:112,0
DA:113,0
DA:114,0
DA:115,0
DA:116,1
DA:117,1
DA:118,540
DA:119,540
DA:120,540
DA:121,540
DA:122,540
DA:123,540
DA:124,288
DA:125,288
DA:126,540
DA:127,72
DA:128,72
DA:129,540
DA:130,72
DA:131,72
DA:132,540
DA:133,72
DA:134,72
DA:135,540
DA:136,36
DA:137,36
DA:138,540
DA:139,0
DA:140,0
DA:141,540
DA:142,0
DA:143,540
DA:144,540
DA:145,540
DA:146,0
DA:147,0
DA:148,540
DA:149,1
DA:150,1
DA:151,288
DA:152,288
DA:153,288
DA:154,288
DA:155,288
DA:156,288
DA:157,288
DA:158,288
DA:159,288
DA:160,288
DA:161,288
DA:162,288
DA:163,288
DA:164,288
DA:165,144
DA:166,120
DA:167,120
DA:168,120
DA:169,144
DA:170,144
DA:171,132
DA:172,132
DA:173,132
DA:174,144
DA:175,288
DA:176,288
DA:177,288
DA:178,1
DA:179,1
DA:180,9
DA:181,9
DA:182,9
DA:183,9
DA:184,9
DA:185,9
DA:186,9
DA:187,9
DA:188,0
DA:189,0
DA:190,9
DA:191,0
DA:192,0
DA:193,9
DA:194,0
DA:195,0
DA:196,0
DA:197,0
DA:198,0
DA:199,0
DA:200,0
DA:201,0
DA:202,0
DA:203,0
DA:204,0
DA:205,1
DA:206,1
DA:207,72
DA:208,72
DA:209,144
DA:210,288
DA:211,288
DA:212,288
DA:213,42
DA:214,42
DA:215,288
DA:216,136
DA:217,136
DA:218,288
DA:219,144
DA:220,72
DA:221,72
DA:222,1
DA:223,1
DA:224,72
DA:225,72
DA:226,72
DA:227,1
DA:228,1
DA:229,72
DA:230,72
DA:231,72
DA:232,1
DA:233,1
DA:234,36
DA:235,36
DA:236,36
DA:237,1
DA:238,1
DA:239,189
DA:240,189
DA:241,189
DA:242,936
DA:243,1080
DA:244,1080
DA:245,1080
DA:246,152
DA:247,152
DA:248,152
DA:249,1080
DA:250,224
DA:251,224
DA:252,1080
DA:253,249
DA:254,249
DA:255,936
DA:256,189
DA:257,189
DA:258,1
DA:259,1
DA:260,9
DA:261,9
DA:262,9
DA:263,9
DA:264,9
DA:265,9
DA:266,9
DA:267,9
DA:268,9
DA:269,288
DA:270,288
DA:271,288
DA:272,288
DA:273,288
DA:274,0
DA:275,0
DA:276,288
DA:277,18
DA:278,9
DA:279,9
DA:280,18
DA:281,288
DA:282,270
DA:283,270
DA:284,270
DA:285,270
DA:286,270
DA:287,288
DA:288,9
DA:289,9
DA:290,9
DA:291,9
DA:292,9
DA:293,9
DA:294,9
DA:295,9
DA:296,0
DA:297,0
DA:298,0
DA:299,0
DA:300,0
DA:301,0
DA:302,0
DA:303,0
DA:304,0
DA:305,0
DA:306,0
DA:307,0
DA:308,0
DA:309,0
DA:310,0
DA:311,0
DA:312,0
DA:313,0
DA:314,0
DA:315,0
DA:316,0
DA:317,0
DA:318,0
DA:319,0
DA:320,0
DA:321,0
DA:322,0
DA:323,0
DA:324,0
DA:325,0
DA:326,0
DA:327,0
DA:328,0
DA:329,0
DA:330,0
DA:331,0
DA:332,0
DA:333,9
DA:334,9
DA:335,9
DA:336,9
DA:337,9
DA:338,9
DA:339,1
DA:340,1
DA:341,0
DA:342,0
DA:343,0
DA:344,0
DA:345,0
DA:346,0
DA:347,0
DA:348,0
DA:349,0
DA:350,0
DA:351,0
DA:352,0
DA:353,0
DA:354,0
DA:355,0
DA:356,0
DA:357,0
DA:358,0
DA:359,0
DA:360,0
DA:361,0
DA:362,0
DA:363,0
DA:364,0
DA:365,0
DA:366,0
DA:367,0
DA:368,0
DA:369,0
DA:370,0
DA:371,0
DA:372,0
DA:373,0
DA:374,0
DA:375,0
DA:376,0
DA:377,0
DA:378,0
DA:379,0
DA:380,0
DA:381,0
DA:382,0
DA:383,0
DA:384,0
DA:385,0
DA:386,0
DA:387,0
DA:388,1
DA:389,1
DA:390,0
DA:391,0
DA:392,0
DA:393,0
DA:394,0
DA:395,0
DA:396,0
DA:397,0
DA:398,0
DA:399,0
DA:400,0
DA:401,0
DA:402,0
DA:403,0
DA:404,0
DA:405,0
DA:406,0
DA:407,0
DA:408,0
DA:409,0
DA:410,0
DA:411,0
DA:412,0
DA:413,0
DA:414,0
DA:415,0
DA:416,0
DA:417,0
DA:418,0
DA:419,0
DA:420,0
DA:421,0
DA:422,0
DA:423,0
DA:424,0
DA:425,0
DA:426,0
DA:427,0
DA:428,0
DA:429,0
DA:430,0
DA:431,0
DA:432,0
DA:433,0
DA:434,0
DA:435,0
DA:436,0
DA:437,0
DA:438,0
DA:439,0
DA:440,0
DA:441,0
DA:442,1
DA:443,1
DA:444,0
DA:445,0
DA:446,0
DA:447,0
DA:448,0
DA:449,0
DA:450,0
DA:451,0
DA:452,0
DA:453,0
DA:454,0
DA:455,0
DA:456,1
DA:457,1
DA:458,1
DA:459,1
DA:460,1
DA:461,1
DA:462,1
DA:463,1
DA:464,18
DA:465,18
DA:466,1
DA:467,1
DA:468,0
DA:469,0
DA:470,1
DA:471,1
DA:472,270
DA:473,666
DA:474,666
DA:475,270
DA:476,1
DA:477,1
DA:478,0
DA:479,0
DA:480,1
DA:481,1
DA:482,0
DA:483,0
DA:484,1
DA:485,1
DA:486,1
DA:487,2790
DA:488,2790
DA:489,2790
DA:490,2790
DA:491,2790
DA:492,2790
DA:493,1894
DA:494,1894
DA:495,2790
DA:496,896
DA:497,896
LF:497
LH:265
BRDA:11,0,0,1
BRDA:15,1,0,3991
BRDA:17,2,0,81
BRDA:18,3,0,3910
BRDA:19,4,0,81
BRDA:24,5,0,36
BRDA:26,6,0,0
BRDA:26,7,0,0
BRDA:29,8,0,0
BRDA:34,9,0,4
BRDA:36,10,0,0
BRDA:38,11,0,0
BRDA:43,12,0,4
BRDA:45,13,0,0
BRDA:46,14,0,0
BRDA:50,15,0,0
BRDA:52,16,0,0
BRDA:70,17,0,0
BRDA:77,18,0,0
BRDA:47,19,0,8
BRDA:117,20,0,540
BRDA:121,21,0,0
BRDA:123,22,0,288
BRDA:126,23,0,72
BRDA:129,24,0,72
BRDA:132,25,0,72
BRDA:135,26,0,36
BRDA:138,27,0,0
BRDA:141,28,0,0
BRDA:145,29,0,0
BRDA:150,30,0,288
BRDA:153,31,0,144
BRDA:153,32,0,144
BRDA:160,33,0,20
BRDA:160,34,0,0
BRDA:162,35,0,36
BRDA:162,36,0,0
BRDA:164,37,0,144
BRDA:165,38,0,120
BRDA:165,39,0,120
BRDA:167,40,0,116
BRDA:170,41,0,132
BRDA:170,42,0,132
BRDA:179,43,0,9
BRDA:187,44,0,0
BRDA:187,45,0,0
BRDA:190,46,0,0
BRDA:194,47,0,0
BRDA:206,48,0,72
BRDA:208,49,0,144
BRDA:209,50,0,288
BRDA:212,51,0,72
BRDA:212,52,0,60
BRDA:212,53,0,60
BRDA:212,54,0,30
BRDA:212,55,0,42
BRDA:215,56,0,144
BRDA:215,57,0,16
BRDA:215,58,0,16
BRDA:215,59,0,8
BRDA:215,60,0,136
BRDA:223,61,0,72
BRDA:228,62,0,72
BRDA:233,63,0,36
BRDA:238,64,0,189
BRDA:241,65,0,936
BRDA:242,66,0,1080
BRDA:244,67,0,455
BRDA:245,68,0,625
BRDA:245,69,0,152
BRDA:249,70,0,473
BRDA:249,71,0,461
BRDA:249,72,0,212
BRDA:249,73,0,224
BRDA:252,74,0,249
BRDA:259,75,0,9
BRDA:268,76,0,288
BRDA:272,77,0,0
BRDA:273,78,0,0
BRDA:276,79,0,18
BRDA:277,80,0,9
BRDA:280,81,0,9
BRDA:281,82,0,270
BRDA:284,83,0,135
BRDA:285,84,0,135
BRDA:289,85,0,0
BRDA:290,86,0,0
BRDA:295,87,0,0
BRDA:295,88,0,0
BRDA:463,89,0,18
BRDA:471,90,0,270
BRDA:472,91,0,666
BRDA:487,92,0,2790
BRDA:492,93,0,2634
BRDA:492,94,0,2453
BRDA:492,95,0,2156
BRDA:492,96,0,1894
BRDA:495,97,0,896
BRF:98
BRH:71
end_of_record
TN:
SF:src/pieces.ts
FN:7,Piece
FN:17,getPlayer
FN:23,Pawn
FN:25,getType
FN:32,getType
FN:38,getType
FN:43,Rook
FN:45,getType
FN:49,setMoved
FN:53,hasMoved
FN:59,getType
FN:64,King
FN:66,getType
FN:70,setMoved
FN:74,hasMoved
FN:81,K
FN:82,Q
FN:83,N
FN:84,R
FN:85,P
FN:86,B
FNF:21
FNH:18
FNDA:32,Piece
FNDA:2370,getPlayer
FNDA:16,Pawn
FNDA:438,getType
FNDA:108,getType
FNDA:57,getType
FNDA:4,Rook
FNDA:108,getType
FNDA:0,setMoved
FNDA:0,hasMoved
FNDA:108,getType
FNDA:2,King
FNDA:18,getType
FNDA:0,setMoved
FNDA:9,hasMoved
FNDA:2,K
FNDA:2,Q
FNDA:4,N
FNDA:4,R
FNDA:16,P
FNDA:4,B
DA:1,1
DA:2,1
DA:3,1
DA:4,1
DA:5,1
DA:6,1
DA:7,1
DA:8,32
DA:9,32
DA:10,32
DA:11,0
DA:12,0
DA:13,32
DA:14,1
DA:15,1
DA:16,1
DA:17,1
DA:18,2370
DA:19,2370
DA:20,1
DA:21,1
DA:22,1
DA:23,16
DA:24,16
DA:25,16
DA:26,438
DA:27,438
DA:28,16
DA:29,16
DA:30,1
DA:31,1
DA:32,1
DA:33,108
DA:34,108
DA:35,1
DA:36,1
DA:37,1
DA:38,1
DA:39,57
DA:40,57
DA:41,1
DA:42,1
DA:43,4
DA:44,4
DA:45,4
DA:46,108
DA:47,108
DA:48,4
DA:49,4
DA:50,0
DA:51,0
DA:52,4
DA:53,4
DA:54,0
DA:55,0
DA:56,4
DA:57,1
DA:58,1
DA:59,1
DA:60,108
DA:61,108
DA:62,1
DA:63,1
DA:64,2
DA:65,2
DA:66,2
DA:67,18
DA:68,18
DA:69,2
DA:70,2
DA:71,0
DA:72,0
DA:73,2
DA:74,2
DA:75,9
DA:76,9
DA:77,2
DA:78,1
DA:79,1
DA:80,1
DA:81,1
DA:82,1
DA:83,1
DA:84,1
DA:85,1
DA:86,1
DA:87,1
DA:88,1
DA:89,1
LF:89
LH:81
BRDA:7,0,0,32
BRDA:10,1,0,0
BRDA:17,2,0,2370
BRDA:23,3,0,16
BRDA:25,4,0,438
BRDA:32,5,0,108
BRDA:38,6,0,57
BRDA:43,7,0,4
BRDA:45,8,0,108
BRDA:59,9,0,108
BRDA:64,10,0,2
BRDA:66,11,0,18
BRDA:74,12,0,9
BRDA:81,13,0,2
BRDA:82,14,0,2
BRDA:83,15,0,4
BRDA:84,16,0,4
BRDA:85,17,0,16
BRDA:86,18,0,4
BRF:19
BRH:18
end_of_record
TN:
SF:src/position.ts
FN:11,Position
FN:25,getRow
FN:29,getColumn
FN:33,compareValue
FN:42,compareValueToPosition
FNF:5
FNH:5
FNDA:2227,Position
FNDA:3078,getRow
FNDA:2790,getColumn
FNDA:4963,compareValue
FNDA:288,compareValueToPosition
DA:1,1
DA:2,1
DA:3,1
DA:4,1
DA:5,1
DA:6,1
DA:7,1
DA:8,1
DA:9,1
DA:10,1
DA:11,1
DA:12,2227
DA:13,2227
DA:14,0
DA:15,2227
DA:16,0
DA:17,0
DA:18,2227
DA:19,2227
DA:20,2227
DA:21,0
DA:22,0
DA:23,2227
DA:24,1
DA:25,1
DA:26,3078
DA:27,3078
DA:28,1
DA:29,1
DA:30,2790
DA:31,2790
DA:32,1
DA:33,1
DA:34,4963
DA:35,4963
DA:36,4963
DA:37,4963
DA:38,0
DA:39,0
DA:40,4963
DA:41,1
DA:42,1
DA:43,288
DA:44,288
DA:45,288
DA:46,288
DA:47,288
DA:48,288
DA:49,288
DA:50,288
DA:51,0
DA:52,0
DA:53,288
DA:54,1
DA:55,1
DA:56,1
DA:57,1
DA:58,1
DA:59,1
DA:60,1
DA:61,1
DA:62,1
DA:63,1
LF:63
LH:54
BRDA:11,0,0,2227
BRDA:13,1,0,0
BRDA:15,2,0,0
BRDA:20,3,0,0
BRDA:25,4,0,3078
BRDA:29,5,0,2790
BRDA:33,6,0,4963
BRDA:37,7,0,0
BRDA:42,8,0,288
BRDA:44,9,0,0
BRDA:50,10,0,0
BRF:11
BRH:5
end_of_record
