TN:
SF:src\board.ts
FN:9,Board
FN:14,createNewBoard
FN:47,getState
FN:51,printState
FN:69,getPiece
FN:74,setPiece
FN:83,getMoves
FN:87,move
FN:105,getResult
FNF:9
FNH:6
FNDA:1,Board
FNDA:1,createNewBoard
FNDA:0,getState
FNDA:0,printState
FNDA:5,getPiece
FNDA:32,setPiece
FNDA:0,getMoves
FNDA:4,move
FNDA:1,getResult
DA:1,1
DA:2,1
DA:3,1
DA:4,1
DA:5,1
DA:6,1
DA:7,1
DA:8,1
DA:9,1
DA:10,1
DA:11,1
DA:12,1
DA:13,1
DA:14,1
DA:15,1
DA:16,1
DA:17,1
DA:18,8
DA:19,8
DA:20,8
DA:21,8
DA:22,8
DA:23,1
DA:24,1
DA:25,1
DA:26,1
DA:27,1
DA:28,1
DA:29,1
DA:30,1
DA:31,1
DA:32,1
DA:33,1
DA:34,1
DA:35,1
DA:36,1
DA:37,1
DA:38,1
DA:39,1
DA:40,1
DA:41,1
DA:42,0
DA:43,0
DA:44,1
DA:45,1
DA:46,1
DA:47,1
DA:48,0
DA:49,0
DA:50,1
DA:51,1
DA:52,0
DA:53,0
DA:54,0
DA:55,0
DA:56,0
DA:57,0
DA:58,0
DA:59,0
DA:60,0
DA:61,0
DA:62,0
DA:63,0
DA:64,0
DA:65,1
DA:66,1
DA:67,1
DA:68,1
DA:69,1
DA:70,5
DA:71,5
DA:72,1
DA:73,1
DA:74,1
DA:75,32
DA:76,32
DA:77,32
DA:78,32
DA:79,0
DA:80,0
DA:81,32
DA:82,1
DA:83,1
DA:84,0
DA:85,0
DA:86,1
DA:87,1
DA:88,4
DA:89,4
DA:90,4
DA:91,4
DA:92,4
DA:93,0
DA:94,4
DA:95,0
DA:96,0
DA:97,4
DA:98,4
DA:99,4
DA:100,4
DA:101,0
DA:102,0
DA:103,4
DA:104,1
DA:105,1
DA:106,1
DA:107,0
DA:108,1
DA:109,1
DA:110,1
DA:111,1
DA:112,1
DA:113,1
DA:114,1
LF:114
LH:87
BRDA:9,0,0,1
BRDA:14,1,0,1
BRDA:17,2,0,8
BRDA:41,3,0,0
BRDA:69,4,0,5
BRDA:74,5,0,32
BRDA:78,6,0,0
BRDA:87,7,0,4
BRDA:90,8,0,0
BRDA:92,9,0,2
BRDA:92,10,0,0
BRDA:94,11,0,2
BRDA:94,12,0,0
BRDA:100,13,0,0
BRDA:105,14,0,1
BRDA:107,15,0,0
BRF:16
BRH:9
end_of_record
TN:
SF:src\logger.ts
FNF:0
FNH:0
DA:1,1
DA:2,1
DA:3,1
DA:4,1
DA:5,1
DA:6,1
DA:7,1
DA:8,1
DA:9,1
DA:10,1
DA:11,1
DA:12,1
DA:13,1
DA:14,1
DA:15,1
DA:16,1
DA:17,1
DA:18,1
DA:19,1
DA:20,1
DA:21,1
DA:22,1
DA:23,1
LF:23
LH:23
BRF:0
BRH:0
end_of_record
TN:
SF:src\pieceState.ts
FN:11,pieceState
FN:16,get
FN:25,set
FN:36,del
FN:45,move
FN:101,toMatrix
FN:127,getMoves
FN:137,validMoves
FN:170,validPawnMoves
FN:204,validKingMoves
FN:236,validKnightMoves
FN:258,validBishopMoves
FN:263,validRookMoves
FN:268,validQueenMoves
FN:273,validateCombinationOfMoves
FN:299,updateCache
FN:383,backtrackThreats
FN:401,checkValidThreats
FN:432,backtrackThreatsPaths
FN:486,end
FN:506,PositionSet
FN:510,add
FN:514,addArray
FN:525,remove
FN:529,has
FN:535,movementCalculator
FNF:26
FNH:21
FNDA:1,pieceState
FNDA:4173,get
FNDA:36,set
FNDA:4,del
FNDA:4,move
FNDA:0,toMatrix
FNDA:0,getMoves
FNDA:540,validMoves
FNDA:288,validPawnMoves
FNDA:18,validKingMoves
FNDA:74,validKnightMoves
FNDA:74,validBishopMoves
FNDA:74,validRookMoves
FNDA:36,validQueenMoves
FNDA:202,validateCombinationOfMoves
FNDA:9,updateCache
FNDA:2,backtrackThreats
FNDA:6,checkValidThreats
FNDA:2,backtrackThreatsPaths
FNDA:0,end
FNDA:20,PositionSet
FNDA:0,add
FNDA:270,addArray
FNDA:0,remove
FNDA:24,has
FNDA:2948,movementCalculator
DA:1,1
DA:2,1
DA:3,1
DA:4,1
DA:5,1
DA:6,1
DA:7,1
DA:8,1
DA:9,1
DA:10,1
DA:11,1
DA:12,1
DA:13,1
DA:14,1
DA:15,1
DA:16,1
DA:17,4173
DA:18,4173
DA:19,4083
DA:20,4173
DA:21,90
DA:22,90
DA:23,4173
DA:24,1
DA:25,1
DA:26,36
DA:27,36
DA:28,36
DA:29,36
DA:30,36
DA:31,36
DA:32,0
DA:33,0
DA:34,36
DA:35,1
DA:36,1
DA:37,4
DA:38,4
DA:39,4
DA:40,4
DA:41,0
DA:42,0
DA:43,4
DA:44,1
DA:45,1
DA:46,4
DA:47,4
DA:48,4
DA:49,4
DA:50,4
DA:51,4
DA:52,4
DA:53,4
DA:54,4
DA:55,4
DA:56,4
DA:57,4
DA:58,4
DA:59,4
DA:60,4
DA:61,10
DA:62,4
DA:63,4
DA:64,4
DA:65,4
DA:66,4
DA:67,4
DA:68,4
DA:69,4
DA:70,0
DA:71,0
DA:72,0
DA:73,0
DA:74,0
DA:75,0
DA:76,0
DA:77,0
DA:78,0
DA:79,0
DA:80,0
DA:81,0
DA:82,0
DA:83,0
DA:84,0
DA:85,0
DA:86,0
DA:87,0
DA:88,4
DA:89,4
DA:90,0
DA:91,0
DA:92,4
DA:93,4
DA:94,4
DA:95,4
DA:96,4
DA:97,0
DA:98,0
DA:99,4
DA:100,1
DA:101,1
DA:102,0
DA:103,0
DA:104,0
DA:105,0
DA:106,0
DA:107,0
DA:108,0
DA:109,0
DA:110,0
DA:111,0
DA:112,0
DA:113,0
DA:114,0
DA:115,0
DA:116,0
DA:117,0
DA:118,0
DA:119,0
DA:120,0
DA:121,0
DA:122,0
DA:123,0
DA:124,0
DA:125,0
DA:126,1
DA:127,1
DA:128,0
DA:129,0
DA:130,0
DA:131,0
DA:132,0
DA:133,0
DA:134,0
DA:135,0
DA:136,1
DA:137,1
DA:138,540
DA:139,540
DA:140,540
DA:141,540
DA:142,540
DA:143,540
DA:144,288
DA:145,288
DA:146,540
DA:147,72
DA:148,72
DA:149,540
DA:150,72
DA:151,72
DA:152,540
DA:153,72
DA:154,72
DA:155,540
DA:156,36
DA:157,36
DA:158,540
DA:159,0
DA:160,0
DA:161,540
DA:162,0
DA:163,540
DA:164,540
DA:165,540
DA:166,0
DA:167,0
DA:168,540
DA:169,1
DA:170,1
DA:171,288
DA:172,288
DA:173,288
DA:174,288
DA:175,288
DA:176,288
DA:177,288
DA:178,288
DA:179,288
DA:180,288
DA:181,288
DA:182,288
DA:183,288
DA:184,288
DA:185,288
DA:186,144
DA:187,120
DA:188,120
DA:189,120
DA:190,144
DA:191,144
DA:192,132
DA:193,132
DA:194,132
DA:195,144
DA:196,288
DA:197,288
DA:198,288
DA:199,0
DA:200,0
DA:201,288
DA:202,288
DA:203,1
DA:204,1
DA:205,18
DA:206,18
DA:207,18
DA:208,18
DA:209,18
DA:210,18
DA:211,18
DA:212,18
DA:213,18
DA:214,0
DA:215,0
DA:216,18
DA:217,0
DA:218,0
DA:219,18
DA:220,0
DA:221,0
DA:222,0
DA:223,0
DA:224,0
DA:225,0
DA:226,0
DA:227,0
DA:228,0
DA:229,0
DA:230,18
DA:231,18
DA:232,18
DA:233,18
DA:234,18
DA:235,1
DA:236,1
DA:237,74
DA:238,74
DA:239,74
DA:240,148
DA:241,296
DA:242,296
DA:243,296
DA:244,44
DA:245,44
DA:246,296
DA:247,138
DA:248,138
DA:249,296
DA:250,148
DA:251,74
DA:252,74
DA:253,0
DA:254,0
DA:255,74
DA:256,74
DA:257,1
DA:258,1
DA:259,74
DA:260,74
DA:261,74
DA:262,1
DA:263,1
DA:264,74
DA:265,74
DA:266,74
DA:267,1
DA:268,1
DA:269,36
DA:270,36
DA:271,36
DA:272,1
DA:273,1
DA:274,202
DA:275,202
DA:276,202
DA:277,202
DA:278,1024
DA:279,1172
DA:280,1172
DA:281,1172
DA:282,164
DA:283,164
DA:284,164
DA:285,1172
DA:286,226
DA:287,226
DA:288,1172
DA:289,294
DA:290,294
DA:291,1024
DA:292,202
DA:293,202
DA:294,0
DA:295,0
DA:296,202
DA:297,202
DA:298,1
DA:299,1
DA:300,9
DA:301,9
DA:302,9
DA:303,9
DA:304,9
DA:305,9
DA:306,9
DA:307,9
DA:308,9
DA:309,288
DA:310,288
DA:311,288
DA:312,288
DA:313,288
DA:314,0
DA:315,0
DA:316,288
DA:317,18
DA:318,9
DA:319,9
DA:320,18
DA:321,288
DA:322,270
DA:323,270
DA:324,270
DA:325,270
DA:326,270
DA:327,288
DA:328,9
DA:329,9
DA:330,9
DA:331,9
DA:332,9
DA:333,9
DA:334,9
DA:335,9
DA:336,2
DA:337,2
DA:338,2
DA:339,2
DA:340,2
DA:341,2
DA:342,2
DA:343,2
DA:344,2
DA:345,0
DA:346,2
DA:347,2
DA:348,4
DA:349,4
DA:350,0
DA:351,0
DA:352,4
DA:353,4
DA:354,4
DA:355,4
DA:356,4
DA:357,4
DA:358,2
DA:359,2
DA:360,0
DA:361,0
DA:362,4
DA:363,4
DA:364,2
DA:365,4
DA:366,4
DA:367,0
DA:368,0
DA:369,4
DA:370,4
DA:371,0
DA:372,0
DA:373,2
DA:374,0
DA:375,0
DA:376,9
DA:377,9
DA:378,9
DA:379,2
DA:380,2
DA:381,9
DA:382,1
DA:383,1
DA:384,2
DA:385,2
DA:386,2
DA:387,2
DA:388,2
DA:389,2
DA:390,2
DA:391,2
DA:392,2
DA:393,2
DA:394,2
DA:395,2
DA:396,2
DA:397,2
DA:398,2
DA:399,2
DA:400,2
DA:401,2
DA:402,6
DA:403,10
DA:404,10
DA:405,2
DA:406,2
DA:407,10
DA:408,2
DA:409,10
DA:410,10
DA:411,2
DA:412,0
DA:413,2
DA:414,2
DA:415,2
DA:416,2
DA:417,2
DA:418,6
DA:419,6
DA:420,2
DA:421,2
DA:422,2
DA:423,2
DA:424,2
DA:425,2
DA:426,2
DA:427,2
DA:428,0
DA:429,0
DA:430,2
DA:431,1
DA:432,1
DA:433,2
DA:434,2
DA:435,2
DA:436,0
DA:437,0
DA:438,2
DA:439,0
DA:440,2
DA:441,2
DA:442,0
DA:443,0
DA:444,2
DA:445,2
DA:446,2
DA:447,2
DA:448,2
DA:449,0
DA:450,2
DA:451,2
DA:452,16
DA:453,16
DA:454,128
DA:455,128
DA:456,32
DA:457,32
DA:458,128
DA:459,16
DA:460,16
DA:461,16
DA:462,16
DA:463,128
DA:464,16
DA:465,128
DA:466,16
DA:467,16
DA:468,16
DA:469,128
DA:470,0
DA:471,0
DA:472,0
DA:473,0
DA:474,128
DA:475,128
DA:476,16
DA:477,2
DA:478,2
DA:479,2
DA:480,2
DA:481,2
DA:482,2
DA:483,2
DA:484,2
DA:485,1
DA:486,1
DA:487,0
DA:488,0
DA:489,0
DA:490,0
DA:491,0
DA:492,0
DA:493,0
DA:494,0
DA:495,0
DA:496,0
DA:497,0
DA:498,0
DA:499,1
DA:500,1
DA:501,1
DA:502,1
DA:503,1
DA:504,1
DA:505,1
DA:506,1
DA:507,20
DA:508,20
DA:509,1
DA:510,1
DA:511,0
DA:512,0
DA:513,1
DA:514,1
DA:515,270
DA:516,270
DA:517,666
DA:518,666
DA:519,270
DA:520,0
DA:521,0
DA:522,270
DA:523,270
DA:524,1
DA:525,1
DA:526,0
DA:527,0
DA:528,1
DA:529,1
DA:530,24
DA:531,24
DA:532,1
DA:533,1
DA:534,1
DA:535,2948
DA:536,2948
DA:537,2948
DA:538,2948
DA:539,2948
DA:540,2948
DA:541,1986
DA:542,1986
DA:543,2948
DA:544,962
DA:545,962
LF:545
LH:418
BRDA:11,0,0,1
BRDA:16,1,0,4173
BRDA:18,2,0,90
BRDA:19,3,0,4083
BRDA:20,4,0,90
BRDA:25,5,0,36
BRDA:27,6,0,0
BRDA:27,7,0,0
BRDA:29,8,0,0
BRDA:31,9,0,0
BRDA:36,10,0,4
BRDA:38,11,0,0
BRDA:40,12,0,0
BRDA:45,13,0,4
BRDA:47,14,0,0
BRDA:48,15,0,0
BRDA:51,16,0,0
BRDA:52,17,0,0
BRDA:52,18,0,0
BRDA:53,19,0,0
BRDA:54,20,0,0
BRDA:59,21,0,0
BRDA:67,22,0,0
BRDA:69,23,0,0
BRDA:89,24,0,0
BRDA:96,25,0,0
BRDA:60,26,0,10
BRDA:61,27,0,4
BRDA:137,28,0,540
BRDA:141,29,0,0
BRDA:143,30,0,288
BRDA:146,31,0,72
BRDA:149,32,0,72
BRDA:152,33,0,72
BRDA:155,34,0,36
BRDA:158,35,0,0
BRDA:161,36,0,0
BRDA:165,37,0,0
BRDA:170,38,0,288
BRDA:174,39,0,144
BRDA:174,40,0,144
BRDA:181,41,0,20
BRDA:181,42,0,0
BRDA:183,43,0,36
BRDA:183,44,0,0
BRDA:185,45,0,144
BRDA:186,46,0,120
BRDA:186,47,0,120
BRDA:188,48,0,116
BRDA:191,49,0,132
BRDA:191,50,0,132
BRDA:198,51,0,0
BRDA:204,52,0,18
BRDA:213,53,0,0
BRDA:213,54,0,0
BRDA:216,55,0,0
BRDA:220,56,0,0
BRDA:236,57,0,74
BRDA:239,58,0,148
BRDA:240,59,0,296
BRDA:243,60,0,76
BRDA:243,61,0,62
BRDA:243,62,0,62
BRDA:243,63,0,30
BRDA:243,64,0,44
BRDA:246,65,0,148
BRDA:246,66,0,18
BRDA:246,67,0,18
BRDA:246,68,0,8
BRDA:246,69,0,138
BRDA:252,70,0,0
BRDA:258,71,0,74
BRDA:263,72,0,74
BRDA:268,73,0,36
BRDA:273,74,0,202
BRDA:277,75,0,1024
BRDA:278,76,0,1172
BRDA:280,77,0,488
BRDA:281,78,0,684
BRDA:281,79,0,164
BRDA:285,80,0,520
BRDA:285,81,0,506
BRDA:285,82,0,212
BRDA:285,83,0,226
BRDA:288,84,0,294
BRDA:293,85,0,0
BRDA:299,86,0,9
BRDA:308,87,0,288
BRDA:312,88,0,0
BRDA:313,89,0,0
BRDA:316,90,0,18
BRDA:317,91,0,9
BRDA:320,92,0,9
BRDA:321,93,0,270
BRDA:324,94,0,135
BRDA:325,95,0,135
BRDA:329,96,0,0
BRDA:330,97,0,0
BRDA:335,98,0,2
BRDA:337,99,0,0
BRDA:338,100,0,0
BRDA:339,101,0,0
BRDA:344,102,0,0
BRDA:347,103,0,4
BRDA:349,104,0,0
BRDA:363,105,0,0
BRDA:364,106,0,2
BRDA:365,107,0,0
BRDA:366,108,0,0
BRDA:371,109,0,0
BRDA:373,110,0,0
BRDA:378,111,0,2
BRDA:357,112,0,2
BRDA:359,113,0,0
BRDA:383,114,0,2
BRDA:427,115,0,0
BRDA:401,116,0,6
BRDA:402,117,0,10
BRDA:404,118,0,8
BRDA:405,119,0,2
BRDA:407,120,0,0
BRDA:408,121,0,2
BRDA:409,122,0,0
BRDA:410,123,0,2
BRDA:410,124,0,2
BRDA:410,125,0,2
BRDA:411,126,0,0
BRDA:432,127,0,2
BRDA:435,128,0,0
BRDA:438,129,0,0
BRDA:441,130,0,0
BRDA:448,131,0,0
BRDA:451,132,0,16
BRDA:453,133,0,128
BRDA:455,134,0,96
BRDA:456,135,0,32
BRDA:458,136,0,16
BRDA:463,137,0,10
BRDA:463,138,0,0
BRDA:464,139,0,16
BRDA:465,140,0,12
BRDA:465,141,0,8
BRDA:465,142,0,4
BRDA:466,143,0,16
BRDA:469,144,0,0
BRDA:506,145,0,20
BRDA:514,146,0,270
BRDA:516,147,0,666
BRDA:519,148,0,0
BRDA:529,149,0,24
BRDA:535,150,0,2948
BRDA:540,151,0,2788
BRDA:540,152,0,2592
BRDA:540,153,0,2277
BRDA:540,154,0,1986
BRDA:543,155,0,962
BRF:156
BRH:99
end_of_record
TN:
SF:src\pieces.ts
FN:7,Piece
FN:17,getPlayer
FN:23,Pawn
FN:25,getType
FN:32,getType
FN:38,getType
FN:43,Rook
FN:45,getType
FN:49,setMoved
FN:53,hasMoved
FN:59,getType
FN:64,King
FN:66,getType
FN:70,setMoved
FN:74,hasMoved
FN:81,K
FN:82,Q
FN:83,N
FN:84,R
FN:85,P
FN:86,B
FNF:21
FNH:18
FNDA:32,Piece
FNDA:2446,getPlayer
FNDA:16,Pawn
FNDA:440,getType
FNDA:108,getType
FNDA:65,getType
FNDA:4,Rook
FNDA:110,getType
FNDA:0,setMoved
FNDA:0,hasMoved
FNDA:108,getType
FNDA:2,King
FNDA:18,getType
FNDA:0,setMoved
FNDA:18,hasMoved
FNDA:2,K
FNDA:2,Q
FNDA:4,N
FNDA:4,R
FNDA:16,P
FNDA:4,B
DA:1,1
DA:2,1
DA:3,1
DA:4,1
DA:5,1
DA:6,1
DA:7,1
DA:8,32
DA:9,32
DA:10,32
DA:11,0
DA:12,0
DA:13,32
DA:14,1
DA:15,1
DA:16,1
DA:17,1
DA:18,2446
DA:19,2446
DA:20,1
DA:21,1
DA:22,1
DA:23,16
DA:24,16
DA:25,16
DA:26,440
DA:27,440
DA:28,16
DA:29,16
DA:30,1
DA:31,1
DA:32,1
DA:33,108
DA:34,108
DA:35,1
DA:36,1
DA:37,1
DA:38,1
DA:39,65
DA:40,65
DA:41,1
DA:42,1
DA:43,4
DA:44,4
DA:45,4
DA:46,110
DA:47,110
DA:48,4
DA:49,4
DA:50,0
DA:51,0
DA:52,4
DA:53,4
DA:54,0
DA:55,0
DA:56,4
DA:57,1
DA:58,1
DA:59,1
DA:60,108
DA:61,108
DA:62,1
DA:63,1
DA:64,2
DA:65,2
DA:66,2
DA:67,18
DA:68,18
DA:69,2
DA:70,2
DA:71,0
DA:72,0
DA:73,2
DA:74,2
DA:75,18
DA:76,18
DA:77,2
DA:78,1
DA:79,1
DA:80,1
DA:81,1
DA:82,1
DA:83,1
DA:84,1
DA:85,1
DA:86,1
DA:87,1
DA:88,1
DA:89,1
LF:89
LH:81
BRDA:7,0,0,32
BRDA:10,1,0,0
BRDA:17,2,0,2446
BRDA:23,3,0,16
BRDA:25,4,0,440
BRDA:32,5,0,108
BRDA:38,6,0,65
BRDA:43,7,0,4
BRDA:45,8,0,110
BRDA:59,9,0,108
BRDA:64,10,0,2
BRDA:66,11,0,18
BRDA:74,12,0,18
BRDA:81,13,0,2
BRDA:82,14,0,2
BRDA:83,15,0,4
BRDA:84,16,0,4
BRDA:85,17,0,16
BRDA:86,18,0,4
BRF:19
BRH:18
end_of_record
TN:
SF:src\position.ts
FN:11,Position
FN:25,getRow
FN:29,getColumn
FN:33,compareValue
FN:42,compareValueToPosition
FNF:5
FNH:5
FNDA:2319,Position
FNDA:3236,getRow
FNDA:2948,getColumn
FNDA:5281,compareValue
FNDA:288,compareValueToPosition
DA:1,1
DA:2,1
DA:3,1
DA:4,1
DA:5,1
DA:6,1
DA:7,1
DA:8,1
DA:9,1
DA:10,1
DA:11,1
DA:12,2319
DA:13,2319
DA:14,0
DA:15,2319
DA:16,0
DA:17,0
DA:18,2319
DA:19,2319
DA:20,2319
DA:21,0
DA:22,0
DA:23,2319
DA:24,1
DA:25,1
DA:26,3236
DA:27,3236
DA:28,1
DA:29,1
DA:30,2948
DA:31,2948
DA:32,1
DA:33,1
DA:34,5281
DA:35,5281
DA:36,5281
DA:37,5281
DA:38,0
DA:39,0
DA:40,5281
DA:41,1
DA:42,1
DA:43,288
DA:44,288
DA:45,288
DA:46,288
DA:47,288
DA:48,288
DA:49,288
DA:50,288
DA:51,0
DA:52,0
DA:53,288
DA:54,1
DA:55,1
DA:56,1
DA:57,1
DA:58,1
DA:59,1
DA:60,1
DA:61,1
DA:62,1
DA:63,1
LF:63
LH:54
BRDA:11,0,0,2319
BRDA:13,1,0,0
BRDA:15,2,0,0
BRDA:20,3,0,0
BRDA:25,4,0,3236
BRDA:29,5,0,2948
BRDA:33,6,0,5281
BRDA:37,7,0,0
BRDA:42,8,0,288
BRDA:44,9,0,0
BRDA:50,10,0,0
BRF:11
BRH:5
end_of_record
